07:10:32.660 [nacos-grpc-client-executor-1914] INFO  c.a.n.c.r.client - [printIfInfoEnabled,60] - [513233cd-d5bc-4eee-9131-e3b57bfd4a55_config-0] Receive server push request, request = ClientDetectionRequest, requestId = 187
07:10:32.750 [nacos-grpc-client-executor-1914] INFO  c.a.n.c.r.client - [printIfInfoEnabled,60] - [513233cd-d5bc-4eee-9131-e3b57bfd4a55_config-0] Ack server push request, request = ClientDetectionRequest, requestId = 187
11:29:19.262 [nacos-grpc-client-executor-1981] INFO  c.a.n.c.r.client - [printIfInfoEnabled,60] - [6db86ac1-d4c6-4f40-83cc-0637f5367291] Receive server push request, request = ClientDetectionRequest, requestId = 201
11:29:19.288 [nacos-grpc-client-executor-1981] INFO  c.a.n.c.r.client - [printIfInfoEnabled,60] - [6db86ac1-d4c6-4f40-83cc-0637f5367291] Ack server push request, request = ClientDetectionRequest, requestId = 201
11:44:33.330 [SpringApplicationShutdownHook] INFO  o.q.c.QuartzScheduler - [standby,585] - Scheduler SSRTScheduler_$_hexudeMacBook-Air.local1647693306712 paused.
11:44:33.828 [SpringApplicationShutdownHook] INFO  c.a.c.n.r.NacosServiceRegistry - [deregister,90] - De-registering from Nacos Server now...
11:44:33.860 [SpringApplicationShutdownHook] INFO  c.a.c.n.r.NacosServiceRegistry - [deregister,110] - De-registration finished.
11:44:34.207 [SpringApplicationShutdownHook] INFO  c.a.n.c.r.client - [shutdown,454] - Shutdown rpc client, set status to shutdown
11:44:34.208 [SpringApplicationShutdownHook] INFO  c.a.n.c.r.client - [shutdown,456] - Shutdown client event executor java.util.concurrent.ScheduledThreadPoolExecutor@10d40ded[Running, pool size = 2, active threads = 2, queued tasks = 0, completed tasks = 0]
11:44:34.209 [SpringApplicationShutdownHook] INFO  c.a.n.c.r.client - [closeConnection,591] - Close current connection 1647693309085_127.0.0.1_49894
11:44:34.214 [nacos-grpc-client-executor-2207] INFO  c.a.n.c.r.c.g.GrpcClient - [printIfInfoEnabled,60] - [1647693309085_127.0.0.1_49894]Ignore complete event,isRunning:false,isAbandon=false
11:44:34.294 [SpringApplicationShutdownHook] INFO  c.a.n.c.r.c.g.GrpcClient - [shutdown,85] - Shutdown grpc executor java.util.concurrent.ThreadPoolExecutor@3091b5c9[Running, pool size = 7, active threads = 0, queued tasks = 0, completed tasks = 2208]
11:44:35.828 [SpringApplicationShutdownHook] INFO  o.q.c.QuartzScheduler - [shutdown,666] - Scheduler SSRTScheduler_$_hexudeMacBook-Air.local1647693306712 shutting down.
11:44:35.828 [SpringApplicationShutdownHook] INFO  o.q.c.QuartzScheduler - [standby,585] - Scheduler SSRTScheduler_$_hexudeMacBook-Air.local1647693306712 paused.
11:44:35.839 [SpringApplicationShutdownHook] INFO  o.q.c.QuartzScheduler - [shutdown,740] - Scheduler SSRTScheduler_$_hexudeMacBook-Air.local1647693306712 shutdown complete.
11:44:35.840 [SpringApplicationShutdownHook] INFO  c.z.h.HikariDataSource - [close,350] - HikariPool-1 - Shutdown initiated...
11:44:35.886 [SpringApplicationShutdownHook] INFO  c.z.h.HikariDataSource - [close,352] - HikariPool-1 - Shutdown completed.
11:45:20.774 [background-preinit] INFO  o.h.v.i.util.Version - [<clinit>,21] - HV000001: Hibernate Validator 6.2.2.Final
11:45:23.683 [main] INFO  c.a.n.c.r.client - [lambda$createClient$0,80] - [RpcClientFactory] create a new rpc client of 801aff84-bc04-4250-8ac8-bf16a9f2968d_config-0
11:45:23.993 [main] INFO  o.r.Reflections - [scan,232] - Reflections took 252 ms to scan 1 urls, producing 3 keys and 6 values 
11:45:24.151 [main] INFO  o.r.Reflections - [scan,232] - Reflections took 100 ms to scan 1 urls, producing 4 keys and 9 values 
11:45:24.273 [main] INFO  o.r.Reflections - [scan,232] - Reflections took 115 ms to scan 1 urls, producing 3 keys and 10 values 
11:45:25.428 [main] INFO  o.r.Reflections - [scan,232] - Reflections took 1150 ms to scan 200 urls, producing 0 keys and 0 values 
11:45:25.480 [main] INFO  o.r.Reflections - [scan,232] - Reflections took 48 ms to scan 1 urls, producing 1 keys and 5 values 
11:45:25.547 [main] INFO  o.r.Reflections - [scan,232] - Reflections took 45 ms to scan 1 urls, producing 1 keys and 7 values 
11:45:25.626 [main] INFO  o.r.Reflections - [scan,232] - Reflections took 62 ms to scan 1 urls, producing 2 keys and 8 values 
11:45:26.452 [main] INFO  o.r.Reflections - [scan,232] - Reflections took 816 ms to scan 200 urls, producing 0 keys and 0 values 
11:45:26.454 [main] INFO  c.a.n.c.r.client - [printIfInfoEnabled,60] - [801aff84-bc04-4250-8ac8-bf16a9f2968d_config-0] RpcClient init label, labels = {module=config, Vipserver-Tag=null, source=sdk, Amory-Tag=null, Location-Tag=null, taskId=0, AppName=unknown}
11:45:26.468 [main] INFO  c.a.n.c.r.client - [printIfInfoEnabled,60] - [801aff84-bc04-4250-8ac8-bf16a9f2968d_config-0] Register server push request handler:com.alibaba.nacos.client.config.impl.ClientWorker$ConfigRpcTransportClient$$Lambda$332/494894055
11:45:26.469 [main] INFO  c.a.n.c.r.client - [printIfInfoEnabled,60] - [801aff84-bc04-4250-8ac8-bf16a9f2968d_config-0] Register server push request handler:com.alibaba.nacos.client.config.impl.ClientWorker$ConfigRpcTransportClient$$Lambda$333/1123226989
11:45:26.470 [main] INFO  c.a.n.c.r.client - [printIfInfoEnabled,60] - [801aff84-bc04-4250-8ac8-bf16a9f2968d_config-0] Registry connection listener to current client:com.alibaba.nacos.client.config.impl.ClientWorker$ConfigRpcTransportClient$1
11:45:26.472 [main] INFO  c.a.n.c.r.client - [printIfInfoEnabled,60] - [801aff84-bc04-4250-8ac8-bf16a9f2968d_config-0] RpcClient init, ServerListFactory = com.alibaba.nacos.client.config.impl.ClientWorker$ConfigRpcTransportClient$2
11:45:26.490 [main] INFO  c.a.n.c.r.client - [printIfInfoEnabled,60] - [801aff84-bc04-4250-8ac8-bf16a9f2968d_config-0] Try to connect to server on start up, server: {serverIp = '127.0.0.1', server main port = 8848}
11:45:29.386 [main] INFO  c.a.n.c.r.client - [printIfInfoEnabled,60] - [801aff84-bc04-4250-8ac8-bf16a9f2968d_config-0] Success to connect to server [127.0.0.1:8848] on start up, connectionId = 1647747928875_127.0.0.1_53286
11:45:29.387 [com.alibaba.nacos.client.remote.worker] INFO  c.a.n.c.r.client - [printIfInfoEnabled,60] - [801aff84-bc04-4250-8ac8-bf16a9f2968d_config-0] Notify connected event to listeners.
11:45:29.388 [main] INFO  c.a.n.c.r.client - [printIfInfoEnabled,60] - [801aff84-bc04-4250-8ac8-bf16a9f2968d_config-0] Register server push request handler:com.alibaba.nacos.common.remote.client.RpcClient$ConnectResetRequestHandler
11:45:29.390 [main] INFO  c.a.n.c.r.client - [printIfInfoEnabled,60] - [801aff84-bc04-4250-8ac8-bf16a9f2968d_config-0] Register server push request handler:com.alibaba.nacos.common.remote.client.RpcClient$$Lambda$342/1012552887
11:45:29.590 [main] INFO  c.s.j.SSRTJobApplication - [logStartupProfileInfo,646] - The following 1 profile is active: "dev"
11:45:43.231 [main] INFO  o.a.c.h.Http11NioProtocol - [log,173] - Initializing ProtocolHandler ["http-nio-9203"]
11:45:43.235 [main] INFO  o.a.c.c.StandardService - [log,173] - Starting service [Tomcat]
11:45:43.236 [main] INFO  o.a.c.c.StandardEngine - [log,173] - Starting Servlet engine: [Apache Tomcat/9.0.58]
11:45:43.896 [main] INFO  o.a.c.c.C.[.[.[/] - [log,173] - Initializing Spring embedded WebApplicationContext
11:45:45.798 [main] INFO  o.q.i.StdSchedulerFactory - [instantiate,1220] - Using default implementation for ThreadExecutor
11:45:45.856 [main] INFO  o.q.c.SchedulerSignalerImpl - [<init>,61] - Initialized Scheduler Signaller of type: class org.quartz.core.SchedulerSignalerImpl
11:45:45.857 [main] INFO  o.q.c.QuartzScheduler - [<init>,229] - Quartz Scheduler v.2.3.2 created.
11:45:45.896 [main] INFO  c.z.h.HikariDataSource - [getConnection,110] - HikariPool-1 - Starting...
11:45:46.369 [main] INFO  c.z.h.HikariDataSource - [getConnection,123] - HikariPool-1 - Start completed.
11:45:46.406 [main] INFO  o.q.c.QuartzScheduler - [initialize,294] - Scheduler meta-data: Quartz Scheduler (v2.3.2) 'SSRTScheduler' with instanceId 'hexudeMacBook-Air.local1647747945806'
  Scheduler class: 'org.quartz.core.QuartzScheduler' - running locally.
  NOT STARTED.
  Currently in standby mode.
  Number of jobs executed: 0
  Using thread pool 'org.quartz.simpl.SimpleThreadPool' - with 20 threads.
  Using job-store 'org.springframework.scheduling.quartz.LocalDataSourceJobStore' - which supports persistence. and is clustered.

11:45:46.407 [main] INFO  o.q.i.StdSchedulerFactory - [instantiate,1374] - Quartz scheduler 'SSRTScheduler' initialized from an externally provided properties instance.
11:45:46.407 [main] INFO  o.q.i.StdSchedulerFactory - [instantiate,1378] - Quartz scheduler version: 2.3.2
11:45:46.412 [main] INFO  o.q.c.QuartzScheduler - [setJobFactory,2293] - JobFactory set to: org.springframework.scheduling.quartz.AdaptableJobFactory@25cde5bb
11:45:51.765 [main] INFO  c.a.n.c.r.client - [lambda$createClient$0,80] - [RpcClientFactory] create a new rpc client of 239fd563-590a-4320-897c-ec711b623bea
11:45:51.767 [main] INFO  c.a.n.c.r.client - [printIfInfoEnabled,60] - [239fd563-590a-4320-897c-ec711b623bea] RpcClient init label, labels = {module=naming, source=sdk}
11:45:51.772 [main] INFO  c.a.n.c.r.client - [printIfInfoEnabled,60] - [239fd563-590a-4320-897c-ec711b623bea] RpcClient init, ServerListFactory = com.alibaba.nacos.client.naming.core.ServerListManager
11:45:51.773 [main] INFO  c.a.n.c.r.client - [printIfInfoEnabled,60] - [239fd563-590a-4320-897c-ec711b623bea] Registry connection listener to current client:com.alibaba.nacos.client.naming.remote.gprc.redo.NamingGrpcRedoService
11:45:51.774 [main] INFO  c.a.n.c.r.client - [printIfInfoEnabled,60] - [239fd563-590a-4320-897c-ec711b623bea] Register server push request handler:com.alibaba.nacos.client.naming.remote.gprc.NamingPushRequestHandler
11:45:51.775 [main] INFO  c.a.n.c.r.client - [printIfInfoEnabled,60] - [239fd563-590a-4320-897c-ec711b623bea] Try to connect to server on start up, server: {serverIp = '127.0.0.1', server main port = 8848}
11:45:51.986 [main] INFO  c.a.n.c.r.client - [printIfInfoEnabled,60] - [239fd563-590a-4320-897c-ec711b623bea] Success to connect to server [127.0.0.1:8848] on start up, connectionId = 1647747951796_127.0.0.1_53322
11:45:51.988 [com.alibaba.nacos.client.remote.worker] INFO  c.a.n.c.r.client - [printIfInfoEnabled,60] - [239fd563-590a-4320-897c-ec711b623bea] Notify connected event to listeners.
11:45:51.988 [main] INFO  c.a.n.c.r.client - [printIfInfoEnabled,60] - [239fd563-590a-4320-897c-ec711b623bea] Register server push request handler:com.alibaba.nacos.common.remote.client.RpcClient$ConnectResetRequestHandler
11:45:51.990 [main] INFO  c.a.n.c.r.client - [printIfInfoEnabled,60] - [239fd563-590a-4320-897c-ec711b623bea] Register server push request handler:com.alibaba.nacos.common.remote.client.RpcClient$$Lambda$342/1012552887
11:45:57.310 [main] INFO  o.a.c.h.Http11NioProtocol - [log,173] - Starting ProtocolHandler ["http-nio-9203"]
11:45:57.494 [nacos-grpc-client-executor-9] INFO  c.a.n.c.r.client - [printIfInfoEnabled,60] - [239fd563-590a-4320-897c-ec711b623bea] Receive server push request, request = NotifySubscriberRequest, requestId = 236
11:45:57.498 [nacos-grpc-client-executor-9] INFO  c.a.n.c.r.client - [printIfInfoEnabled,60] - [239fd563-590a-4320-897c-ec711b623bea] Ack server push request, request = NotifySubscriberRequest, requestId = 236
11:45:57.609 [main] INFO  c.a.c.n.r.NacosServiceRegistry - [register,75] - nacos registry, DEFAULT_GROUP ssrt-job 192.168.1.4:9203 register finished
11:45:58.071 [nacos-grpc-client-executor-14] INFO  c.a.n.c.r.client - [printIfInfoEnabled,60] - [239fd563-590a-4320-897c-ec711b623bea] Receive server push request, request = NotifySubscriberRequest, requestId = 237
11:45:58.073 [nacos-grpc-client-executor-14] INFO  c.a.n.c.r.client - [printIfInfoEnabled,60] - [239fd563-590a-4320-897c-ec711b623bea] Ack server push request, request = NotifySubscriberRequest, requestId = 237
11:45:58.481 [main] INFO  c.s.j.SSRTJobApplication - [logStarted,61] - Started SSRTJobApplication in 40.282 seconds (JVM running for 44.536)
11:45:59.092 [RMI TCP Connection(8)-127.0.0.1] INFO  o.a.c.c.C.[.[.[/] - [log,173] - Initializing Spring DispatcherServlet 'dispatcherServlet'
11:45:59.504 [Quartz Scheduler [SSRTScheduler]] INFO  o.q.c.QuartzScheduler - [start,547] - Scheduler SSRTScheduler_$_hexudeMacBook-Air.local1647747945806 started.
11:52:27.584 [SpringApplicationShutdownHook] INFO  o.q.c.QuartzScheduler - [standby,585] - Scheduler SSRTScheduler_$_hexudeMacBook-Air.local1647747945806 paused.
11:52:27.810 [SpringApplicationShutdownHook] INFO  c.a.c.n.r.NacosServiceRegistry - [deregister,90] - De-registering from Nacos Server now...
11:52:27.827 [SpringApplicationShutdownHook] INFO  c.a.c.n.r.NacosServiceRegistry - [deregister,110] - De-registration finished.
11:52:28.144 [SpringApplicationShutdownHook] INFO  c.a.n.c.r.client - [shutdown,454] - Shutdown rpc client, set status to shutdown
11:52:28.148 [SpringApplicationShutdownHook] INFO  c.a.n.c.r.client - [shutdown,456] - Shutdown client event executor java.util.concurrent.ScheduledThreadPoolExecutor@53c5e64a[Running, pool size = 2, active threads = 2, queued tasks = 0, completed tasks = 0]
11:52:28.148 [SpringApplicationShutdownHook] INFO  c.a.n.c.r.client - [closeConnection,591] - Close current connection 1647747951796_127.0.0.1_53322
11:52:28.179 [SpringApplicationShutdownHook] INFO  c.a.n.c.r.c.g.GrpcClient - [shutdown,85] - Shutdown grpc executor java.util.concurrent.ThreadPoolExecutor@60e135d3[Running, pool size = 5, active threads = 0, queued tasks = 0, completed tasks = 140]
11:52:28.532 [SpringApplicationShutdownHook] INFO  o.q.c.QuartzScheduler - [shutdown,666] - Scheduler SSRTScheduler_$_hexudeMacBook-Air.local1647747945806 shutting down.
11:52:28.533 [SpringApplicationShutdownHook] INFO  o.q.c.QuartzScheduler - [standby,585] - Scheduler SSRTScheduler_$_hexudeMacBook-Air.local1647747945806 paused.
11:52:28.536 [SpringApplicationShutdownHook] INFO  o.q.c.QuartzScheduler - [shutdown,740] - Scheduler SSRTScheduler_$_hexudeMacBook-Air.local1647747945806 shutdown complete.
11:52:28.538 [SpringApplicationShutdownHook] INFO  c.z.h.HikariDataSource - [close,350] - HikariPool-1 - Shutdown initiated...
11:52:28.557 [SpringApplicationShutdownHook] INFO  c.z.h.HikariDataSource - [close,352] - HikariPool-1 - Shutdown completed.
11:52:55.631 [background-preinit] INFO  o.h.v.i.util.Version - [<clinit>,21] - HV000001: Hibernate Validator 6.2.2.Final
11:52:57.346 [main] INFO  c.a.n.c.r.client - [lambda$createClient$0,80] - [RpcClientFactory] create a new rpc client of 13a98c17-307b-447c-925b-252262b514dc_config-0
11:52:57.485 [main] INFO  o.r.Reflections - [scan,232] - Reflections took 100 ms to scan 1 urls, producing 3 keys and 6 values 
11:52:57.651 [main] INFO  o.r.Reflections - [scan,232] - Reflections took 94 ms to scan 1 urls, producing 4 keys and 9 values 
11:52:57.691 [main] INFO  o.r.Reflections - [scan,232] - Reflections took 33 ms to scan 1 urls, producing 3 keys and 10 values 
11:52:58.413 [main] INFO  o.r.Reflections - [scan,232] - Reflections took 715 ms to scan 200 urls, producing 0 keys and 0 values 
11:52:58.461 [main] INFO  o.r.Reflections - [scan,232] - Reflections took 47 ms to scan 1 urls, producing 1 keys and 5 values 
11:52:58.523 [main] INFO  o.r.Reflections - [scan,232] - Reflections took 48 ms to scan 1 urls, producing 1 keys and 7 values 
11:52:58.562 [main] INFO  o.r.Reflections - [scan,232] - Reflections took 31 ms to scan 1 urls, producing 2 keys and 8 values 
11:52:59.054 [main] INFO  o.r.Reflections - [scan,232] - Reflections took 486 ms to scan 200 urls, producing 0 keys and 0 values 
11:52:59.056 [main] INFO  c.a.n.c.r.client - [printIfInfoEnabled,60] - [13a98c17-307b-447c-925b-252262b514dc_config-0] RpcClient init label, labels = {module=config, Vipserver-Tag=null, source=sdk, Amory-Tag=null, Location-Tag=null, taskId=0, AppName=unknown}
11:52:59.058 [main] INFO  c.a.n.c.r.client - [printIfInfoEnabled,60] - [13a98c17-307b-447c-925b-252262b514dc_config-0] Register server push request handler:com.alibaba.nacos.client.config.impl.ClientWorker$ConfigRpcTransportClient$$Lambda$332/494894055
11:52:59.059 [main] INFO  c.a.n.c.r.client - [printIfInfoEnabled,60] - [13a98c17-307b-447c-925b-252262b514dc_config-0] Register server push request handler:com.alibaba.nacos.client.config.impl.ClientWorker$ConfigRpcTransportClient$$Lambda$333/1123226989
11:52:59.061 [main] INFO  c.a.n.c.r.client - [printIfInfoEnabled,60] - [13a98c17-307b-447c-925b-252262b514dc_config-0] Registry connection listener to current client:com.alibaba.nacos.client.config.impl.ClientWorker$ConfigRpcTransportClient$1
11:52:59.062 [main] INFO  c.a.n.c.r.client - [printIfInfoEnabled,60] - [13a98c17-307b-447c-925b-252262b514dc_config-0] RpcClient init, ServerListFactory = com.alibaba.nacos.client.config.impl.ClientWorker$ConfigRpcTransportClient$2
11:52:59.086 [main] INFO  c.a.n.c.r.client - [printIfInfoEnabled,60] - [13a98c17-307b-447c-925b-252262b514dc_config-0] Try to connect to server on start up, server: {serverIp = '127.0.0.1', server main port = 8848}
11:53:01.083 [main] INFO  c.a.n.c.r.client - [printIfInfoEnabled,60] - [13a98c17-307b-447c-925b-252262b514dc_config-0] Success to connect to server [127.0.0.1:8848] on start up, connectionId = 1647748380680_127.0.0.1_53545
11:53:01.085 [main] INFO  c.a.n.c.r.client - [printIfInfoEnabled,60] - [13a98c17-307b-447c-925b-252262b514dc_config-0] Register server push request handler:com.alibaba.nacos.common.remote.client.RpcClient$ConnectResetRequestHandler
11:53:01.086 [main] INFO  c.a.n.c.r.client - [printIfInfoEnabled,60] - [13a98c17-307b-447c-925b-252262b514dc_config-0] Register server push request handler:com.alibaba.nacos.common.remote.client.RpcClient$$Lambda$342/1012552887
11:53:01.091 [com.alibaba.nacos.client.remote.worker] INFO  c.a.n.c.r.client - [printIfInfoEnabled,60] - [13a98c17-307b-447c-925b-252262b514dc_config-0] Notify connected event to listeners.
11:53:01.275 [main] INFO  c.s.j.SSRTJobApplication - [logStartupProfileInfo,646] - The following 1 profile is active: "dev"
11:53:13.251 [main] INFO  o.a.c.h.Http11NioProtocol - [log,173] - Initializing ProtocolHandler ["http-nio-9203"]
11:53:13.269 [main] INFO  o.a.c.c.StandardService - [log,173] - Starting service [Tomcat]
11:53:13.270 [main] INFO  o.a.c.c.StandardEngine - [log,173] - Starting Servlet engine: [Apache Tomcat/9.0.58]
11:53:13.912 [main] INFO  o.a.c.c.C.[.[.[/] - [log,173] - Initializing Spring embedded WebApplicationContext
11:53:16.795 [main] INFO  o.q.i.StdSchedulerFactory - [instantiate,1220] - Using default implementation for ThreadExecutor
11:53:16.851 [main] INFO  o.q.c.SchedulerSignalerImpl - [<init>,61] - Initialized Scheduler Signaller of type: class org.quartz.core.SchedulerSignalerImpl
11:53:16.852 [main] INFO  o.q.c.QuartzScheduler - [<init>,229] - Quartz Scheduler v.2.3.2 created.
11:53:16.917 [main] INFO  c.z.h.HikariDataSource - [getConnection,110] - HikariPool-1 - Starting...
11:53:17.735 [main] INFO  c.z.h.HikariDataSource - [getConnection,123] - HikariPool-1 - Start completed.
11:53:17.770 [main] INFO  o.q.c.QuartzScheduler - [initialize,294] - Scheduler meta-data: Quartz Scheduler (v2.3.2) 'SSRTScheduler' with instanceId 'hexudeMacBook-Air.local1647748396811'
  Scheduler class: 'org.quartz.core.QuartzScheduler' - running locally.
  NOT STARTED.
  Currently in standby mode.
  Number of jobs executed: 0
  Using thread pool 'org.quartz.simpl.SimpleThreadPool' - with 20 threads.
  Using job-store 'org.springframework.scheduling.quartz.LocalDataSourceJobStore' - which supports persistence. and is clustered.

11:53:17.771 [main] INFO  o.q.i.StdSchedulerFactory - [instantiate,1374] - Quartz scheduler 'SSRTScheduler' initialized from an externally provided properties instance.
11:53:17.772 [main] INFO  o.q.i.StdSchedulerFactory - [instantiate,1378] - Quartz scheduler version: 2.3.2
11:53:17.776 [main] INFO  o.q.c.QuartzScheduler - [setJobFactory,2293] - JobFactory set to: org.springframework.scheduling.quartz.AdaptableJobFactory@25cde5bb
11:53:26.732 [main] INFO  c.a.n.c.r.client - [lambda$createClient$0,80] - [RpcClientFactory] create a new rpc client of c4573f0c-8fc6-4dfc-83d2-51904712fe15
11:53:26.735 [main] INFO  c.a.n.c.r.client - [printIfInfoEnabled,60] - [c4573f0c-8fc6-4dfc-83d2-51904712fe15] RpcClient init label, labels = {module=naming, source=sdk}
11:53:26.741 [main] INFO  c.a.n.c.r.client - [printIfInfoEnabled,60] - [c4573f0c-8fc6-4dfc-83d2-51904712fe15] RpcClient init, ServerListFactory = com.alibaba.nacos.client.naming.core.ServerListManager
11:53:26.742 [main] INFO  c.a.n.c.r.client - [printIfInfoEnabled,60] - [c4573f0c-8fc6-4dfc-83d2-51904712fe15] Registry connection listener to current client:com.alibaba.nacos.client.naming.remote.gprc.redo.NamingGrpcRedoService
11:53:26.744 [main] INFO  c.a.n.c.r.client - [printIfInfoEnabled,60] - [c4573f0c-8fc6-4dfc-83d2-51904712fe15] Register server push request handler:com.alibaba.nacos.client.naming.remote.gprc.NamingPushRequestHandler
11:53:26.749 [main] INFO  c.a.n.c.r.client - [printIfInfoEnabled,60] - [c4573f0c-8fc6-4dfc-83d2-51904712fe15] Try to connect to server on start up, server: {serverIp = '127.0.0.1', server main port = 8848}
11:53:26.903 [main] INFO  c.a.n.c.r.client - [printIfInfoEnabled,60] - [c4573f0c-8fc6-4dfc-83d2-51904712fe15] Success to connect to server [127.0.0.1:8848] on start up, connectionId = 1647748406766_127.0.0.1_53593
11:53:26.905 [com.alibaba.nacos.client.remote.worker] INFO  c.a.n.c.r.client - [printIfInfoEnabled,60] - [c4573f0c-8fc6-4dfc-83d2-51904712fe15] Notify connected event to listeners.
11:53:26.908 [main] INFO  c.a.n.c.r.client - [printIfInfoEnabled,60] - [c4573f0c-8fc6-4dfc-83d2-51904712fe15] Register server push request handler:com.alibaba.nacos.common.remote.client.RpcClient$ConnectResetRequestHandler
11:53:26.909 [main] INFO  c.a.n.c.r.client - [printIfInfoEnabled,60] - [c4573f0c-8fc6-4dfc-83d2-51904712fe15] Register server push request handler:com.alibaba.nacos.common.remote.client.RpcClient$$Lambda$342/1012552887
11:53:37.864 [main] INFO  o.a.c.h.Http11NioProtocol - [log,173] - Starting ProtocolHandler ["http-nio-9203"]
11:53:38.025 [main] INFO  c.a.c.n.r.NacosServiceRegistry - [register,75] - nacos registry, DEFAULT_GROUP ssrt-job 192.168.1.4:9203 register finished
11:53:38.313 [nacos-grpc-client-executor-15] INFO  c.a.n.c.r.client - [printIfInfoEnabled,60] - [c4573f0c-8fc6-4dfc-83d2-51904712fe15] Receive server push request, request = NotifySubscriberRequest, requestId = 267
11:53:38.342 [nacos-grpc-client-executor-15] INFO  c.a.n.c.r.client - [printIfInfoEnabled,60] - [c4573f0c-8fc6-4dfc-83d2-51904712fe15] Ack server push request, request = NotifySubscriberRequest, requestId = 267
11:53:40.142 [main] INFO  c.s.j.SSRTJobApplication - [logStarted,61] - Started SSRTJobApplication in 46.324 seconds (JVM running for 49.424)
11:53:40.291 [RMI TCP Connection(11)-127.0.0.1] INFO  o.a.c.c.C.[.[.[/] - [log,173] - Initializing Spring DispatcherServlet 'dispatcherServlet'
11:53:41.073 [Quartz Scheduler [SSRTScheduler]] INFO  o.q.c.QuartzScheduler - [start,547] - Scheduler SSRTScheduler_$_hexudeMacBook-Air.local1647748396811 started.
12:23:53.504 [SpringApplicationShutdownHook] INFO  o.q.c.QuartzScheduler - [standby,585] - Scheduler SSRTScheduler_$_hexudeMacBook-Air.local1647748396811 paused.
12:23:54.163 [SpringApplicationShutdownHook] INFO  c.a.c.n.r.NacosServiceRegistry - [deregister,90] - De-registering from Nacos Server now...
12:23:54.176 [SpringApplicationShutdownHook] INFO  c.a.c.n.r.NacosServiceRegistry - [deregister,110] - De-registration finished.
12:23:54.501 [SpringApplicationShutdownHook] INFO  c.a.n.c.r.client - [shutdown,454] - Shutdown rpc client, set status to shutdown
12:23:54.502 [SpringApplicationShutdownHook] INFO  c.a.n.c.r.client - [shutdown,456] - Shutdown client event executor java.util.concurrent.ScheduledThreadPoolExecutor@3c2e756f[Running, pool size = 2, active threads = 2, queued tasks = 0, completed tasks = 0]
12:23:54.502 [SpringApplicationShutdownHook] INFO  c.a.n.c.r.client - [closeConnection,591] - Close current connection 1647748406766_127.0.0.1_53593
12:23:54.509 [nacos-grpc-client-executor-511] INFO  c.a.n.c.r.c.g.GrpcClient - [printIfInfoEnabled,60] - [1647748406766_127.0.0.1_53593]Ignore complete event,isRunning:false,isAbandon=false
12:23:54.537 [SpringApplicationShutdownHook] INFO  c.a.n.c.r.c.g.GrpcClient - [shutdown,85] - Shutdown grpc executor java.util.concurrent.ThreadPoolExecutor@62a0b1a4[Running, pool size = 6, active threads = 0, queued tasks = 0, completed tasks = 512]
12:23:54.877 [SpringApplicationShutdownHook] INFO  o.q.c.QuartzScheduler - [shutdown,666] - Scheduler SSRTScheduler_$_hexudeMacBook-Air.local1647748396811 shutting down.
12:23:54.879 [SpringApplicationShutdownHook] INFO  o.q.c.QuartzScheduler - [standby,585] - Scheduler SSRTScheduler_$_hexudeMacBook-Air.local1647748396811 paused.
12:23:54.882 [SpringApplicationShutdownHook] INFO  o.q.c.QuartzScheduler - [shutdown,740] - Scheduler SSRTScheduler_$_hexudeMacBook-Air.local1647748396811 shutdown complete.
12:23:54.891 [SpringApplicationShutdownHook] INFO  c.z.h.HikariDataSource - [close,350] - HikariPool-1 - Shutdown initiated...
12:23:55.013 [SpringApplicationShutdownHook] INFO  c.z.h.HikariDataSource - [close,352] - HikariPool-1 - Shutdown completed.
12:24:33.810 [background-preinit] INFO  o.h.v.i.util.Version - [<clinit>,21] - HV000001: Hibernate Validator 6.2.2.Final
12:24:36.248 [main] INFO  c.a.n.c.r.client - [lambda$createClient$0,80] - [RpcClientFactory] create a new rpc client of 456ffff4-c43e-487f-b162-fd6f93450460_config-0
12:24:36.602 [main] INFO  o.r.Reflections - [scan,232] - Reflections took 220 ms to scan 1 urls, producing 3 keys and 6 values 
12:24:36.776 [main] INFO  o.r.Reflections - [scan,232] - Reflections took 114 ms to scan 1 urls, producing 4 keys and 9 values 
12:24:36.844 [main] INFO  o.r.Reflections - [scan,232] - Reflections took 62 ms to scan 1 urls, producing 3 keys and 10 values 
12:24:37.769 [main] INFO  o.r.Reflections - [scan,232] - Reflections took 909 ms to scan 200 urls, producing 0 keys and 0 values 
12:24:37.807 [main] INFO  o.r.Reflections - [scan,232] - Reflections took 36 ms to scan 1 urls, producing 1 keys and 5 values 
12:24:37.859 [main] INFO  o.r.Reflections - [scan,232] - Reflections took 45 ms to scan 1 urls, producing 1 keys and 7 values 
12:24:37.972 [main] INFO  o.r.Reflections - [scan,232] - Reflections took 107 ms to scan 1 urls, producing 2 keys and 8 values 
12:24:38.732 [main] INFO  o.r.Reflections - [scan,232] - Reflections took 743 ms to scan 200 urls, producing 0 keys and 0 values 
12:24:38.734 [main] INFO  c.a.n.c.r.client - [printIfInfoEnabled,60] - [456ffff4-c43e-487f-b162-fd6f93450460_config-0] RpcClient init label, labels = {module=config, Vipserver-Tag=null, source=sdk, Amory-Tag=null, Location-Tag=null, taskId=0, AppName=unknown}
12:24:38.736 [main] INFO  c.a.n.c.r.client - [printIfInfoEnabled,60] - [456ffff4-c43e-487f-b162-fd6f93450460_config-0] Register server push request handler:com.alibaba.nacos.client.config.impl.ClientWorker$ConfigRpcTransportClient$$Lambda$332/494894055
12:24:38.736 [main] INFO  c.a.n.c.r.client - [printIfInfoEnabled,60] - [456ffff4-c43e-487f-b162-fd6f93450460_config-0] Register server push request handler:com.alibaba.nacos.client.config.impl.ClientWorker$ConfigRpcTransportClient$$Lambda$333/1123226989
12:24:38.738 [main] INFO  c.a.n.c.r.client - [printIfInfoEnabled,60] - [456ffff4-c43e-487f-b162-fd6f93450460_config-0] Registry connection listener to current client:com.alibaba.nacos.client.config.impl.ClientWorker$ConfigRpcTransportClient$1
12:24:38.740 [main] INFO  c.a.n.c.r.client - [printIfInfoEnabled,60] - [456ffff4-c43e-487f-b162-fd6f93450460_config-0] RpcClient init, ServerListFactory = com.alibaba.nacos.client.config.impl.ClientWorker$ConfigRpcTransportClient$2
12:24:38.758 [main] INFO  c.a.n.c.r.client - [printIfInfoEnabled,60] - [456ffff4-c43e-487f-b162-fd6f93450460_config-0] Try to connect to server on start up, server: {serverIp = '127.0.0.1', server main port = 8848}
12:24:41.443 [main] INFO  c.a.n.c.r.client - [printIfInfoEnabled,60] - [456ffff4-c43e-487f-b162-fd6f93450460_config-0] Success to connect to server [127.0.0.1:8848] on start up, connectionId = 1647750280967_127.0.0.1_54329
12:24:41.444 [com.alibaba.nacos.client.remote.worker] INFO  c.a.n.c.r.client - [printIfInfoEnabled,60] - [456ffff4-c43e-487f-b162-fd6f93450460_config-0] Notify connected event to listeners.
12:24:41.445 [main] INFO  c.a.n.c.r.client - [printIfInfoEnabled,60] - [456ffff4-c43e-487f-b162-fd6f93450460_config-0] Register server push request handler:com.alibaba.nacos.common.remote.client.RpcClient$ConnectResetRequestHandler
12:24:41.447 [main] INFO  c.a.n.c.r.client - [printIfInfoEnabled,60] - [456ffff4-c43e-487f-b162-fd6f93450460_config-0] Register server push request handler:com.alibaba.nacos.common.remote.client.RpcClient$$Lambda$342/1643299824
12:24:41.644 [main] INFO  c.s.j.SSRTJobApplication - [logStartupProfileInfo,646] - The following 1 profile is active: "dev"
12:24:55.676 [main] INFO  o.a.c.h.Http11NioProtocol - [log,173] - Initializing ProtocolHandler ["http-nio-9203"]
12:24:55.679 [main] INFO  o.a.c.c.StandardService - [log,173] - Starting service [Tomcat]
12:24:55.679 [main] INFO  o.a.c.c.StandardEngine - [log,173] - Starting Servlet engine: [Apache Tomcat/9.0.58]
12:24:56.474 [main] INFO  o.a.c.c.C.[.[.[/] - [log,173] - Initializing Spring embedded WebApplicationContext
12:24:56.820 [com.alibaba.nacos.client.remote.worker] INFO  c.a.n.c.r.client - [printIfInfoEnabled,60] - [456ffff4-c43e-487f-b162-fd6f93450460_config-0] Server healthy check fail, currentConnection = 1647750280967_127.0.0.1_54329
12:24:56.821 [com.alibaba.nacos.client.remote.worker] INFO  c.a.n.c.r.client - [printIfInfoEnabled,60] - [456ffff4-c43e-487f-b162-fd6f93450460_config-0] Try to reconnect to a new server, server is  not appointed, will choose a random server.
12:24:57.970 [com.alibaba.nacos.client.remote.worker] INFO  c.a.n.c.r.client - [printIfInfoEnabled,60] - [456ffff4-c43e-487f-b162-fd6f93450460_config-0] Success to connect a server [127.0.0.1:8848], connectionId = 1647750297678_127.0.0.1_54359
12:24:57.971 [com.alibaba.nacos.client.remote.worker] INFO  c.a.n.c.r.client - [printIfInfoEnabled,60] - [456ffff4-c43e-487f-b162-fd6f93450460_config-0] Abandon prev connection, server is 127.0.0.1:8848, connectionId is 1647750280967_127.0.0.1_54329
12:24:57.971 [com.alibaba.nacos.client.remote.worker] INFO  c.a.n.c.r.client - [closeConnection,591] - Close current connection 1647750280967_127.0.0.1_54329
12:24:57.973 [nacos-grpc-client-executor-26] INFO  c.a.n.c.r.c.g.GrpcClient - [printIfInfoEnabled,60] - [1647750280967_127.0.0.1_54329]Ignore complete event,isRunning:false,isAbandon=true
12:24:58.027 [com.alibaba.nacos.client.remote.worker] INFO  c.a.n.c.r.client - [printIfInfoEnabled,60] - [456ffff4-c43e-487f-b162-fd6f93450460_config-0] Notify disconnected event to listeners
12:24:58.029 [com.alibaba.nacos.client.remote.worker] INFO  c.a.n.c.r.client - [printIfInfoEnabled,60] - [456ffff4-c43e-487f-b162-fd6f93450460_config-0] Notify connected event to listeners.
12:24:59.539 [main] INFO  o.q.i.StdSchedulerFactory - [instantiate,1220] - Using default implementation for ThreadExecutor
12:24:59.587 [main] INFO  o.q.c.SchedulerSignalerImpl - [<init>,61] - Initialized Scheduler Signaller of type: class org.quartz.core.SchedulerSignalerImpl
12:24:59.588 [main] INFO  o.q.c.QuartzScheduler - [<init>,229] - Quartz Scheduler v.2.3.2 created.
12:24:59.615 [main] INFO  c.z.h.HikariDataSource - [getConnection,110] - HikariPool-1 - Starting...
12:25:00.328 [main] INFO  c.z.h.HikariDataSource - [getConnection,123] - HikariPool-1 - Start completed.
12:25:00.369 [main] INFO  o.q.c.QuartzScheduler - [initialize,294] - Scheduler meta-data: Quartz Scheduler (v2.3.2) 'SSRTScheduler' with instanceId 'hexudeMacBook-Air.local1647750299545'
  Scheduler class: 'org.quartz.core.QuartzScheduler' - running locally.
  NOT STARTED.
  Currently in standby mode.
  Number of jobs executed: 0
  Using thread pool 'org.quartz.simpl.SimpleThreadPool' - with 20 threads.
  Using job-store 'org.springframework.scheduling.quartz.LocalDataSourceJobStore' - which supports persistence. and is clustered.

12:25:00.370 [main] INFO  o.q.i.StdSchedulerFactory - [instantiate,1374] - Quartz scheduler 'SSRTScheduler' initialized from an externally provided properties instance.
12:25:00.371 [main] INFO  o.q.i.StdSchedulerFactory - [instantiate,1378] - Quartz scheduler version: 2.3.2
12:25:00.375 [main] INFO  o.q.c.QuartzScheduler - [setJobFactory,2293] - JobFactory set to: org.springframework.scheduling.quartz.AdaptableJobFactory@30d15e4a
12:25:09.759 [main] INFO  c.a.n.c.r.client - [lambda$createClient$0,80] - [RpcClientFactory] create a new rpc client of e22a482c-cf52-4922-959a-612a0749870a
12:25:09.769 [main] INFO  c.a.n.c.r.client - [printIfInfoEnabled,60] - [e22a482c-cf52-4922-959a-612a0749870a] RpcClient init label, labels = {module=naming, source=sdk}
12:25:09.775 [main] INFO  c.a.n.c.r.client - [printIfInfoEnabled,60] - [e22a482c-cf52-4922-959a-612a0749870a] RpcClient init, ServerListFactory = com.alibaba.nacos.client.naming.core.ServerListManager
12:25:09.776 [main] INFO  c.a.n.c.r.client - [printIfInfoEnabled,60] - [e22a482c-cf52-4922-959a-612a0749870a] Registry connection listener to current client:com.alibaba.nacos.client.naming.remote.gprc.redo.NamingGrpcRedoService
12:25:09.779 [main] INFO  c.a.n.c.r.client - [printIfInfoEnabled,60] - [e22a482c-cf52-4922-959a-612a0749870a] Register server push request handler:com.alibaba.nacos.client.naming.remote.gprc.NamingPushRequestHandler
12:25:09.787 [main] INFO  c.a.n.c.r.client - [printIfInfoEnabled,60] - [e22a482c-cf52-4922-959a-612a0749870a] Try to connect to server on start up, server: {serverIp = '127.0.0.1', server main port = 8848}
12:25:09.985 [main] INFO  c.a.n.c.r.client - [printIfInfoEnabled,60] - [e22a482c-cf52-4922-959a-612a0749870a] Success to connect to server [127.0.0.1:8848] on start up, connectionId = 1647750309872_127.0.0.1_54386
12:25:09.989 [com.alibaba.nacos.client.remote.worker] INFO  c.a.n.c.r.client - [printIfInfoEnabled,60] - [e22a482c-cf52-4922-959a-612a0749870a] Notify connected event to listeners.
12:25:09.989 [main] INFO  c.a.n.c.r.client - [printIfInfoEnabled,60] - [e22a482c-cf52-4922-959a-612a0749870a] Register server push request handler:com.alibaba.nacos.common.remote.client.RpcClient$ConnectResetRequestHandler
12:25:09.994 [main] INFO  c.a.n.c.r.client - [printIfInfoEnabled,60] - [e22a482c-cf52-4922-959a-612a0749870a] Register server push request handler:com.alibaba.nacos.common.remote.client.RpcClient$$Lambda$342/1643299824
12:25:23.850 [main] INFO  o.a.c.h.Http11NioProtocol - [log,173] - Starting ProtocolHandler ["http-nio-9203"]
12:25:24.075 [nacos-grpc-client-executor-12] INFO  c.a.n.c.r.client - [printIfInfoEnabled,60] - [e22a482c-cf52-4922-959a-612a0749870a] Receive server push request, request = NotifySubscriberRequest, requestId = 303
12:25:24.077 [nacos-grpc-client-executor-12] INFO  c.a.n.c.r.client - [printIfInfoEnabled,60] - [e22a482c-cf52-4922-959a-612a0749870a] Ack server push request, request = NotifySubscriberRequest, requestId = 303
12:25:24.151 [main] INFO  c.a.c.n.r.NacosServiceRegistry - [register,75] - nacos registry, DEFAULT_GROUP ssrt-job 192.168.1.4:9203 register finished
12:25:24.662 [nacos-grpc-client-executor-17] INFO  c.a.n.c.r.client - [printIfInfoEnabled,60] - [e22a482c-cf52-4922-959a-612a0749870a] Receive server push request, request = NotifySubscriberRequest, requestId = 304
12:25:24.683 [nacos-grpc-client-executor-17] INFO  c.a.n.c.r.client - [printIfInfoEnabled,60] - [e22a482c-cf52-4922-959a-612a0749870a] Ack server push request, request = NotifySubscriberRequest, requestId = 304
12:25:26.676 [main] INFO  c.s.j.SSRTJobApplication - [logStarted,61] - Started SSRTJobApplication in 55.031 seconds (JVM running for 58.894)
12:25:27.564 [Quartz Scheduler [SSRTScheduler]] INFO  o.q.c.QuartzScheduler - [start,547] - Scheduler SSRTScheduler_$_hexudeMacBook-Air.local1647750299545 started.
12:25:34.047 [RMI TCP Connection(10)-127.0.0.1] INFO  o.a.c.c.C.[.[.[/] - [log,173] - Initializing Spring DispatcherServlet 'dispatcherServlet'
12:59:48.183 [SpringApplicationShutdownHook] INFO  o.q.c.QuartzScheduler - [standby,585] - Scheduler SSRTScheduler_$_hexudeMacBook-Air.local1647750299545 paused.
12:59:49.803 [SpringApplicationShutdownHook] INFO  c.a.c.n.r.NacosServiceRegistry - [deregister,90] - De-registering from Nacos Server now...
12:59:49.832 [SpringApplicationShutdownHook] INFO  c.a.c.n.r.NacosServiceRegistry - [deregister,110] - De-registration finished.
12:59:50.179 [SpringApplicationShutdownHook] INFO  c.a.n.c.r.client - [shutdown,454] - Shutdown rpc client, set status to shutdown
12:59:50.181 [SpringApplicationShutdownHook] INFO  c.a.n.c.r.client - [shutdown,456] - Shutdown client event executor java.util.concurrent.ScheduledThreadPoolExecutor@1d910a5b[Running, pool size = 2, active threads = 2, queued tasks = 0, completed tasks = 0]
12:59:50.182 [SpringApplicationShutdownHook] INFO  c.a.n.c.r.client - [closeConnection,591] - Close current connection 1647750309872_127.0.0.1_54386
12:59:50.188 [nacos-grpc-client-executor-551] INFO  c.a.n.c.r.c.g.GrpcClient - [printIfInfoEnabled,60] - [1647750309872_127.0.0.1_54386]Ignore complete event,isRunning:false,isAbandon=false
12:59:50.191 [SpringApplicationShutdownHook] INFO  c.a.n.c.r.c.g.GrpcClient - [shutdown,85] - Shutdown grpc executor java.util.concurrent.ThreadPoolExecutor@4a9cbdb7[Running, pool size = 6, active threads = 0, queued tasks = 0, completed tasks = 552]
12:59:50.538 [SpringApplicationShutdownHook] INFO  o.q.c.QuartzScheduler - [shutdown,666] - Scheduler SSRTScheduler_$_hexudeMacBook-Air.local1647750299545 shutting down.
12:59:50.542 [SpringApplicationShutdownHook] INFO  o.q.c.QuartzScheduler - [standby,585] - Scheduler SSRTScheduler_$_hexudeMacBook-Air.local1647750299545 paused.
12:59:50.553 [SpringApplicationShutdownHook] INFO  o.q.c.QuartzScheduler - [shutdown,740] - Scheduler SSRTScheduler_$_hexudeMacBook-Air.local1647750299545 shutdown complete.
12:59:50.573 [SpringApplicationShutdownHook] INFO  c.z.h.HikariDataSource - [close,350] - HikariPool-1 - Shutdown initiated...
12:59:50.746 [SpringApplicationShutdownHook] INFO  c.z.h.HikariDataSource - [close,352] - HikariPool-1 - Shutdown completed.
13:00:21.704 [background-preinit] INFO  o.h.v.i.util.Version - [<clinit>,21] - HV000001: Hibernate Validator 6.2.2.Final
13:00:23.998 [main] INFO  c.a.n.c.r.client - [lambda$createClient$0,80] - [RpcClientFactory] create a new rpc client of 76243907-f789-44db-ac86-873e8a50765d_config-0
13:00:24.248 [main] INFO  o.r.Reflections - [scan,232] - Reflections took 188 ms to scan 1 urls, producing 3 keys and 6 values 
13:00:24.383 [main] INFO  o.r.Reflections - [scan,232] - Reflections took 68 ms to scan 1 urls, producing 4 keys and 9 values 
13:00:24.466 [main] INFO  o.r.Reflections - [scan,232] - Reflections took 72 ms to scan 1 urls, producing 3 keys and 10 values 
13:00:25.523 [main] INFO  o.r.Reflections - [scan,232] - Reflections took 1051 ms to scan 200 urls, producing 0 keys and 0 values 
13:00:25.603 [main] INFO  o.r.Reflections - [scan,232] - Reflections took 76 ms to scan 1 urls, producing 1 keys and 5 values 
13:00:25.684 [main] INFO  o.r.Reflections - [scan,232] - Reflections took 77 ms to scan 1 urls, producing 1 keys and 7 values 
13:00:25.753 [main] INFO  o.r.Reflections - [scan,232] - Reflections took 63 ms to scan 1 urls, producing 2 keys and 8 values 
13:00:26.430 [main] INFO  o.r.Reflections - [scan,232] - Reflections took 668 ms to scan 200 urls, producing 0 keys and 0 values 
13:00:26.432 [main] INFO  c.a.n.c.r.client - [printIfInfoEnabled,60] - [76243907-f789-44db-ac86-873e8a50765d_config-0] RpcClient init label, labels = {module=config, Vipserver-Tag=null, source=sdk, Amory-Tag=null, Location-Tag=null, taskId=0, AppName=unknown}
13:00:26.434 [main] INFO  c.a.n.c.r.client - [printIfInfoEnabled,60] - [76243907-f789-44db-ac86-873e8a50765d_config-0] Register server push request handler:com.alibaba.nacos.client.config.impl.ClientWorker$ConfigRpcTransportClient$$Lambda$332/1123226989
13:00:26.438 [main] INFO  c.a.n.c.r.client - [printIfInfoEnabled,60] - [76243907-f789-44db-ac86-873e8a50765d_config-0] Register server push request handler:com.alibaba.nacos.client.config.impl.ClientWorker$ConfigRpcTransportClient$$Lambda$333/500885941
13:00:26.439 [main] INFO  c.a.n.c.r.client - [printIfInfoEnabled,60] - [76243907-f789-44db-ac86-873e8a50765d_config-0] Registry connection listener to current client:com.alibaba.nacos.client.config.impl.ClientWorker$ConfigRpcTransportClient$1
13:00:26.441 [main] INFO  c.a.n.c.r.client - [printIfInfoEnabled,60] - [76243907-f789-44db-ac86-873e8a50765d_config-0] RpcClient init, ServerListFactory = com.alibaba.nacos.client.config.impl.ClientWorker$ConfigRpcTransportClient$2
13:00:26.494 [main] INFO  c.a.n.c.r.client - [printIfInfoEnabled,60] - [76243907-f789-44db-ac86-873e8a50765d_config-0] Try to connect to server on start up, server: {serverIp = '127.0.0.1', server main port = 8848}
13:00:28.993 [main] INFO  c.a.n.c.r.client - [printIfInfoEnabled,60] - [76243907-f789-44db-ac86-873e8a50765d_config-0] Success to connect to server [127.0.0.1:8848] on start up, connectionId = 1647752428493_127.0.0.1_55249
13:00:28.994 [com.alibaba.nacos.client.remote.worker] INFO  c.a.n.c.r.client - [printIfInfoEnabled,60] - [76243907-f789-44db-ac86-873e8a50765d_config-0] Notify connected event to listeners.
13:00:28.995 [main] INFO  c.a.n.c.r.client - [printIfInfoEnabled,60] - [76243907-f789-44db-ac86-873e8a50765d_config-0] Register server push request handler:com.alibaba.nacos.common.remote.client.RpcClient$ConnectResetRequestHandler
13:00:28.997 [main] INFO  c.a.n.c.r.client - [printIfInfoEnabled,60] - [76243907-f789-44db-ac86-873e8a50765d_config-0] Register server push request handler:com.alibaba.nacos.common.remote.client.RpcClient$$Lambda$342/688988404
13:00:29.215 [main] INFO  c.s.j.SSRTJobApplication - [logStartupProfileInfo,646] - The following 1 profile is active: "dev"
13:00:43.146 [main] INFO  o.a.c.h.Http11NioProtocol - [log,173] - Initializing ProtocolHandler ["http-nio-9203"]
13:00:43.164 [main] INFO  o.a.c.c.StandardService - [log,173] - Starting service [Tomcat]
13:00:43.165 [main] INFO  o.a.c.c.StandardEngine - [log,173] - Starting Servlet engine: [Apache Tomcat/9.0.58]
13:00:44.062 [main] INFO  o.a.c.c.C.[.[.[/] - [log,173] - Initializing Spring embedded WebApplicationContext
13:00:46.475 [main] INFO  o.q.i.StdSchedulerFactory - [instantiate,1220] - Using default implementation for ThreadExecutor
13:00:46.607 [main] INFO  o.q.c.SchedulerSignalerImpl - [<init>,61] - Initialized Scheduler Signaller of type: class org.quartz.core.SchedulerSignalerImpl
13:00:46.608 [main] INFO  o.q.c.QuartzScheduler - [<init>,229] - Quartz Scheduler v.2.3.2 created.
13:00:46.663 [main] INFO  c.z.h.HikariDataSource - [getConnection,110] - HikariPool-1 - Starting...
13:00:47.346 [main] INFO  c.z.h.HikariDataSource - [getConnection,123] - HikariPool-1 - Start completed.
13:00:47.384 [main] INFO  o.q.c.QuartzScheduler - [initialize,294] - Scheduler meta-data: Quartz Scheduler (v2.3.2) 'SSRTScheduler' with instanceId 'hexudeMacBook-Air.local1647752446533'
  Scheduler class: 'org.quartz.core.QuartzScheduler' - running locally.
  NOT STARTED.
  Currently in standby mode.
  Number of jobs executed: 0
  Using thread pool 'org.quartz.simpl.SimpleThreadPool' - with 20 threads.
  Using job-store 'org.springframework.scheduling.quartz.LocalDataSourceJobStore' - which supports persistence. and is clustered.

13:00:47.385 [main] INFO  o.q.i.StdSchedulerFactory - [instantiate,1374] - Quartz scheduler 'SSRTScheduler' initialized from an externally provided properties instance.
13:00:47.385 [main] INFO  o.q.i.StdSchedulerFactory - [instantiate,1378] - Quartz scheduler version: 2.3.2
13:00:47.390 [main] INFO  o.q.c.QuartzScheduler - [setJobFactory,2293] - JobFactory set to: org.springframework.scheduling.quartz.AdaptableJobFactory@38a96593
13:00:55.984 [main] INFO  c.a.n.c.r.client - [lambda$createClient$0,80] - [RpcClientFactory] create a new rpc client of 34300c85-d7bc-4ff1-9796-4fa7e1f5aca3
13:00:55.985 [main] INFO  c.a.n.c.r.client - [printIfInfoEnabled,60] - [34300c85-d7bc-4ff1-9796-4fa7e1f5aca3] RpcClient init label, labels = {module=naming, source=sdk}
13:00:55.989 [main] INFO  c.a.n.c.r.client - [printIfInfoEnabled,60] - [34300c85-d7bc-4ff1-9796-4fa7e1f5aca3] RpcClient init, ServerListFactory = com.alibaba.nacos.client.naming.core.ServerListManager
13:00:55.991 [main] INFO  c.a.n.c.r.client - [printIfInfoEnabled,60] - [34300c85-d7bc-4ff1-9796-4fa7e1f5aca3] Registry connection listener to current client:com.alibaba.nacos.client.naming.remote.gprc.redo.NamingGrpcRedoService
13:00:55.993 [main] INFO  c.a.n.c.r.client - [printIfInfoEnabled,60] - [34300c85-d7bc-4ff1-9796-4fa7e1f5aca3] Register server push request handler:com.alibaba.nacos.client.naming.remote.gprc.NamingPushRequestHandler
13:00:55.995 [main] INFO  c.a.n.c.r.client - [printIfInfoEnabled,60] - [34300c85-d7bc-4ff1-9796-4fa7e1f5aca3] Try to connect to server on start up, server: {serverIp = '127.0.0.1', server main port = 8848}
13:00:56.131 [main] INFO  c.a.n.c.r.client - [printIfInfoEnabled,60] - [34300c85-d7bc-4ff1-9796-4fa7e1f5aca3] Success to connect to server [127.0.0.1:8848] on start up, connectionId = 1647752456014_127.0.0.1_55310
13:00:56.132 [com.alibaba.nacos.client.remote.worker] INFO  c.a.n.c.r.client - [printIfInfoEnabled,60] - [34300c85-d7bc-4ff1-9796-4fa7e1f5aca3] Notify connected event to listeners.
13:00:56.132 [main] INFO  c.a.n.c.r.client - [printIfInfoEnabled,60] - [34300c85-d7bc-4ff1-9796-4fa7e1f5aca3] Register server push request handler:com.alibaba.nacos.common.remote.client.RpcClient$ConnectResetRequestHandler
13:00:56.134 [main] INFO  c.a.n.c.r.client - [printIfInfoEnabled,60] - [34300c85-d7bc-4ff1-9796-4fa7e1f5aca3] Register server push request handler:com.alibaba.nacos.common.remote.client.RpcClient$$Lambda$342/688988404
13:01:14.378 [main] INFO  o.a.c.h.Http11NioProtocol - [log,173] - Starting ProtocolHandler ["http-nio-9203"]
13:01:14.491 [main] INFO  c.a.c.n.r.NacosServiceRegistry - [register,75] - nacos registry, DEFAULT_GROUP ssrt-job 192.168.1.4:9203 register finished
13:01:14.702 [nacos-grpc-client-executor-15] INFO  c.a.n.c.r.client - [printIfInfoEnabled,60] - [34300c85-d7bc-4ff1-9796-4fa7e1f5aca3] Receive server push request, request = NotifySubscriberRequest, requestId = 336
13:01:14.722 [nacos-grpc-client-executor-15] INFO  c.a.n.c.r.client - [printIfInfoEnabled,60] - [34300c85-d7bc-4ff1-9796-4fa7e1f5aca3] Ack server push request, request = NotifySubscriberRequest, requestId = 336
13:01:16.439 [main] INFO  c.s.j.SSRTJobApplication - [logStarted,61] - Started SSRTJobApplication in 56.916 seconds (JVM running for 59.67)
13:01:17.058 [RMI TCP Connection(12)-127.0.0.1] INFO  o.a.c.c.C.[.[.[/] - [log,173] - Initializing Spring DispatcherServlet 'dispatcherServlet'
13:01:17.394 [Quartz Scheduler [SSRTScheduler]] INFO  o.q.c.QuartzScheduler - [start,547] - Scheduler SSRTScheduler_$_hexudeMacBook-Air.local1647752446533 started.
13:30:16.665 [nacos-grpc-client-executor-303] INFO  c.a.n.c.r.client - [printIfInfoEnabled,60] - [76243907-f789-44db-ac86-873e8a50765d_config-0] Receive server push request, request = ClientDetectionRequest, requestId = 354
13:30:16.671 [nacos-grpc-client-executor-303] INFO  c.a.n.c.r.client - [printIfInfoEnabled,60] - [76243907-f789-44db-ac86-873e8a50765d_config-0] Ack server push request, request = ClientDetectionRequest, requestId = 354
13:30:16.658 [nacos-grpc-client-executor-278] INFO  c.a.n.c.r.client - [printIfInfoEnabled,60] - [34300c85-d7bc-4ff1-9796-4fa7e1f5aca3] Receive server push request, request = ClientDetectionRequest, requestId = 352
13:30:16.784 [nacos-grpc-client-executor-278] INFO  c.a.n.c.r.client - [printIfInfoEnabled,60] - [34300c85-d7bc-4ff1-9796-4fa7e1f5aca3] Ack server push request, request = ClientDetectionRequest, requestId = 352
14:19:15.373 [nacos-grpc-client-executor-550] INFO  c.a.n.c.r.client - [printIfInfoEnabled,60] - [34300c85-d7bc-4ff1-9796-4fa7e1f5aca3] Receive server push request, request = ClientDetectionRequest, requestId = 361
14:19:15.381 [nacos-grpc-client-executor-550] INFO  c.a.n.c.r.client - [printIfInfoEnabled,60] - [34300c85-d7bc-4ff1-9796-4fa7e1f5aca3] Ack server push request, request = ClientDetectionRequest, requestId = 361
14:19:15.381 [nacos-grpc-client-executor-568] INFO  c.a.n.c.r.client - [printIfInfoEnabled,60] - [76243907-f789-44db-ac86-873e8a50765d_config-0] Receive server push request, request = ClientDetectionRequest, requestId = 365
14:19:15.384 [nacos-grpc-client-executor-568] INFO  c.a.n.c.r.client - [printIfInfoEnabled,60] - [76243907-f789-44db-ac86-873e8a50765d_config-0] Ack server push request, request = ClientDetectionRequest, requestId = 365
15:08:31.236 [nacos-grpc-client-executor-594] INFO  c.a.n.c.r.client - [printIfInfoEnabled,60] - [34300c85-d7bc-4ff1-9796-4fa7e1f5aca3] Receive server push request, request = ClientDetectionRequest, requestId = 372
15:08:31.250 [nacos-grpc-client-executor-594] INFO  c.a.n.c.r.client - [printIfInfoEnabled,60] - [34300c85-d7bc-4ff1-9796-4fa7e1f5aca3] Ack server push request, request = ClientDetectionRequest, requestId = 372
15:08:31.351 [nacos-grpc-client-executor-611] INFO  c.a.n.c.r.client - [printIfInfoEnabled,60] - [76243907-f789-44db-ac86-873e8a50765d_config-0] Receive server push request, request = ClientDetectionRequest, requestId = 381
15:08:31.351 [nacos-grpc-client-executor-611] INFO  c.a.n.c.r.client - [printIfInfoEnabled,60] - [76243907-f789-44db-ac86-873e8a50765d_config-0] Ack server push request, request = ClientDetectionRequest, requestId = 381
20:13:48.336 [nacos-grpc-client-executor-628] INFO  c.a.n.c.r.client - [printIfInfoEnabled,60] - [76243907-f789-44db-ac86-873e8a50765d_config-0] Receive server push request, request = ClientDetectionRequest, requestId = 391
20:13:48.365 [nacos-grpc-client-executor-628] INFO  c.a.n.c.r.client - [printIfInfoEnabled,60] - [76243907-f789-44db-ac86-873e8a50765d_config-0] Ack server push request, request = ClientDetectionRequest, requestId = 391
20:28:21.849 [SpringApplicationShutdownHook] INFO  o.q.c.QuartzScheduler - [standby,585] - Scheduler SSRTScheduler_$_hexudeMacBook-Air.local1647752446533 paused.
20:28:24.322 [SpringApplicationShutdownHook] INFO  c.a.c.n.r.NacosServiceRegistry - [deregister,90] - De-registering from Nacos Server now...
20:28:24.352 [SpringApplicationShutdownHook] INFO  c.a.c.n.r.NacosServiceRegistry - [deregister,110] - De-registration finished.
20:28:24.689 [SpringApplicationShutdownHook] INFO  c.a.n.c.r.client - [shutdown,454] - Shutdown rpc client, set status to shutdown
20:28:24.693 [SpringApplicationShutdownHook] INFO  c.a.n.c.r.client - [shutdown,456] - Shutdown client event executor java.util.concurrent.ScheduledThreadPoolExecutor@40394f7f[Running, pool size = 2, active threads = 2, queued tasks = 0, completed tasks = 0]
20:28:24.696 [SpringApplicationShutdownHook] INFO  c.a.n.c.r.client - [closeConnection,591] - Close current connection 1647752456014_127.0.0.1_55310
20:28:24.709 [nacos-grpc-client-executor-810] INFO  c.a.n.c.r.c.g.GrpcClient - [printIfInfoEnabled,60] - [1647752456014_127.0.0.1_55310]Ignore complete event,isRunning:false,isAbandon=false
20:28:24.736 [SpringApplicationShutdownHook] INFO  c.a.n.c.r.c.g.GrpcClient - [shutdown,85] - Shutdown grpc executor java.util.concurrent.ThreadPoolExecutor@4887bbfd[Running, pool size = 4, active threads = 0, queued tasks = 0, completed tasks = 811]
20:28:25.371 [SpringApplicationShutdownHook] INFO  o.q.c.QuartzScheduler - [shutdown,666] - Scheduler SSRTScheduler_$_hexudeMacBook-Air.local1647752446533 shutting down.
20:28:25.371 [SpringApplicationShutdownHook] INFO  o.q.c.QuartzScheduler - [standby,585] - Scheduler SSRTScheduler_$_hexudeMacBook-Air.local1647752446533 paused.
20:28:25.376 [SpringApplicationShutdownHook] INFO  o.q.c.QuartzScheduler - [shutdown,740] - Scheduler SSRTScheduler_$_hexudeMacBook-Air.local1647752446533 shutdown complete.
20:28:25.381 [SpringApplicationShutdownHook] INFO  c.z.h.HikariDataSource - [close,350] - HikariPool-1 - Shutdown initiated...
20:28:25.440 [SpringApplicationShutdownHook] INFO  c.z.h.HikariDataSource - [close,352] - HikariPool-1 - Shutdown completed.
20:28:56.330 [background-preinit] INFO  o.h.v.i.util.Version - [<clinit>,21] - HV000001: Hibernate Validator 6.2.2.Final
20:28:58.482 [main] INFO  c.a.n.c.r.client - [lambda$createClient$0,80] - [RpcClientFactory] create a new rpc client of 396b31e1-5fba-4735-b838-f7cebb8a7ceb_config-0
20:28:58.732 [main] INFO  o.r.Reflections - [scan,232] - Reflections took 201 ms to scan 1 urls, producing 3 keys and 6 values 
20:28:58.854 [main] INFO  o.r.Reflections - [scan,232] - Reflections took 83 ms to scan 1 urls, producing 4 keys and 9 values 
20:28:58.924 [main] INFO  o.r.Reflections - [scan,232] - Reflections took 38 ms to scan 1 urls, producing 3 keys and 10 values 
20:28:59.870 [main] INFO  o.r.Reflections - [scan,232] - Reflections took 915 ms to scan 200 urls, producing 0 keys and 0 values 
20:28:59.917 [main] INFO  o.r.Reflections - [scan,232] - Reflections took 45 ms to scan 1 urls, producing 1 keys and 5 values 
20:28:59.980 [main] INFO  o.r.Reflections - [scan,232] - Reflections took 55 ms to scan 1 urls, producing 1 keys and 7 values 
20:29:00.039 [main] INFO  o.r.Reflections - [scan,232] - Reflections took 50 ms to scan 1 urls, producing 2 keys and 8 values 
20:29:01.084 [main] INFO  o.r.Reflections - [scan,232] - Reflections took 1026 ms to scan 200 urls, producing 0 keys and 0 values 
20:29:01.086 [main] INFO  c.a.n.c.r.client - [printIfInfoEnabled,60] - [396b31e1-5fba-4735-b838-f7cebb8a7ceb_config-0] RpcClient init label, labels = {module=config, Vipserver-Tag=null, source=sdk, Amory-Tag=null, Location-Tag=null, taskId=0, AppName=unknown}
20:29:01.104 [main] INFO  c.a.n.c.r.client - [printIfInfoEnabled,60] - [396b31e1-5fba-4735-b838-f7cebb8a7ceb_config-0] Register server push request handler:com.alibaba.nacos.client.config.impl.ClientWorker$ConfigRpcTransportClient$$Lambda$332/494894055
20:29:01.105 [main] INFO  c.a.n.c.r.client - [printIfInfoEnabled,60] - [396b31e1-5fba-4735-b838-f7cebb8a7ceb_config-0] Register server push request handler:com.alibaba.nacos.client.config.impl.ClientWorker$ConfigRpcTransportClient$$Lambda$333/1123226989
20:29:01.106 [main] INFO  c.a.n.c.r.client - [printIfInfoEnabled,60] - [396b31e1-5fba-4735-b838-f7cebb8a7ceb_config-0] Registry connection listener to current client:com.alibaba.nacos.client.config.impl.ClientWorker$ConfigRpcTransportClient$1
20:29:01.107 [main] INFO  c.a.n.c.r.client - [printIfInfoEnabled,60] - [396b31e1-5fba-4735-b838-f7cebb8a7ceb_config-0] RpcClient init, ServerListFactory = com.alibaba.nacos.client.config.impl.ClientWorker$ConfigRpcTransportClient$2
20:29:01.132 [main] INFO  c.a.n.c.r.client - [printIfInfoEnabled,60] - [396b31e1-5fba-4735-b838-f7cebb8a7ceb_config-0] Try to connect to server on start up, server: {serverIp = '127.0.0.1', server main port = 8848}
20:29:03.625 [main] INFO  c.a.n.c.r.client - [printIfInfoEnabled,60] - [396b31e1-5fba-4735-b838-f7cebb8a7ceb_config-0] Success to connect to server [127.0.0.1:8848] on start up, connectionId = 1647779343193_127.0.0.1_62231
20:29:03.626 [com.alibaba.nacos.client.remote.worker] INFO  c.a.n.c.r.client - [printIfInfoEnabled,60] - [396b31e1-5fba-4735-b838-f7cebb8a7ceb_config-0] Notify connected event to listeners.
20:29:03.628 [main] INFO  c.a.n.c.r.client - [printIfInfoEnabled,60] - [396b31e1-5fba-4735-b838-f7cebb8a7ceb_config-0] Register server push request handler:com.alibaba.nacos.common.remote.client.RpcClient$ConnectResetRequestHandler
20:29:03.631 [main] INFO  c.a.n.c.r.client - [printIfInfoEnabled,60] - [396b31e1-5fba-4735-b838-f7cebb8a7ceb_config-0] Register server push request handler:com.alibaba.nacos.common.remote.client.RpcClient$$Lambda$342/1643299824
20:29:03.824 [main] INFO  c.s.j.SSRTJobApplication - [logStartupProfileInfo,646] - The following 1 profile is active: "dev"
20:29:17.690 [main] INFO  o.a.c.h.Http11NioProtocol - [log,173] - Initializing ProtocolHandler ["http-nio-9203"]
20:29:17.692 [main] INFO  o.a.c.c.StandardService - [log,173] - Starting service [Tomcat]
20:29:17.693 [main] INFO  o.a.c.c.StandardEngine - [log,173] - Starting Servlet engine: [Apache Tomcat/9.0.58]
20:29:18.474 [main] INFO  o.a.c.c.C.[.[.[/] - [log,173] - Initializing Spring embedded WebApplicationContext
20:29:21.988 [main] INFO  o.q.i.StdSchedulerFactory - [instantiate,1220] - Using default implementation for ThreadExecutor
20:29:22.038 [main] INFO  o.q.c.SchedulerSignalerImpl - [<init>,61] - Initialized Scheduler Signaller of type: class org.quartz.core.SchedulerSignalerImpl
20:29:22.039 [main] INFO  o.q.c.QuartzScheduler - [<init>,229] - Quartz Scheduler v.2.3.2 created.
20:29:22.072 [main] INFO  c.z.h.HikariDataSource - [getConnection,110] - HikariPool-1 - Starting...
20:29:22.794 [main] INFO  c.z.h.HikariDataSource - [getConnection,123] - HikariPool-1 - Start completed.
20:29:22.865 [main] INFO  o.q.c.QuartzScheduler - [initialize,294] - Scheduler meta-data: Quartz Scheduler (v2.3.2) 'SSRTScheduler' with instanceId 'hexudeMacBook-Air.local1647779361997'
  Scheduler class: 'org.quartz.core.QuartzScheduler' - running locally.
  NOT STARTED.
  Currently in standby mode.
  Number of jobs executed: 0
  Using thread pool 'org.quartz.simpl.SimpleThreadPool' - with 20 threads.
  Using job-store 'org.springframework.scheduling.quartz.LocalDataSourceJobStore' - which supports persistence. and is clustered.

20:29:22.871 [main] INFO  o.q.i.StdSchedulerFactory - [instantiate,1374] - Quartz scheduler 'SSRTScheduler' initialized from an externally provided properties instance.
20:29:22.872 [main] INFO  o.q.i.StdSchedulerFactory - [instantiate,1378] - Quartz scheduler version: 2.3.2
20:29:22.900 [main] INFO  o.q.c.QuartzScheduler - [setJobFactory,2293] - JobFactory set to: org.springframework.scheduling.quartz.AdaptableJobFactory@38a96593
20:29:31.984 [main] INFO  c.a.n.c.r.client - [lambda$createClient$0,80] - [RpcClientFactory] create a new rpc client of 02018e06-3b75-425f-bb9d-5517ece1367d
20:29:31.988 [main] INFO  c.a.n.c.r.client - [printIfInfoEnabled,60] - [02018e06-3b75-425f-bb9d-5517ece1367d] RpcClient init label, labels = {module=naming, source=sdk}
20:29:31.992 [main] INFO  c.a.n.c.r.client - [printIfInfoEnabled,60] - [02018e06-3b75-425f-bb9d-5517ece1367d] RpcClient init, ServerListFactory = com.alibaba.nacos.client.naming.core.ServerListManager
20:29:31.993 [main] INFO  c.a.n.c.r.client - [printIfInfoEnabled,60] - [02018e06-3b75-425f-bb9d-5517ece1367d] Registry connection listener to current client:com.alibaba.nacos.client.naming.remote.gprc.redo.NamingGrpcRedoService
20:29:31.995 [main] INFO  c.a.n.c.r.client - [printIfInfoEnabled,60] - [02018e06-3b75-425f-bb9d-5517ece1367d] Register server push request handler:com.alibaba.nacos.client.naming.remote.gprc.NamingPushRequestHandler
20:29:31.997 [main] INFO  c.a.n.c.r.client - [printIfInfoEnabled,60] - [02018e06-3b75-425f-bb9d-5517ece1367d] Try to connect to server on start up, server: {serverIp = '127.0.0.1', server main port = 8848}
20:29:32.124 [main] INFO  c.a.n.c.r.client - [printIfInfoEnabled,60] - [02018e06-3b75-425f-bb9d-5517ece1367d] Success to connect to server [127.0.0.1:8848] on start up, connectionId = 1647779372011_127.0.0.1_62282
20:29:32.125 [com.alibaba.nacos.client.remote.worker] INFO  c.a.n.c.r.client - [printIfInfoEnabled,60] - [02018e06-3b75-425f-bb9d-5517ece1367d] Notify connected event to listeners.
20:29:32.125 [main] INFO  c.a.n.c.r.client - [printIfInfoEnabled,60] - [02018e06-3b75-425f-bb9d-5517ece1367d] Register server push request handler:com.alibaba.nacos.common.remote.client.RpcClient$ConnectResetRequestHandler
20:29:32.127 [main] INFO  c.a.n.c.r.client - [printIfInfoEnabled,60] - [02018e06-3b75-425f-bb9d-5517ece1367d] Register server push request handler:com.alibaba.nacos.common.remote.client.RpcClient$$Lambda$342/1643299824
20:29:47.237 [main] INFO  o.a.c.h.Http11NioProtocol - [log,173] - Starting ProtocolHandler ["http-nio-9203"]
20:29:47.477 [main] INFO  c.a.c.n.r.NacosServiceRegistry - [register,75] - nacos registry, DEFAULT_GROUP ssrt-job 192.168.1.4:9203 register finished
20:29:47.624 [nacos-grpc-client-executor-14] INFO  c.a.n.c.r.client - [printIfInfoEnabled,60] - [02018e06-3b75-425f-bb9d-5517ece1367d] Receive server push request, request = NotifySubscriberRequest, requestId = 416
20:29:47.652 [nacos-grpc-client-executor-14] INFO  c.a.n.c.r.client - [printIfInfoEnabled,60] - [02018e06-3b75-425f-bb9d-5517ece1367d] Ack server push request, request = NotifySubscriberRequest, requestId = 416
20:29:49.993 [main] INFO  c.s.j.SSRTJobApplication - [logStarted,61] - Started SSRTJobApplication in 55.581 seconds (JVM running for 58.557)
20:29:50.194 [RMI TCP Connection(10)-127.0.0.1] INFO  o.a.c.c.C.[.[.[/] - [log,173] - Initializing Spring DispatcherServlet 'dispatcherServlet'
20:29:50.895 [Quartz Scheduler [SSRTScheduler]] INFO  o.q.c.QuartzScheduler - [start,547] - Scheduler SSRTScheduler_$_hexudeMacBook-Air.local1647779361997 started.
21:12:04.789 [SpringApplicationShutdownHook] INFO  o.q.c.QuartzScheduler - [standby,585] - Scheduler SSRTScheduler_$_hexudeMacBook-Air.local1647779361997 paused.
21:12:05.806 [SpringApplicationShutdownHook] INFO  c.a.c.n.r.NacosServiceRegistry - [deregister,90] - De-registering from Nacos Server now...
21:12:05.817 [SpringApplicationShutdownHook] INFO  c.a.c.n.r.NacosServiceRegistry - [deregister,110] - De-registration finished.
21:12:06.159 [SpringApplicationShutdownHook] INFO  c.a.n.c.r.client - [shutdown,454] - Shutdown rpc client, set status to shutdown
21:12:06.163 [SpringApplicationShutdownHook] INFO  c.a.n.c.r.client - [shutdown,456] - Shutdown client event executor java.util.concurrent.ScheduledThreadPoolExecutor@c41a133[Running, pool size = 2, active threads = 2, queued tasks = 0, completed tasks = 0]
21:12:06.164 [SpringApplicationShutdownHook] INFO  c.a.n.c.r.client - [closeConnection,591] - Close current connection 1647779372011_127.0.0.1_62282
21:12:06.187 [nacos-grpc-client-executor-653] INFO  c.a.n.c.r.c.g.GrpcClient - [printIfInfoEnabled,60] - [1647779372011_127.0.0.1_62282]Ignore complete event,isRunning:false,isAbandon=false
21:12:06.303 [SpringApplicationShutdownHook] INFO  c.a.n.c.r.c.g.GrpcClient - [shutdown,85] - Shutdown grpc executor java.util.concurrent.ThreadPoolExecutor@666ea5ea[Running, pool size = 7, active threads = 0, queued tasks = 0, completed tasks = 654]
21:12:07.094 [SpringApplicationShutdownHook] INFO  o.q.c.QuartzScheduler - [shutdown,666] - Scheduler SSRTScheduler_$_hexudeMacBook-Air.local1647779361997 shutting down.
21:12:07.095 [SpringApplicationShutdownHook] INFO  o.q.c.QuartzScheduler - [standby,585] - Scheduler SSRTScheduler_$_hexudeMacBook-Air.local1647779361997 paused.
21:12:07.103 [SpringApplicationShutdownHook] INFO  o.q.c.QuartzScheduler - [shutdown,740] - Scheduler SSRTScheduler_$_hexudeMacBook-Air.local1647779361997 shutdown complete.
21:12:07.107 [SpringApplicationShutdownHook] INFO  c.z.h.HikariDataSource - [close,350] - HikariPool-1 - Shutdown initiated...
21:12:07.153 [SpringApplicationShutdownHook] INFO  c.z.h.HikariDataSource - [close,352] - HikariPool-1 - Shutdown completed.
21:13:04.547 [background-preinit] INFO  o.h.v.i.util.Version - [<clinit>,21] - HV000001: Hibernate Validator 6.2.2.Final
21:13:07.307 [main] INFO  c.a.n.c.r.client - [lambda$createClient$0,80] - [RpcClientFactory] create a new rpc client of 2f483da5-da4d-4075-bc2e-5009c6e324c7_config-0
21:13:07.665 [main] INFO  o.r.Reflections - [scan,232] - Reflections took 284 ms to scan 1 urls, producing 3 keys and 6 values 
21:13:07.851 [main] INFO  o.r.Reflections - [scan,232] - Reflections took 93 ms to scan 1 urls, producing 4 keys and 9 values 
21:13:07.913 [main] INFO  o.r.Reflections - [scan,232] - Reflections took 58 ms to scan 1 urls, producing 3 keys and 10 values 
21:13:08.952 [main] INFO  o.r.Reflections - [scan,232] - Reflections took 1012 ms to scan 200 urls, producing 0 keys and 0 values 
21:13:09.008 [main] INFO  o.r.Reflections - [scan,232] - Reflections took 53 ms to scan 1 urls, producing 1 keys and 5 values 
21:13:09.091 [main] INFO  o.r.Reflections - [scan,232] - Reflections took 68 ms to scan 1 urls, producing 1 keys and 7 values 
21:13:09.174 [main] INFO  o.r.Reflections - [scan,232] - Reflections took 78 ms to scan 1 urls, producing 2 keys and 8 values 
21:13:11.362 [main] INFO  o.r.Reflections - [scan,232] - Reflections took 2169 ms to scan 200 urls, producing 0 keys and 0 values 
21:13:11.365 [main] INFO  c.a.n.c.r.client - [printIfInfoEnabled,60] - [2f483da5-da4d-4075-bc2e-5009c6e324c7_config-0] RpcClient init label, labels = {module=config, Vipserver-Tag=null, source=sdk, Amory-Tag=null, Location-Tag=null, taskId=0, AppName=unknown}
21:13:11.366 [main] INFO  c.a.n.c.r.client - [printIfInfoEnabled,60] - [2f483da5-da4d-4075-bc2e-5009c6e324c7_config-0] Register server push request handler:com.alibaba.nacos.client.config.impl.ClientWorker$ConfigRpcTransportClient$$Lambda$332/494894055
21:13:11.370 [main] INFO  c.a.n.c.r.client - [printIfInfoEnabled,60] - [2f483da5-da4d-4075-bc2e-5009c6e324c7_config-0] Register server push request handler:com.alibaba.nacos.client.config.impl.ClientWorker$ConfigRpcTransportClient$$Lambda$333/1123226989
21:13:11.371 [main] INFO  c.a.n.c.r.client - [printIfInfoEnabled,60] - [2f483da5-da4d-4075-bc2e-5009c6e324c7_config-0] Registry connection listener to current client:com.alibaba.nacos.client.config.impl.ClientWorker$ConfigRpcTransportClient$1
21:13:11.372 [main] INFO  c.a.n.c.r.client - [printIfInfoEnabled,60] - [2f483da5-da4d-4075-bc2e-5009c6e324c7_config-0] RpcClient init, ServerListFactory = com.alibaba.nacos.client.config.impl.ClientWorker$ConfigRpcTransportClient$2
21:13:11.390 [main] INFO  c.a.n.c.r.client - [printIfInfoEnabled,60] - [2f483da5-da4d-4075-bc2e-5009c6e324c7_config-0] Try to connect to server on start up, server: {serverIp = '127.0.0.1', server main port = 8848}
21:13:15.874 [main] INFO  c.a.n.c.r.client - [printIfInfoEnabled,60] - [2f483da5-da4d-4075-bc2e-5009c6e324c7_config-0] Success to connect to server [127.0.0.1:8848] on start up, connectionId = 1647781995270_127.0.0.1_56316
21:13:15.875 [com.alibaba.nacos.client.remote.worker] INFO  c.a.n.c.r.client - [printIfInfoEnabled,60] - [2f483da5-da4d-4075-bc2e-5009c6e324c7_config-0] Notify connected event to listeners.
21:13:15.876 [main] INFO  c.a.n.c.r.client - [printIfInfoEnabled,60] - [2f483da5-da4d-4075-bc2e-5009c6e324c7_config-0] Register server push request handler:com.alibaba.nacos.common.remote.client.RpcClient$ConnectResetRequestHandler
21:13:15.880 [main] INFO  c.a.n.c.r.client - [printIfInfoEnabled,60] - [2f483da5-da4d-4075-bc2e-5009c6e324c7_config-0] Register server push request handler:com.alibaba.nacos.common.remote.client.RpcClient$$Lambda$342/1643299824
21:13:16.148 [main] INFO  c.s.j.SSRTJobApplication - [logStartupProfileInfo,646] - The following 1 profile is active: "dev"
21:13:30.719 [main] INFO  o.a.c.h.Http11NioProtocol - [log,173] - Initializing ProtocolHandler ["http-nio-9203"]
21:13:30.723 [main] INFO  o.a.c.c.StandardService - [log,173] - Starting service [Tomcat]
21:13:30.724 [main] INFO  o.a.c.c.StandardEngine - [log,173] - Starting Servlet engine: [Apache Tomcat/9.0.58]
21:13:31.840 [main] INFO  o.a.c.c.C.[.[.[/] - [log,173] - Initializing Spring embedded WebApplicationContext
21:13:34.439 [main] INFO  o.q.i.StdSchedulerFactory - [instantiate,1220] - Using default implementation for ThreadExecutor
21:13:34.485 [main] INFO  o.q.c.SchedulerSignalerImpl - [<init>,61] - Initialized Scheduler Signaller of type: class org.quartz.core.SchedulerSignalerImpl
21:13:34.487 [main] INFO  o.q.c.QuartzScheduler - [<init>,229] - Quartz Scheduler v.2.3.2 created.
21:13:34.512 [main] INFO  c.z.h.HikariDataSource - [getConnection,110] - HikariPool-1 - Starting...
21:13:35.167 [main] INFO  c.z.h.HikariDataSource - [getConnection,123] - HikariPool-1 - Start completed.
21:13:35.222 [main] INFO  o.q.c.QuartzScheduler - [initialize,294] - Scheduler meta-data: Quartz Scheduler (v2.3.2) 'SSRTScheduler' with instanceId 'hexudeMacBook-Air.local1647782014446'
  Scheduler class: 'org.quartz.core.QuartzScheduler' - running locally.
  NOT STARTED.
  Currently in standby mode.
  Number of jobs executed: 0
  Using thread pool 'org.quartz.simpl.SimpleThreadPool' - with 20 threads.
  Using job-store 'org.springframework.scheduling.quartz.LocalDataSourceJobStore' - which supports persistence. and is clustered.

21:13:35.223 [main] INFO  o.q.i.StdSchedulerFactory - [instantiate,1374] - Quartz scheduler 'SSRTScheduler' initialized from an externally provided properties instance.
21:13:35.224 [main] INFO  o.q.i.StdSchedulerFactory - [instantiate,1378] - Quartz scheduler version: 2.3.2
21:13:35.231 [main] INFO  o.q.c.QuartzScheduler - [setJobFactory,2293] - JobFactory set to: org.springframework.scheduling.quartz.AdaptableJobFactory@7afb9c93
21:13:43.438 [main] INFO  c.a.n.c.r.client - [lambda$createClient$0,80] - [RpcClientFactory] create a new rpc client of f63ee6ba-74cd-40b8-9e33-492dd09d2e3c
21:13:43.440 [main] INFO  c.a.n.c.r.client - [printIfInfoEnabled,60] - [f63ee6ba-74cd-40b8-9e33-492dd09d2e3c] RpcClient init label, labels = {module=naming, source=sdk}
21:13:43.445 [main] INFO  c.a.n.c.r.client - [printIfInfoEnabled,60] - [f63ee6ba-74cd-40b8-9e33-492dd09d2e3c] RpcClient init, ServerListFactory = com.alibaba.nacos.client.naming.core.ServerListManager
21:13:43.446 [main] INFO  c.a.n.c.r.client - [printIfInfoEnabled,60] - [f63ee6ba-74cd-40b8-9e33-492dd09d2e3c] Registry connection listener to current client:com.alibaba.nacos.client.naming.remote.gprc.redo.NamingGrpcRedoService
21:13:43.448 [main] INFO  c.a.n.c.r.client - [printIfInfoEnabled,60] - [f63ee6ba-74cd-40b8-9e33-492dd09d2e3c] Register server push request handler:com.alibaba.nacos.client.naming.remote.gprc.NamingPushRequestHandler
21:13:43.450 [main] INFO  c.a.n.c.r.client - [printIfInfoEnabled,60] - [f63ee6ba-74cd-40b8-9e33-492dd09d2e3c] Try to connect to server on start up, server: {serverIp = '127.0.0.1', server main port = 8848}
21:13:43.579 [main] INFO  c.a.n.c.r.client - [printIfInfoEnabled,60] - [f63ee6ba-74cd-40b8-9e33-492dd09d2e3c] Success to connect to server [127.0.0.1:8848] on start up, connectionId = 1647782023463_127.0.0.1_56479
21:13:43.581 [com.alibaba.nacos.client.remote.worker] INFO  c.a.n.c.r.client - [printIfInfoEnabled,60] - [f63ee6ba-74cd-40b8-9e33-492dd09d2e3c] Notify connected event to listeners.
21:13:43.581 [main] INFO  c.a.n.c.r.client - [printIfInfoEnabled,60] - [f63ee6ba-74cd-40b8-9e33-492dd09d2e3c] Register server push request handler:com.alibaba.nacos.common.remote.client.RpcClient$ConnectResetRequestHandler
21:13:43.583 [main] INFO  c.a.n.c.r.client - [printIfInfoEnabled,60] - [f63ee6ba-74cd-40b8-9e33-492dd09d2e3c] Register server push request handler:com.alibaba.nacos.common.remote.client.RpcClient$$Lambda$342/1643299824
21:13:51.820 [main] INFO  o.a.c.h.Http11NioProtocol - [log,173] - Starting ProtocolHandler ["http-nio-9203"]
21:13:51.883 [main] INFO  c.a.c.n.r.NacosServiceRegistry - [register,75] - nacos registry, DEFAULT_GROUP ssrt-job 192.168.1.4:9203 register finished
21:13:52.351 [nacos-grpc-client-executor-12] INFO  c.a.n.c.r.client - [printIfInfoEnabled,60] - [f63ee6ba-74cd-40b8-9e33-492dd09d2e3c] Receive server push request, request = NotifySubscriberRequest, requestId = 469
21:13:52.377 [nacos-grpc-client-executor-12] INFO  c.a.n.c.r.client - [printIfInfoEnabled,60] - [f63ee6ba-74cd-40b8-9e33-492dd09d2e3c] Ack server push request, request = NotifySubscriberRequest, requestId = 469
21:13:52.925 [main] INFO  c.s.j.SSRTJobApplication - [logStarted,61] - Started SSRTJobApplication in 50.766 seconds (JVM running for 54.496)
21:13:53.606 [RMI TCP Connection(5)-127.0.0.1] INFO  o.a.c.c.C.[.[.[/] - [log,173] - Initializing Spring DispatcherServlet 'dispatcherServlet'
21:13:54.041 [Quartz Scheduler [SSRTScheduler]] INFO  o.q.c.QuartzScheduler - [start,547] - Scheduler SSRTScheduler_$_hexudeMacBook-Air.local1647782014446 started.
