19:44:52.479 [background-preinit] INFO  o.h.v.i.util.Version - [<clinit>,21] - HV000001: Hibernate Validator 6.2.2.Final
19:44:54.227 [main] INFO  c.a.n.c.r.client - [lambda$createClient$0,80] - [RpcClientFactory] create a new rpc client of 3aa3d37a-3a05-4ed3-9eaa-7a5c3b201888_config-0
19:44:54.353 [main] INFO  o.r.Reflections - [scan,232] - Reflections took 64 ms to scan 1 urls, producing 3 keys and 6 values 
19:44:54.443 [main] INFO  o.r.Reflections - [scan,232] - Reflections took 40 ms to scan 1 urls, producing 4 keys and 9 values 
19:44:54.482 [main] INFO  o.r.Reflections - [scan,232] - Reflections took 35 ms to scan 1 urls, producing 3 keys and 10 values 
19:44:54.810 [main] INFO  o.r.Reflections - [scan,232] - Reflections took 319 ms to scan 200 urls, producing 0 keys and 0 values 
19:44:54.832 [main] INFO  o.r.Reflections - [scan,232] - Reflections took 21 ms to scan 1 urls, producing 1 keys and 5 values 
19:44:54.849 [main] INFO  o.r.Reflections - [scan,232] - Reflections took 14 ms to scan 1 urls, producing 1 keys and 7 values 
19:44:54.864 [main] INFO  o.r.Reflections - [scan,232] - Reflections took 13 ms to scan 1 urls, producing 2 keys and 8 values 
19:44:55.075 [main] INFO  o.r.Reflections - [scan,232] - Reflections took 208 ms to scan 200 urls, producing 0 keys and 0 values 
19:44:55.076 [main] INFO  c.a.n.c.r.client - [printIfInfoEnabled,60] - [3aa3d37a-3a05-4ed3-9eaa-7a5c3b201888_config-0] RpcClient init label, labels = {module=config, Vipserver-Tag=null, source=sdk, Amory-Tag=null, Location-Tag=null, taskId=0, AppName=unknown}
19:44:55.077 [main] INFO  c.a.n.c.r.client - [printIfInfoEnabled,60] - [3aa3d37a-3a05-4ed3-9eaa-7a5c3b201888_config-0] Register server push request handler:com.alibaba.nacos.client.config.impl.ClientWorker$ConfigRpcTransportClient$$Lambda$332/494894055
19:44:55.078 [main] INFO  c.a.n.c.r.client - [printIfInfoEnabled,60] - [3aa3d37a-3a05-4ed3-9eaa-7a5c3b201888_config-0] Register server push request handler:com.alibaba.nacos.client.config.impl.ClientWorker$ConfigRpcTransportClient$$Lambda$333/1123226989
19:44:55.079 [main] INFO  c.a.n.c.r.client - [printIfInfoEnabled,60] - [3aa3d37a-3a05-4ed3-9eaa-7a5c3b201888_config-0] Registry connection listener to current client:com.alibaba.nacos.client.config.impl.ClientWorker$ConfigRpcTransportClient$1
19:44:55.079 [main] INFO  c.a.n.c.r.client - [printIfInfoEnabled,60] - [3aa3d37a-3a05-4ed3-9eaa-7a5c3b201888_config-0] RpcClient init, ServerListFactory = com.alibaba.nacos.client.config.impl.ClientWorker$ConfigRpcTransportClient$2
19:44:55.090 [main] INFO  c.a.n.c.r.client - [printIfInfoEnabled,60] - [3aa3d37a-3a05-4ed3-9eaa-7a5c3b201888_config-0] Try to connect to server on start up, server: {serverIp = '127.0.0.1', server main port = 8848}
19:44:55.917 [main] INFO  c.a.n.c.r.client - [printIfInfoEnabled,60] - [3aa3d37a-3a05-4ed3-9eaa-7a5c3b201888_config-0] Success to connect to server [127.0.0.1:8848] on start up, connectionId = 1647690295613_127.0.0.1_64432
19:44:55.918 [com.alibaba.nacos.client.remote.worker] INFO  c.a.n.c.r.client - [printIfInfoEnabled,60] - [3aa3d37a-3a05-4ed3-9eaa-7a5c3b201888_config-0] Notify connected event to listeners.
19:44:55.918 [main] INFO  c.a.n.c.r.client - [printIfInfoEnabled,60] - [3aa3d37a-3a05-4ed3-9eaa-7a5c3b201888_config-0] Register server push request handler:com.alibaba.nacos.common.remote.client.RpcClient$ConnectResetRequestHandler
19:44:55.920 [main] INFO  c.a.n.c.r.client - [printIfInfoEnabled,60] - [3aa3d37a-3a05-4ed3-9eaa-7a5c3b201888_config-0] Register server push request handler:com.alibaba.nacos.common.remote.client.RpcClient$$Lambda$342/1643299824
19:44:56.030 [main] INFO  c.s.j.SSRTJobApplication - [logStartupProfileInfo,646] - The following 1 profile is active: "dev"
19:45:00.249 [main] INFO  o.a.c.h.Http11NioProtocol - [log,173] - Initializing ProtocolHandler ["http-nio-9203"]
19:45:00.250 [main] INFO  o.a.c.c.StandardService - [log,173] - Starting service [Tomcat]
19:45:00.251 [main] INFO  o.a.c.c.StandardEngine - [log,173] - Starting Servlet engine: [Apache Tomcat/9.0.58]
19:45:00.412 [main] INFO  o.a.c.c.C.[.[.[/] - [log,173] - Initializing Spring embedded WebApplicationContext
19:45:00.958 [main] INFO  o.q.i.StdSchedulerFactory - [instantiate,1220] - Using default implementation for ThreadExecutor
19:45:00.991 [main] INFO  o.q.c.SchedulerSignalerImpl - [<init>,61] - Initialized Scheduler Signaller of type: class org.quartz.core.SchedulerSignalerImpl
19:45:00.991 [main] INFO  o.q.c.QuartzScheduler - [<init>,229] - Quartz Scheduler v.2.3.2 created.
19:45:01.013 [main] INFO  c.z.h.HikariDataSource - [getConnection,110] - HikariPool-1 - Starting...
19:45:02.183 [main] INFO  o.q.c.QuartzScheduler - [initialize,294] - Scheduler meta-data: Quartz Scheduler (v2.3.2) 'SSRTScheduler' with instanceId 'hexudeMacBook-Air.local1647690300963'
  Scheduler class: 'org.quartz.core.QuartzScheduler' - running locally.
  NOT STARTED.
  Currently in standby mode.
  Number of jobs executed: 0
  Using thread pool 'org.quartz.simpl.SimpleThreadPool' - with 20 threads.
  Using job-store 'org.springframework.scheduling.quartz.LocalDataSourceJobStore' - which supports persistence. and is clustered.

19:45:02.184 [main] INFO  o.q.i.StdSchedulerFactory - [instantiate,1374] - Quartz scheduler 'SSRTScheduler' initialized from an externally provided properties instance.
19:45:02.184 [main] INFO  o.q.i.StdSchedulerFactory - [instantiate,1378] - Quartz scheduler version: 2.3.2
19:45:02.188 [main] INFO  o.q.c.QuartzScheduler - [setJobFactory,2293] - JobFactory set to: org.springframework.scheduling.quartz.AdaptableJobFactory@2b395581
19:45:03.218 [main] INFO  c.z.h.HikariDataSource - [getConnection,110] - HikariPool-1 - Starting...
19:45:04.226 [main] INFO  o.q.c.QuartzScheduler - [shutdown,666] - Scheduler SSRTScheduler_$_hexudeMacBook-Air.local1647690300963 shutting down.
19:45:04.227 [main] INFO  o.q.c.QuartzScheduler - [standby,585] - Scheduler SSRTScheduler_$_hexudeMacBook-Air.local1647690300963 paused.
19:45:04.228 [main] INFO  o.q.c.QuartzScheduler - [shutdown,740] - Scheduler SSRTScheduler_$_hexudeMacBook-Air.local1647690300963 shutdown complete.
19:45:04.231 [main] INFO  o.a.c.c.StandardService - [log,173] - Stopping service [Tomcat]
19:46:24.903 [background-preinit] INFO  o.h.v.i.util.Version - [<clinit>,21] - HV000001: Hibernate Validator 6.2.2.Final
19:46:25.974 [main] INFO  c.a.n.c.r.client - [lambda$createClient$0,80] - [RpcClientFactory] create a new rpc client of a8fdddfd-8b82-4935-96e6-0d363ef691b4_config-0
19:46:26.036 [main] INFO  o.r.Reflections - [scan,232] - Reflections took 41 ms to scan 1 urls, producing 3 keys and 6 values 
19:46:26.081 [main] INFO  o.r.Reflections - [scan,232] - Reflections took 25 ms to scan 1 urls, producing 4 keys and 9 values 
19:46:26.106 [main] INFO  o.r.Reflections - [scan,232] - Reflections took 19 ms to scan 1 urls, producing 3 keys and 10 values 
19:46:26.442 [main] INFO  o.r.Reflections - [scan,232] - Reflections took 328 ms to scan 200 urls, producing 0 keys and 0 values 
19:46:26.458 [main] INFO  o.r.Reflections - [scan,232] - Reflections took 15 ms to scan 1 urls, producing 1 keys and 5 values 
19:46:26.476 [main] INFO  o.r.Reflections - [scan,232] - Reflections took 15 ms to scan 1 urls, producing 1 keys and 7 values 
19:46:26.498 [main] INFO  o.r.Reflections - [scan,232] - Reflections took 18 ms to scan 1 urls, producing 2 keys and 8 values 
19:46:26.729 [main] INFO  o.r.Reflections - [scan,232] - Reflections took 228 ms to scan 200 urls, producing 0 keys and 0 values 
19:46:26.730 [main] INFO  c.a.n.c.r.client - [printIfInfoEnabled,60] - [a8fdddfd-8b82-4935-96e6-0d363ef691b4_config-0] RpcClient init label, labels = {module=config, Vipserver-Tag=null, source=sdk, Amory-Tag=null, Location-Tag=null, taskId=0, AppName=unknown}
19:46:26.731 [main] INFO  c.a.n.c.r.client - [printIfInfoEnabled,60] - [a8fdddfd-8b82-4935-96e6-0d363ef691b4_config-0] Register server push request handler:com.alibaba.nacos.client.config.impl.ClientWorker$ConfigRpcTransportClient$$Lambda$332/494894055
19:46:26.731 [main] INFO  c.a.n.c.r.client - [printIfInfoEnabled,60] - [a8fdddfd-8b82-4935-96e6-0d363ef691b4_config-0] Register server push request handler:com.alibaba.nacos.client.config.impl.ClientWorker$ConfigRpcTransportClient$$Lambda$333/1123226989
19:46:26.732 [main] INFO  c.a.n.c.r.client - [printIfInfoEnabled,60] - [a8fdddfd-8b82-4935-96e6-0d363ef691b4_config-0] Registry connection listener to current client:com.alibaba.nacos.client.config.impl.ClientWorker$ConfigRpcTransportClient$1
19:46:26.733 [main] INFO  c.a.n.c.r.client - [printIfInfoEnabled,60] - [a8fdddfd-8b82-4935-96e6-0d363ef691b4_config-0] RpcClient init, ServerListFactory = com.alibaba.nacos.client.config.impl.ClientWorker$ConfigRpcTransportClient$2
19:46:26.742 [main] INFO  c.a.n.c.r.client - [printIfInfoEnabled,60] - [a8fdddfd-8b82-4935-96e6-0d363ef691b4_config-0] Try to connect to server on start up, server: {serverIp = '127.0.0.1', server main port = 8848}
19:46:27.569 [main] INFO  c.a.n.c.r.client - [printIfInfoEnabled,60] - [a8fdddfd-8b82-4935-96e6-0d363ef691b4_config-0] Success to connect to server [127.0.0.1:8848] on start up, connectionId = 1647690387279_127.0.0.1_64829
19:46:27.570 [com.alibaba.nacos.client.remote.worker] INFO  c.a.n.c.r.client - [printIfInfoEnabled,60] - [a8fdddfd-8b82-4935-96e6-0d363ef691b4_config-0] Notify connected event to listeners.
19:46:27.571 [main] INFO  c.a.n.c.r.client - [printIfInfoEnabled,60] - [a8fdddfd-8b82-4935-96e6-0d363ef691b4_config-0] Register server push request handler:com.alibaba.nacos.common.remote.client.RpcClient$ConnectResetRequestHandler
19:46:27.571 [main] INFO  c.a.n.c.r.client - [printIfInfoEnabled,60] - [a8fdddfd-8b82-4935-96e6-0d363ef691b4_config-0] Register server push request handler:com.alibaba.nacos.common.remote.client.RpcClient$$Lambda$342/1643299824
19:46:27.716 [main] INFO  c.s.j.SSRTJobApplication - [logStartupProfileInfo,646] - The following 1 profile is active: "dev"
19:46:31.068 [main] INFO  o.a.c.h.Http11NioProtocol - [log,173] - Initializing ProtocolHandler ["http-nio-9203"]
19:46:31.069 [main] INFO  o.a.c.c.StandardService - [log,173] - Starting service [Tomcat]
19:46:31.070 [main] INFO  o.a.c.c.StandardEngine - [log,173] - Starting Servlet engine: [Apache Tomcat/9.0.58]
19:46:31.209 [main] INFO  o.a.c.c.C.[.[.[/] - [log,173] - Initializing Spring embedded WebApplicationContext
19:46:31.670 [main] INFO  o.q.i.StdSchedulerFactory - [instantiate,1220] - Using default implementation for ThreadExecutor
19:46:31.702 [main] INFO  o.q.c.SchedulerSignalerImpl - [<init>,61] - Initialized Scheduler Signaller of type: class org.quartz.core.SchedulerSignalerImpl
19:46:31.703 [main] INFO  o.q.c.QuartzScheduler - [<init>,229] - Quartz Scheduler v.2.3.2 created.
19:46:31.713 [main] INFO  c.z.h.HikariDataSource - [getConnection,110] - HikariPool-1 - Starting...
19:46:31.982 [main] INFO  c.z.h.HikariDataSource - [getConnection,123] - HikariPool-1 - Start completed.
19:46:32.011 [main] INFO  o.q.c.QuartzScheduler - [initialize,294] - Scheduler meta-data: Quartz Scheduler (v2.3.2) 'SSRTScheduler' with instanceId 'hexudeMacBook-Air.local1647690391673'
  Scheduler class: 'org.quartz.core.QuartzScheduler' - running locally.
  NOT STARTED.
  Currently in standby mode.
  Number of jobs executed: 0
  Using thread pool 'org.quartz.simpl.SimpleThreadPool' - with 20 threads.
  Using job-store 'org.springframework.scheduling.quartz.LocalDataSourceJobStore' - which supports persistence. and is clustered.

19:46:32.011 [main] INFO  o.q.i.StdSchedulerFactory - [instantiate,1374] - Quartz scheduler 'SSRTScheduler' initialized from an externally provided properties instance.
19:46:32.011 [main] INFO  o.q.i.StdSchedulerFactory - [instantiate,1378] - Quartz scheduler version: 2.3.2
19:46:32.015 [main] INFO  o.q.c.QuartzScheduler - [setJobFactory,2293] - JobFactory set to: org.springframework.scheduling.quartz.AdaptableJobFactory@1be8c122
19:46:34.762 [main] INFO  o.q.c.QuartzScheduler - [shutdown,666] - Scheduler SSRTScheduler_$_hexudeMacBook-Air.local1647690391673 shutting down.
19:46:34.763 [main] INFO  o.q.c.QuartzScheduler - [standby,585] - Scheduler SSRTScheduler_$_hexudeMacBook-Air.local1647690391673 paused.
19:46:34.763 [main] INFO  o.q.c.QuartzScheduler - [shutdown,740] - Scheduler SSRTScheduler_$_hexudeMacBook-Air.local1647690391673 shutdown complete.
19:46:34.764 [main] INFO  c.z.h.HikariDataSource - [close,350] - HikariPool-1 - Shutdown initiated...
19:46:34.775 [main] INFO  c.z.h.HikariDataSource - [close,352] - HikariPool-1 - Shutdown completed.
19:46:34.778 [main] INFO  o.a.c.c.StandardService - [log,173] - Stopping service [Tomcat]
20:03:43.033 [background-preinit] INFO  o.h.v.i.util.Version - [<clinit>,21] - HV000001: Hibernate Validator 6.2.2.Final
20:03:44.653 [main] INFO  c.a.n.c.r.client - [lambda$createClient$0,80] - [RpcClientFactory] create a new rpc client of 43e7d1aa-815f-4f66-b88f-d8995e3cc43f_config-0
20:03:44.739 [main] INFO  o.r.Reflections - [scan,232] - Reflections took 57 ms to scan 1 urls, producing 3 keys and 6 values 
20:03:44.803 [main] INFO  o.r.Reflections - [scan,232] - Reflections took 40 ms to scan 1 urls, producing 4 keys and 9 values 
20:03:44.862 [main] INFO  o.r.Reflections - [scan,232] - Reflections took 53 ms to scan 1 urls, producing 3 keys and 10 values 
20:03:45.441 [main] INFO  o.r.Reflections - [scan,232] - Reflections took 565 ms to scan 200 urls, producing 0 keys and 0 values 
20:03:45.469 [main] INFO  o.r.Reflections - [scan,232] - Reflections took 26 ms to scan 1 urls, producing 1 keys and 5 values 
20:03:45.499 [main] INFO  o.r.Reflections - [scan,232] - Reflections took 26 ms to scan 1 urls, producing 1 keys and 7 values 
20:03:45.534 [main] INFO  o.r.Reflections - [scan,232] - Reflections took 30 ms to scan 1 urls, producing 2 keys and 8 values 
20:03:45.922 [main] INFO  o.r.Reflections - [scan,232] - Reflections took 381 ms to scan 200 urls, producing 0 keys and 0 values 
20:03:45.923 [main] INFO  c.a.n.c.r.client - [printIfInfoEnabled,60] - [43e7d1aa-815f-4f66-b88f-d8995e3cc43f_config-0] RpcClient init label, labels = {module=config, Vipserver-Tag=null, source=sdk, Amory-Tag=null, Location-Tag=null, taskId=0, AppName=unknown}
20:03:45.924 [main] INFO  c.a.n.c.r.client - [printIfInfoEnabled,60] - [43e7d1aa-815f-4f66-b88f-d8995e3cc43f_config-0] Register server push request handler:com.alibaba.nacos.client.config.impl.ClientWorker$ConfigRpcTransportClient$$Lambda$332/494894055
20:03:45.925 [main] INFO  c.a.n.c.r.client - [printIfInfoEnabled,60] - [43e7d1aa-815f-4f66-b88f-d8995e3cc43f_config-0] Register server push request handler:com.alibaba.nacos.client.config.impl.ClientWorker$ConfigRpcTransportClient$$Lambda$333/1123226989
20:03:45.926 [main] INFO  c.a.n.c.r.client - [printIfInfoEnabled,60] - [43e7d1aa-815f-4f66-b88f-d8995e3cc43f_config-0] Registry connection listener to current client:com.alibaba.nacos.client.config.impl.ClientWorker$ConfigRpcTransportClient$1
20:03:45.927 [main] INFO  c.a.n.c.r.client - [printIfInfoEnabled,60] - [43e7d1aa-815f-4f66-b88f-d8995e3cc43f_config-0] RpcClient init, ServerListFactory = com.alibaba.nacos.client.config.impl.ClientWorker$ConfigRpcTransportClient$2
20:03:45.936 [main] INFO  c.a.n.c.r.client - [printIfInfoEnabled,60] - [43e7d1aa-815f-4f66-b88f-d8995e3cc43f_config-0] Try to connect to server on start up, server: {serverIp = '127.0.0.1', server main port = 8848}
20:03:46.893 [main] INFO  c.a.n.c.r.client - [printIfInfoEnabled,60] - [43e7d1aa-815f-4f66-b88f-d8995e3cc43f_config-0] Success to connect to server [127.0.0.1:8848] on start up, connectionId = 1647691426562_127.0.0.1_49372
20:03:46.894 [com.alibaba.nacos.client.remote.worker] INFO  c.a.n.c.r.client - [printIfInfoEnabled,60] - [43e7d1aa-815f-4f66-b88f-d8995e3cc43f_config-0] Notify connected event to listeners.
20:03:46.895 [main] INFO  c.a.n.c.r.client - [printIfInfoEnabled,60] - [43e7d1aa-815f-4f66-b88f-d8995e3cc43f_config-0] Register server push request handler:com.alibaba.nacos.common.remote.client.RpcClient$ConnectResetRequestHandler
20:03:46.898 [main] INFO  c.a.n.c.r.client - [printIfInfoEnabled,60] - [43e7d1aa-815f-4f66-b88f-d8995e3cc43f_config-0] Register server push request handler:com.alibaba.nacos.common.remote.client.RpcClient$$Lambda$342/1643299824
20:03:47.004 [main] INFO  c.s.j.SSRTJobApplication - [logStartupProfileInfo,646] - The following 1 profile is active: "dev"
20:03:51.312 [main] INFO  o.a.c.h.Http11NioProtocol - [log,173] - Initializing ProtocolHandler ["http-nio-9203"]
20:03:51.312 [main] INFO  o.a.c.c.StandardService - [log,173] - Starting service [Tomcat]
20:03:51.313 [main] INFO  o.a.c.c.StandardEngine - [log,173] - Starting Servlet engine: [Apache Tomcat/9.0.58]
20:03:51.451 [main] INFO  o.a.c.c.C.[.[.[/] - [log,173] - Initializing Spring embedded WebApplicationContext
20:03:51.967 [main] INFO  o.q.i.StdSchedulerFactory - [instantiate,1220] - Using default implementation for ThreadExecutor
20:03:52.009 [main] INFO  o.q.c.SchedulerSignalerImpl - [<init>,61] - Initialized Scheduler Signaller of type: class org.quartz.core.SchedulerSignalerImpl
20:03:52.009 [main] INFO  o.q.c.QuartzScheduler - [<init>,229] - Quartz Scheduler v.2.3.2 created.
20:03:52.025 [main] INFO  c.z.h.HikariDataSource - [getConnection,110] - HikariPool-1 - Starting...
20:03:52.204 [main] INFO  c.z.h.HikariDataSource - [getConnection,123] - HikariPool-1 - Start completed.
20:03:52.226 [main] INFO  o.q.c.QuartzScheduler - [initialize,294] - Scheduler meta-data: Quartz Scheduler (v2.3.2) 'SSRTScheduler' with instanceId 'hexudeMacBook-Air.local1647691431974'
  Scheduler class: 'org.quartz.core.QuartzScheduler' - running locally.
  NOT STARTED.
  Currently in standby mode.
  Number of jobs executed: 0
  Using thread pool 'org.quartz.simpl.SimpleThreadPool' - with 20 threads.
  Using job-store 'org.springframework.scheduling.quartz.LocalDataSourceJobStore' - which supports persistence. and is clustered.

20:03:52.226 [main] INFO  o.q.i.StdSchedulerFactory - [instantiate,1374] - Quartz scheduler 'SSRTScheduler' initialized from an externally provided properties instance.
20:03:52.226 [main] INFO  o.q.i.StdSchedulerFactory - [instantiate,1378] - Quartz scheduler version: 2.3.2
20:03:52.230 [main] INFO  o.q.c.QuartzScheduler - [setJobFactory,2293] - JobFactory set to: org.springframework.scheduling.quartz.AdaptableJobFactory@20864cd1
20:03:55.081 [main] INFO  o.q.c.QuartzScheduler - [shutdown,666] - Scheduler SSRTScheduler_$_hexudeMacBook-Air.local1647691431974 shutting down.
20:03:55.081 [main] INFO  o.q.c.QuartzScheduler - [standby,585] - Scheduler SSRTScheduler_$_hexudeMacBook-Air.local1647691431974 paused.
20:03:55.082 [main] INFO  o.q.c.QuartzScheduler - [shutdown,740] - Scheduler SSRTScheduler_$_hexudeMacBook-Air.local1647691431974 shutdown complete.
20:03:55.083 [main] INFO  c.z.h.HikariDataSource - [close,350] - HikariPool-1 - Shutdown initiated...
20:03:55.101 [main] INFO  c.z.h.HikariDataSource - [close,352] - HikariPool-1 - Shutdown completed.
20:03:55.104 [main] INFO  o.a.c.c.StandardService - [log,173] - Stopping service [Tomcat]
20:13:32.955 [background-preinit] INFO  o.h.v.i.util.Version - [<clinit>,21] - HV000001: Hibernate Validator 6.2.2.Final
20:13:33.941 [main] INFO  c.a.n.c.r.client - [lambda$createClient$0,80] - [RpcClientFactory] create a new rpc client of 57fcc176-f65d-4a07-839b-a1e792136a99_config-0
20:13:34.003 [main] INFO  o.r.Reflections - [scan,232] - Reflections took 41 ms to scan 1 urls, producing 3 keys and 6 values 
20:13:34.042 [main] INFO  o.r.Reflections - [scan,232] - Reflections took 21 ms to scan 1 urls, producing 4 keys and 9 values 
20:13:34.074 [main] INFO  o.r.Reflections - [scan,232] - Reflections took 30 ms to scan 1 urls, producing 3 keys and 10 values 
20:13:34.436 [main] INFO  o.r.Reflections - [scan,232] - Reflections took 354 ms to scan 200 urls, producing 0 keys and 0 values 
20:13:34.453 [main] INFO  o.r.Reflections - [scan,232] - Reflections took 14 ms to scan 1 urls, producing 1 keys and 5 values 
20:13:34.475 [main] INFO  o.r.Reflections - [scan,232] - Reflections took 19 ms to scan 1 urls, producing 1 keys and 7 values 
20:13:34.492 [main] INFO  o.r.Reflections - [scan,232] - Reflections took 15 ms to scan 1 urls, producing 2 keys and 8 values 
20:13:34.714 [main] INFO  o.r.Reflections - [scan,232] - Reflections took 218 ms to scan 200 urls, producing 0 keys and 0 values 
20:13:34.715 [main] INFO  c.a.n.c.r.client - [printIfInfoEnabled,60] - [57fcc176-f65d-4a07-839b-a1e792136a99_config-0] RpcClient init label, labels = {module=config, Vipserver-Tag=null, source=sdk, Amory-Tag=null, Location-Tag=null, taskId=0, AppName=unknown}
20:13:34.716 [main] INFO  c.a.n.c.r.client - [printIfInfoEnabled,60] - [57fcc176-f65d-4a07-839b-a1e792136a99_config-0] Register server push request handler:com.alibaba.nacos.client.config.impl.ClientWorker$ConfigRpcTransportClient$$Lambda$332/1123226989
20:13:34.716 [main] INFO  c.a.n.c.r.client - [printIfInfoEnabled,60] - [57fcc176-f65d-4a07-839b-a1e792136a99_config-0] Register server push request handler:com.alibaba.nacos.client.config.impl.ClientWorker$ConfigRpcTransportClient$$Lambda$333/500885941
20:13:34.717 [main] INFO  c.a.n.c.r.client - [printIfInfoEnabled,60] - [57fcc176-f65d-4a07-839b-a1e792136a99_config-0] Registry connection listener to current client:com.alibaba.nacos.client.config.impl.ClientWorker$ConfigRpcTransportClient$1
20:13:34.717 [main] INFO  c.a.n.c.r.client - [printIfInfoEnabled,60] - [57fcc176-f65d-4a07-839b-a1e792136a99_config-0] RpcClient init, ServerListFactory = com.alibaba.nacos.client.config.impl.ClientWorker$ConfigRpcTransportClient$2
20:13:34.728 [main] INFO  c.a.n.c.r.client - [printIfInfoEnabled,60] - [57fcc176-f65d-4a07-839b-a1e792136a99_config-0] Try to connect to server on start up, server: {serverIp = '127.0.0.1', server main port = 8848}
20:13:35.496 [main] INFO  c.a.n.c.r.client - [printIfInfoEnabled,60] - [57fcc176-f65d-4a07-839b-a1e792136a99_config-0] Success to connect to server [127.0.0.1:8848] on start up, connectionId = 1647692015217_127.0.0.1_49523
20:13:35.497 [com.alibaba.nacos.client.remote.worker] INFO  c.a.n.c.r.client - [printIfInfoEnabled,60] - [57fcc176-f65d-4a07-839b-a1e792136a99_config-0] Notify connected event to listeners.
20:13:35.498 [main] INFO  c.a.n.c.r.client - [printIfInfoEnabled,60] - [57fcc176-f65d-4a07-839b-a1e792136a99_config-0] Register server push request handler:com.alibaba.nacos.common.remote.client.RpcClient$ConnectResetRequestHandler
20:13:35.498 [main] INFO  c.a.n.c.r.client - [printIfInfoEnabled,60] - [57fcc176-f65d-4a07-839b-a1e792136a99_config-0] Register server push request handler:com.alibaba.nacos.common.remote.client.RpcClient$$Lambda$342/688988404
20:13:35.595 [main] INFO  c.s.j.SSRTJobApplication - [logStartupProfileInfo,646] - The following 1 profile is active: "dev"
20:13:38.785 [main] INFO  o.a.c.h.Http11NioProtocol - [log,173] - Initializing ProtocolHandler ["http-nio-9203"]
20:13:38.786 [main] INFO  o.a.c.c.StandardService - [log,173] - Starting service [Tomcat]
20:13:38.786 [main] INFO  o.a.c.c.StandardEngine - [log,173] - Starting Servlet engine: [Apache Tomcat/9.0.58]
20:13:38.922 [main] INFO  o.a.c.c.C.[.[.[/] - [log,173] - Initializing Spring embedded WebApplicationContext
20:13:39.436 [main] INFO  o.q.i.StdSchedulerFactory - [instantiate,1220] - Using default implementation for ThreadExecutor
20:13:39.472 [main] INFO  o.q.c.SchedulerSignalerImpl - [<init>,61] - Initialized Scheduler Signaller of type: class org.quartz.core.SchedulerSignalerImpl
20:13:39.472 [main] INFO  o.q.c.QuartzScheduler - [<init>,229] - Quartz Scheduler v.2.3.2 created.
20:13:39.485 [main] INFO  c.z.h.HikariDataSource - [getConnection,110] - HikariPool-1 - Starting...
20:13:39.633 [main] INFO  c.z.h.HikariDataSource - [getConnection,123] - HikariPool-1 - Start completed.
20:13:39.652 [main] INFO  o.q.c.QuartzScheduler - [initialize,294] - Scheduler meta-data: Quartz Scheduler (v2.3.2) 'SSRTScheduler' with instanceId 'hexudeMacBook-Air.local1647692019442'
  Scheduler class: 'org.quartz.core.QuartzScheduler' - running locally.
  NOT STARTED.
  Currently in standby mode.
  Number of jobs executed: 0
  Using thread pool 'org.quartz.simpl.SimpleThreadPool' - with 20 threads.
  Using job-store 'org.springframework.scheduling.quartz.LocalDataSourceJobStore' - which supports persistence. and is clustered.

20:13:39.653 [main] INFO  o.q.i.StdSchedulerFactory - [instantiate,1374] - Quartz scheduler 'SSRTScheduler' initialized from an externally provided properties instance.
20:13:39.653 [main] INFO  o.q.i.StdSchedulerFactory - [instantiate,1378] - Quartz scheduler version: 2.3.2
20:13:39.657 [main] INFO  o.q.c.QuartzScheduler - [setJobFactory,2293] - JobFactory set to: org.springframework.scheduling.quartz.AdaptableJobFactory@3193e21d
20:13:40.618 [main] INFO  o.q.c.QuartzScheduler - [shutdown,666] - Scheduler SSRTScheduler_$_hexudeMacBook-Air.local1647692019442 shutting down.
20:13:40.618 [main] INFO  o.q.c.QuartzScheduler - [standby,585] - Scheduler SSRTScheduler_$_hexudeMacBook-Air.local1647692019442 paused.
20:13:40.619 [main] INFO  o.q.c.QuartzScheduler - [shutdown,740] - Scheduler SSRTScheduler_$_hexudeMacBook-Air.local1647692019442 shutdown complete.
20:13:40.619 [main] INFO  c.z.h.HikariDataSource - [close,350] - HikariPool-1 - Shutdown initiated...
20:13:40.629 [main] INFO  c.z.h.HikariDataSource - [close,352] - HikariPool-1 - Shutdown completed.
20:13:40.632 [main] INFO  o.a.c.c.StandardService - [log,173] - Stopping service [Tomcat]
20:34:59.424 [background-preinit] INFO  o.h.v.i.util.Version - [<clinit>,21] - HV000001: Hibernate Validator 6.2.2.Final
20:35:00.612 [main] INFO  c.a.n.c.r.client - [lambda$createClient$0,80] - [RpcClientFactory] create a new rpc client of 513233cd-d5bc-4eee-9131-e3b57bfd4a55_config-0
20:35:00.688 [main] INFO  o.r.Reflections - [scan,232] - Reflections took 48 ms to scan 1 urls, producing 3 keys and 6 values 
20:35:00.733 [main] INFO  o.r.Reflections - [scan,232] - Reflections took 27 ms to scan 1 urls, producing 4 keys and 9 values 
20:35:00.753 [main] INFO  o.r.Reflections - [scan,232] - Reflections took 17 ms to scan 1 urls, producing 3 keys and 10 values 
20:35:01.161 [main] INFO  o.r.Reflections - [scan,232] - Reflections took 404 ms to scan 200 urls, producing 0 keys and 0 values 
20:35:01.177 [main] INFO  o.r.Reflections - [scan,232] - Reflections took 14 ms to scan 1 urls, producing 1 keys and 5 values 
20:35:01.194 [main] INFO  o.r.Reflections - [scan,232] - Reflections took 15 ms to scan 1 urls, producing 1 keys and 7 values 
20:35:01.212 [main] INFO  o.r.Reflections - [scan,232] - Reflections took 15 ms to scan 1 urls, producing 2 keys and 8 values 
20:35:01.516 [main] INFO  o.r.Reflections - [scan,232] - Reflections took 300 ms to scan 200 urls, producing 0 keys and 0 values 
20:35:01.517 [main] INFO  c.a.n.c.r.client - [printIfInfoEnabled,60] - [513233cd-d5bc-4eee-9131-e3b57bfd4a55_config-0] RpcClient init label, labels = {module=config, Vipserver-Tag=null, source=sdk, Amory-Tag=null, Location-Tag=null, taskId=0, AppName=unknown}
20:35:01.518 [main] INFO  c.a.n.c.r.client - [printIfInfoEnabled,60] - [513233cd-d5bc-4eee-9131-e3b57bfd4a55_config-0] Register server push request handler:com.alibaba.nacos.client.config.impl.ClientWorker$ConfigRpcTransportClient$$Lambda$332/494894055
20:35:01.519 [main] INFO  c.a.n.c.r.client - [printIfInfoEnabled,60] - [513233cd-d5bc-4eee-9131-e3b57bfd4a55_config-0] Register server push request handler:com.alibaba.nacos.client.config.impl.ClientWorker$ConfigRpcTransportClient$$Lambda$333/1123226989
20:35:01.520 [main] INFO  c.a.n.c.r.client - [printIfInfoEnabled,60] - [513233cd-d5bc-4eee-9131-e3b57bfd4a55_config-0] Registry connection listener to current client:com.alibaba.nacos.client.config.impl.ClientWorker$ConfigRpcTransportClient$1
20:35:01.521 [main] INFO  c.a.n.c.r.client - [printIfInfoEnabled,60] - [513233cd-d5bc-4eee-9131-e3b57bfd4a55_config-0] RpcClient init, ServerListFactory = com.alibaba.nacos.client.config.impl.ClientWorker$ConfigRpcTransportClient$2
20:35:01.529 [main] INFO  c.a.n.c.r.client - [printIfInfoEnabled,60] - [513233cd-d5bc-4eee-9131-e3b57bfd4a55_config-0] Try to connect to server on start up, server: {serverIp = '127.0.0.1', server main port = 8848}
20:35:02.418 [main] INFO  c.a.n.c.r.client - [printIfInfoEnabled,60] - [513233cd-d5bc-4eee-9131-e3b57bfd4a55_config-0] Success to connect to server [127.0.0.1:8848] on start up, connectionId = 1647693302086_127.0.0.1_49882
20:35:02.419 [com.alibaba.nacos.client.remote.worker] INFO  c.a.n.c.r.client - [printIfInfoEnabled,60] - [513233cd-d5bc-4eee-9131-e3b57bfd4a55_config-0] Notify connected event to listeners.
20:35:02.419 [main] INFO  c.a.n.c.r.client - [printIfInfoEnabled,60] - [513233cd-d5bc-4eee-9131-e3b57bfd4a55_config-0] Register server push request handler:com.alibaba.nacos.common.remote.client.RpcClient$ConnectResetRequestHandler
20:35:02.420 [main] INFO  c.a.n.c.r.client - [printIfInfoEnabled,60] - [513233cd-d5bc-4eee-9131-e3b57bfd4a55_config-0] Register server push request handler:com.alibaba.nacos.common.remote.client.RpcClient$$Lambda$342/1643299824
20:35:02.530 [main] INFO  c.s.j.SSRTJobApplication - [logStartupProfileInfo,646] - The following 1 profile is active: "dev"
20:35:05.920 [main] INFO  o.a.c.h.Http11NioProtocol - [log,173] - Initializing ProtocolHandler ["http-nio-9203"]
20:35:05.921 [main] INFO  o.a.c.c.StandardService - [log,173] - Starting service [Tomcat]
20:35:05.922 [main] INFO  o.a.c.c.StandardEngine - [log,173] - Starting Servlet engine: [Apache Tomcat/9.0.58]
20:35:06.056 [main] INFO  o.a.c.c.C.[.[.[/] - [log,173] - Initializing Spring embedded WebApplicationContext
20:35:06.708 [main] INFO  o.q.i.StdSchedulerFactory - [instantiate,1220] - Using default implementation for ThreadExecutor
20:35:06.743 [main] INFO  o.q.c.SchedulerSignalerImpl - [<init>,61] - Initialized Scheduler Signaller of type: class org.quartz.core.SchedulerSignalerImpl
20:35:06.744 [main] INFO  o.q.c.QuartzScheduler - [<init>,229] - Quartz Scheduler v.2.3.2 created.
20:35:06.762 [main] INFO  c.z.h.HikariDataSource - [getConnection,110] - HikariPool-1 - Starting...
20:35:06.930 [main] INFO  c.z.h.HikariDataSource - [getConnection,123] - HikariPool-1 - Start completed.
20:35:06.949 [main] INFO  o.q.c.QuartzScheduler - [initialize,294] - Scheduler meta-data: Quartz Scheduler (v2.3.2) 'SSRTScheduler' with instanceId 'hexudeMacBook-Air.local1647693306712'
  Scheduler class: 'org.quartz.core.QuartzScheduler' - running locally.
  NOT STARTED.
  Currently in standby mode.
  Number of jobs executed: 0
  Using thread pool 'org.quartz.simpl.SimpleThreadPool' - with 20 threads.
  Using job-store 'org.springframework.scheduling.quartz.LocalDataSourceJobStore' - which supports persistence. and is clustered.

20:35:06.950 [main] INFO  o.q.i.StdSchedulerFactory - [instantiate,1374] - Quartz scheduler 'SSRTScheduler' initialized from an externally provided properties instance.
20:35:06.950 [main] INFO  o.q.i.StdSchedulerFactory - [instantiate,1378] - Quartz scheduler version: 2.3.2
20:35:06.953 [main] INFO  o.q.c.QuartzScheduler - [setJobFactory,2293] - JobFactory set to: org.springframework.scheduling.quartz.AdaptableJobFactory@1be8c122
20:35:09.038 [main] INFO  c.a.n.c.r.client - [lambda$createClient$0,80] - [RpcClientFactory] create a new rpc client of 6db86ac1-d4c6-4f40-83cc-0637f5367291
20:35:09.040 [main] INFO  c.a.n.c.r.client - [printIfInfoEnabled,60] - [6db86ac1-d4c6-4f40-83cc-0637f5367291] RpcClient init label, labels = {module=naming, source=sdk}
20:35:09.043 [main] INFO  c.a.n.c.r.client - [printIfInfoEnabled,60] - [6db86ac1-d4c6-4f40-83cc-0637f5367291] RpcClient init, ServerListFactory = com.alibaba.nacos.client.naming.core.ServerListManager
20:35:09.044 [main] INFO  c.a.n.c.r.client - [printIfInfoEnabled,60] - [6db86ac1-d4c6-4f40-83cc-0637f5367291] Registry connection listener to current client:com.alibaba.nacos.client.naming.remote.gprc.redo.NamingGrpcRedoService
20:35:09.045 [main] INFO  c.a.n.c.r.client - [printIfInfoEnabled,60] - [6db86ac1-d4c6-4f40-83cc-0637f5367291] Register server push request handler:com.alibaba.nacos.client.naming.remote.gprc.NamingPushRequestHandler
20:35:09.047 [main] INFO  c.a.n.c.r.client - [printIfInfoEnabled,60] - [6db86ac1-d4c6-4f40-83cc-0637f5367291] Try to connect to server on start up, server: {serverIp = '127.0.0.1', server main port = 8848}
20:35:09.207 [main] INFO  c.a.n.c.r.client - [printIfInfoEnabled,60] - [6db86ac1-d4c6-4f40-83cc-0637f5367291] Success to connect to server [127.0.0.1:8848] on start up, connectionId = 1647693309085_127.0.0.1_49894
20:35:09.207 [com.alibaba.nacos.client.remote.worker] INFO  c.a.n.c.r.client - [printIfInfoEnabled,60] - [6db86ac1-d4c6-4f40-83cc-0637f5367291] Notify connected event to listeners.
20:35:09.207 [main] INFO  c.a.n.c.r.client - [printIfInfoEnabled,60] - [6db86ac1-d4c6-4f40-83cc-0637f5367291] Register server push request handler:com.alibaba.nacos.common.remote.client.RpcClient$ConnectResetRequestHandler
20:35:09.208 [main] INFO  c.a.n.c.r.client - [printIfInfoEnabled,60] - [6db86ac1-d4c6-4f40-83cc-0637f5367291] Register server push request handler:com.alibaba.nacos.common.remote.client.RpcClient$$Lambda$342/1643299824
20:35:11.493 [main] INFO  o.a.c.h.Http11NioProtocol - [log,173] - Starting ProtocolHandler ["http-nio-9203"]
20:35:11.532 [main] INFO  c.a.c.n.r.NacosServiceRegistry - [register,75] - nacos registry, DEFAULT_GROUP ssrt-job 192.168.1.4:9203 register finished
20:35:11.907 [http-nio-9203-exec-1] INFO  o.a.c.c.C.[.[.[/] - [log,173] - Initializing Spring DispatcherServlet 'dispatcherServlet'
20:35:12.011 [nacos-grpc-client-executor-9] INFO  c.a.n.c.r.client - [printIfInfoEnabled,60] - [6db86ac1-d4c6-4f40-83cc-0637f5367291] Receive server push request, request = NotifySubscriberRequest, requestId = 112
20:35:12.023 [nacos-grpc-client-executor-9] INFO  c.a.n.c.r.client - [printIfInfoEnabled,60] - [6db86ac1-d4c6-4f40-83cc-0637f5367291] Ack server push request, request = NotifySubscriberRequest, requestId = 112
20:35:12.105 [main] INFO  c.s.j.SSRTJobApplication - [logStarted,61] - Started SSRTJobApplication in 14.203 seconds (JVM running for 16.42)
20:35:13.032 [Quartz Scheduler [SSRTScheduler]] INFO  o.q.c.QuartzScheduler - [start,547] - Scheduler SSRTScheduler_$_hexudeMacBook-Air.local1647693306712 started.
20:46:53.230 [nacos-grpc-client-executor-225] INFO  c.a.n.c.r.client - [printIfInfoEnabled,60] - [513233cd-d5bc-4eee-9131-e3b57bfd4a55_config-0] Receive server push request, request = ConfigChangeNotifyRequest, requestId = 116
20:46:53.236 [nacos-grpc-client-executor-225] INFO  c.a.n.c.r.client - [printIfInfoEnabled,60] - [513233cd-d5bc-4eee-9131-e3b57bfd4a55_config-0] Ack server push request, request = ConfigChangeNotifyRequest, requestId = 116
22:32:36.954 [nacos-grpc-client-executor-1632] INFO  c.a.n.c.r.client - [printIfInfoEnabled,60] - [513233cd-d5bc-4eee-9131-e3b57bfd4a55_config-0] Receive server push request, request = ClientDetectionRequest, requestId = 135
22:32:36.983 [nacos-grpc-client-executor-1632] INFO  c.a.n.c.r.client - [printIfInfoEnabled,60] - [513233cd-d5bc-4eee-9131-e3b57bfd4a55_config-0] Ack server push request, request = ClientDetectionRequest, requestId = 135
22:59:00.382 [nacos-grpc-client-executor-1699] INFO  c.a.n.c.r.client - [printIfInfoEnabled,60] - [6db86ac1-d4c6-4f40-83cc-0637f5367291] Receive server push request, request = ClientDetectionRequest, requestId = 141
22:59:00.384 [nacos-grpc-client-executor-1699] INFO  c.a.n.c.r.client - [printIfInfoEnabled,60] - [6db86ac1-d4c6-4f40-83cc-0637f5367291] Ack server push request, request = ClientDetectionRequest, requestId = 141
23:16:47.247 [nacos-grpc-client-executor-1710] INFO  c.a.n.c.r.client - [printIfInfoEnabled,60] - [6db86ac1-d4c6-4f40-83cc-0637f5367291] Receive server push request, request = ClientDetectionRequest, requestId = 151
23:16:47.243 [nacos-grpc-client-executor-1654] INFO  c.a.n.c.r.client - [printIfInfoEnabled,60] - [513233cd-d5bc-4eee-9131-e3b57bfd4a55_config-0] Receive server push request, request = ClientDetectionRequest, requestId = 148
23:16:47.252 [nacos-grpc-client-executor-1654] INFO  c.a.n.c.r.client - [printIfInfoEnabled,60] - [513233cd-d5bc-4eee-9131-e3b57bfd4a55_config-0] Ack server push request, request = ClientDetectionRequest, requestId = 148
23:16:47.248 [nacos-grpc-client-executor-1710] INFO  c.a.n.c.r.client - [printIfInfoEnabled,60] - [6db86ac1-d4c6-4f40-83cc-0637f5367291] Ack server push request, request = ClientDetectionRequest, requestId = 151
23:29:18.344 [nacos-grpc-client-executor-1666] INFO  c.a.n.c.r.client - [printIfInfoEnabled,60] - [513233cd-d5bc-4eee-9131-e3b57bfd4a55_config-0] Receive server push request, request = ClientDetectionRequest, requestId = 162
23:29:18.353 [nacos-grpc-client-executor-1666] INFO  c.a.n.c.r.client - [printIfInfoEnabled,60] - [513233cd-d5bc-4eee-9131-e3b57bfd4a55_config-0] Ack server push request, request = ClientDetectionRequest, requestId = 162
23:46:42.377 [nacos-grpc-client-executor-1735] INFO  c.a.n.c.r.client - [printIfInfoEnabled,60] - [6db86ac1-d4c6-4f40-83cc-0637f5367291] Receive server push request, request = ClientDetectionRequest, requestId = 170
23:46:42.378 [nacos-grpc-client-executor-1735] INFO  c.a.n.c.r.client - [printIfInfoEnabled,60] - [6db86ac1-d4c6-4f40-83cc-0637f5367291] Ack server push request, request = ClientDetectionRequest, requestId = 170
