01:01:37.647 [nacos-grpc-client-executor-1110] INFO  c.a.n.c.r.client - [printIfInfoEnabled,60] - [c4279eb5-6709-4060-8ea1-be35038bcb59_config-0] Receive server push request, request = ClientDetectionRequest, requestId = 174
01:01:37.652 [nacos-grpc-client-executor-1147] INFO  c.a.n.c.r.client - [printIfInfoEnabled,60] - [c19a5ff5-1f26-4148-8d0e-19724fa6ed63] Receive server push request, request = ClientDetectionRequest, requestId = 176
01:01:37.760 [nacos-grpc-client-executor-1147] INFO  c.a.n.c.r.client - [printIfInfoEnabled,60] - [c19a5ff5-1f26-4148-8d0e-19724fa6ed63] Ack server push request, request = ClientDetectionRequest, requestId = 176
01:01:37.756 [nacos-grpc-client-executor-1110] INFO  c.a.n.c.r.client - [printIfInfoEnabled,60] - [c4279eb5-6709-4060-8ea1-be35038bcb59_config-0] Ack server push request, request = ClientDetectionRequest, requestId = 174
02:35:02.213 [nacos-grpc-client-executor-1158] INFO  c.a.n.c.r.client - [printIfInfoEnabled,60] - [c19a5ff5-1f26-4148-8d0e-19724fa6ed63] Receive server push request, request = ClientDetectionRequest, requestId = 181
02:35:02.216 [nacos-grpc-client-executor-1158] INFO  c.a.n.c.r.client - [printIfInfoEnabled,60] - [c19a5ff5-1f26-4148-8d0e-19724fa6ed63] Ack server push request, request = ClientDetectionRequest, requestId = 181
07:10:32.657 [nacos-grpc-client-executor-1376] INFO  c.a.n.c.r.client - [printIfInfoEnabled,60] - [c19a5ff5-1f26-4148-8d0e-19724fa6ed63] Receive server push request, request = ClientDetectionRequest, requestId = 188
07:10:32.658 [nacos-grpc-client-executor-1376] INFO  c.a.n.c.r.client - [printIfInfoEnabled,60] - [c19a5ff5-1f26-4148-8d0e-19724fa6ed63] Ack server push request, request = ClientDetectionRequest, requestId = 188
11:29:19.255 [nacos-grpc-client-executor-1341] INFO  c.a.n.c.r.client - [printIfInfoEnabled,60] - [c4279eb5-6709-4060-8ea1-be35038bcb59_config-0] Receive server push request, request = ClientDetectionRequest, requestId = 197
11:29:19.261 [nacos-grpc-client-executor-1341] INFO  c.a.n.c.r.client - [printIfInfoEnabled,60] - [c4279eb5-6709-4060-8ea1-be35038bcb59_config-0] Ack server push request, request = ClientDetectionRequest, requestId = 197
11:29:19.291 [nacos-grpc-client-executor-1392] INFO  c.a.n.c.r.client - [printIfInfoEnabled,60] - [c19a5ff5-1f26-4148-8d0e-19724fa6ed63] Receive server push request, request = ClientDetectionRequest, requestId = 199
11:29:19.291 [nacos-grpc-client-executor-1392] INFO  c.a.n.c.r.client - [printIfInfoEnabled,60] - [c19a5ff5-1f26-4148-8d0e-19724fa6ed63] Ack server push request, request = ClientDetectionRequest, requestId = 199
11:44:29.262 [SpringApplicationShutdownHook] INFO  c.a.c.n.r.NacosServiceRegistry - [deregister,90] - De-registering from Nacos Server now...
11:44:29.329 [SpringApplicationShutdownHook] INFO  c.a.c.n.r.NacosServiceRegistry - [deregister,110] - De-registration finished.
11:44:29.870 [SpringApplicationShutdownHook] INFO  c.a.n.c.r.client - [shutdown,454] - Shutdown rpc client, set status to shutdown
11:44:29.872 [SpringApplicationShutdownHook] INFO  c.a.n.c.r.client - [shutdown,456] - Shutdown client event executor java.util.concurrent.ScheduledThreadPoolExecutor@2024e55b[Running, pool size = 2, active threads = 2, queued tasks = 0, completed tasks = 0]
11:44:29.873 [SpringApplicationShutdownHook] INFO  c.a.n.c.r.client - [closeConnection,591] - Close current connection 1647695671169_127.0.0.1_50758
11:44:29.886 [nacos-grpc-client-executor-1599] INFO  c.a.n.c.r.c.g.GrpcClient - [printIfInfoEnabled,60] - [1647695671169_127.0.0.1_50758]Ignore complete event,isRunning:false,isAbandon=false
11:44:30.129 [SpringApplicationShutdownHook] INFO  c.a.n.c.r.c.g.GrpcClient - [shutdown,85] - Shutdown grpc executor java.util.concurrent.ThreadPoolExecutor@760c541a[Running, pool size = 5, active threads = 0, queued tasks = 0, completed tasks = 1600]
11:44:56.410 [background-preinit] INFO  o.h.v.i.util.Version - [<clinit>,21] - HV000001: Hibernate Validator 6.2.2.Final
11:44:58.389 [main] INFO  c.a.n.c.r.client - [lambda$createClient$0,80] - [RpcClientFactory] create a new rpc client of e3670270-252f-4adb-a360-0f78bc741b24_config-0
11:44:58.636 [main] INFO  o.r.Reflections - [scan,232] - Reflections took 178 ms to scan 1 urls, producing 3 keys and 6 values 
11:44:58.789 [main] INFO  o.r.Reflections - [scan,232] - Reflections took 92 ms to scan 1 urls, producing 4 keys and 9 values 
11:44:58.885 [main] INFO  o.r.Reflections - [scan,232] - Reflections took 86 ms to scan 1 urls, producing 3 keys and 10 values 
11:44:59.642 [main] INFO  o.r.Reflections - [scan,232] - Reflections took 740 ms to scan 203 urls, producing 0 keys and 0 values 
11:44:59.683 [main] INFO  o.r.Reflections - [scan,232] - Reflections took 40 ms to scan 1 urls, producing 1 keys and 5 values 
11:44:59.736 [main] INFO  o.r.Reflections - [scan,232] - Reflections took 44 ms to scan 1 urls, producing 1 keys and 7 values 
11:44:59.814 [main] INFO  o.r.Reflections - [scan,232] - Reflections took 52 ms to scan 1 urls, producing 2 keys and 8 values 
11:45:00.531 [main] INFO  o.r.Reflections - [scan,232] - Reflections took 713 ms to scan 203 urls, producing 0 keys and 0 values 
11:45:00.534 [main] INFO  c.a.n.c.r.client - [printIfInfoEnabled,60] - [e3670270-252f-4adb-a360-0f78bc741b24_config-0] RpcClient init label, labels = {module=config, Vipserver-Tag=null, source=sdk, Amory-Tag=null, Location-Tag=null, taskId=0, AppName=unknown}
11:45:00.536 [main] INFO  c.a.n.c.r.client - [printIfInfoEnabled,60] - [e3670270-252f-4adb-a360-0f78bc741b24_config-0] Register server push request handler:com.alibaba.nacos.client.config.impl.ClientWorker$ConfigRpcTransportClient$$Lambda$332/1692375649
11:45:00.537 [main] INFO  c.a.n.c.r.client - [printIfInfoEnabled,60] - [e3670270-252f-4adb-a360-0f78bc741b24_config-0] Register server push request handler:com.alibaba.nacos.client.config.impl.ClientWorker$ConfigRpcTransportClient$$Lambda$333/2002790740
11:45:00.542 [main] INFO  c.a.n.c.r.client - [printIfInfoEnabled,60] - [e3670270-252f-4adb-a360-0f78bc741b24_config-0] Registry connection listener to current client:com.alibaba.nacos.client.config.impl.ClientWorker$ConfigRpcTransportClient$1
11:45:00.544 [main] INFO  c.a.n.c.r.client - [printIfInfoEnabled,60] - [e3670270-252f-4adb-a360-0f78bc741b24_config-0] RpcClient init, ServerListFactory = com.alibaba.nacos.client.config.impl.ClientWorker$ConfigRpcTransportClient$2
11:45:00.561 [main] INFO  c.a.n.c.r.client - [printIfInfoEnabled,60] - [e3670270-252f-4adb-a360-0f78bc741b24_config-0] Try to connect to server on start up, server: {serverIp = '127.0.0.1', server main port = 8848}
11:45:03.016 [main] INFO  c.a.n.c.r.client - [printIfInfoEnabled,60] - [e3670270-252f-4adb-a360-0f78bc741b24_config-0] Success to connect to server [127.0.0.1:8848] on start up, connectionId = 1647747902603_127.0.0.1_53243
11:45:03.017 [com.alibaba.nacos.client.remote.worker] INFO  c.a.n.c.r.client - [printIfInfoEnabled,60] - [e3670270-252f-4adb-a360-0f78bc741b24_config-0] Notify connected event to listeners.
11:45:03.019 [main] INFO  c.a.n.c.r.client - [printIfInfoEnabled,60] - [e3670270-252f-4adb-a360-0f78bc741b24_config-0] Register server push request handler:com.alibaba.nacos.common.remote.client.RpcClient$ConnectResetRequestHandler
11:45:03.021 [main] INFO  c.a.n.c.r.client - [printIfInfoEnabled,60] - [e3670270-252f-4adb-a360-0f78bc741b24_config-0] Register server push request handler:com.alibaba.nacos.common.remote.client.RpcClient$$Lambda$342/1112075608
11:45:03.352 [main] INFO  c.s.f.SSRTFileApplication - [logStartupProfileInfo,646] - The following 1 profile is active: "dev"
11:45:15.237 [main] INFO  o.a.c.h.Http11NioProtocol - [log,173] - Initializing ProtocolHandler ["http-nio-9300"]
11:45:15.269 [main] INFO  o.a.c.c.StandardService - [log,173] - Starting service [Tomcat]
11:45:15.269 [main] INFO  o.a.c.c.StandardEngine - [log,173] - Starting Servlet engine: [Apache Tomcat/9.0.58]
11:45:15.981 [main] INFO  o.a.c.c.C.[.[.[/] - [log,173] - Initializing Spring embedded WebApplicationContext
11:45:23.569 [main] INFO  c.a.n.c.r.client - [lambda$createClient$0,80] - [RpcClientFactory] create a new rpc client of 51d65d18-4fdb-4e61-a10a-ee74c9f98433
11:45:23.572 [main] INFO  c.a.n.c.r.client - [printIfInfoEnabled,60] - [51d65d18-4fdb-4e61-a10a-ee74c9f98433] RpcClient init label, labels = {module=naming, source=sdk}
11:45:23.575 [main] INFO  c.a.n.c.r.client - [printIfInfoEnabled,60] - [51d65d18-4fdb-4e61-a10a-ee74c9f98433] RpcClient init, ServerListFactory = com.alibaba.nacos.client.naming.core.ServerListManager
11:45:23.577 [main] INFO  c.a.n.c.r.client - [printIfInfoEnabled,60] - [51d65d18-4fdb-4e61-a10a-ee74c9f98433] Registry connection listener to current client:com.alibaba.nacos.client.naming.remote.gprc.redo.NamingGrpcRedoService
11:45:23.578 [main] INFO  c.a.n.c.r.client - [printIfInfoEnabled,60] - [51d65d18-4fdb-4e61-a10a-ee74c9f98433] Register server push request handler:com.alibaba.nacos.client.naming.remote.gprc.NamingPushRequestHandler
11:45:23.580 [main] INFO  c.a.n.c.r.client - [printIfInfoEnabled,60] - [51d65d18-4fdb-4e61-a10a-ee74c9f98433] Try to connect to server on start up, server: {serverIp = '127.0.0.1', server main port = 8848}
11:45:23.699 [main] INFO  c.a.n.c.r.client - [printIfInfoEnabled,60] - [51d65d18-4fdb-4e61-a10a-ee74c9f98433] Success to connect to server [127.0.0.1:8848] on start up, connectionId = 1647747923591_127.0.0.1_53274
11:45:23.701 [com.alibaba.nacos.client.remote.worker] INFO  c.a.n.c.r.client - [printIfInfoEnabled,60] - [51d65d18-4fdb-4e61-a10a-ee74c9f98433] Notify connected event to listeners.
11:45:23.701 [main] INFO  c.a.n.c.r.client - [printIfInfoEnabled,60] - [51d65d18-4fdb-4e61-a10a-ee74c9f98433] Register server push request handler:com.alibaba.nacos.common.remote.client.RpcClient$ConnectResetRequestHandler
11:45:23.703 [main] INFO  c.a.n.c.r.client - [printIfInfoEnabled,60] - [51d65d18-4fdb-4e61-a10a-ee74c9f98433] Register server push request handler:com.alibaba.nacos.common.remote.client.RpcClient$$Lambda$342/1112075608
11:45:27.964 [main] INFO  o.a.c.h.Http11NioProtocol - [log,173] - Starting ProtocolHandler ["http-nio-9300"]
11:45:28.156 [main] INFO  c.a.c.n.r.NacosServiceRegistry - [register,75] - nacos registry, DEFAULT_GROUP ssrt-file 192.168.1.4:9300 register finished
11:45:28.356 [nacos-grpc-client-executor-9] INFO  c.a.n.c.r.client - [printIfInfoEnabled,60] - [51d65d18-4fdb-4e61-a10a-ee74c9f98433] Receive server push request, request = NotifySubscriberRequest, requestId = 228
11:45:28.366 [nacos-grpc-client-executor-9] INFO  c.a.n.c.r.client - [printIfInfoEnabled,60] - [51d65d18-4fdb-4e61-a10a-ee74c9f98433] Ack server push request, request = NotifySubscriberRequest, requestId = 228
11:45:29.297 [main] INFO  c.s.f.SSRTFileApplication - [logStarted,61] - Started SSRTFileApplication in 34.776 seconds (JVM running for 37.595)
11:45:29.852 [RMI TCP Connection(10)-127.0.0.1] INFO  o.a.c.c.C.[.[.[/] - [log,173] - Initializing Spring DispatcherServlet 'dispatcherServlet'
11:52:27.351 [SpringApplicationShutdownHook] INFO  c.a.c.n.r.NacosServiceRegistry - [deregister,90] - De-registering from Nacos Server now...
11:52:27.357 [SpringApplicationShutdownHook] INFO  c.a.c.n.r.NacosServiceRegistry - [deregister,110] - De-registration finished.
11:52:27.695 [SpringApplicationShutdownHook] INFO  c.a.n.c.r.client - [shutdown,454] - Shutdown rpc client, set status to shutdown
11:52:27.696 [SpringApplicationShutdownHook] INFO  c.a.n.c.r.client - [shutdown,456] - Shutdown client event executor java.util.concurrent.ScheduledThreadPoolExecutor@2687aa73[Running, pool size = 2, active threads = 2, queued tasks = 0, completed tasks = 0]
11:52:27.710 [SpringApplicationShutdownHook] INFO  c.a.n.c.r.client - [closeConnection,591] - Close current connection 1647747923591_127.0.0.1_53274
11:52:27.714 [nacos-grpc-client-executor-144] INFO  c.a.n.c.r.c.g.GrpcClient - [printIfInfoEnabled,60] - [1647747923591_127.0.0.1_53274]Ignore complete event,isRunning:false,isAbandon=false
11:52:27.733 [SpringApplicationShutdownHook] INFO  c.a.n.c.r.c.g.GrpcClient - [shutdown,85] - Shutdown grpc executor java.util.concurrent.ThreadPoolExecutor@3f7f728[Running, pool size = 6, active threads = 0, queued tasks = 0, completed tasks = 145]
11:52:36.660 [background-preinit] INFO  o.h.v.i.util.Version - [<clinit>,21] - HV000001: Hibernate Validator 6.2.2.Final
11:52:37.856 [main] INFO  c.a.n.c.r.client - [lambda$createClient$0,80] - [RpcClientFactory] create a new rpc client of e33d40d2-721f-495e-b1bf-1c614fa69d23_config-0
11:52:37.921 [main] INFO  o.r.Reflections - [scan,232] - Reflections took 42 ms to scan 1 urls, producing 3 keys and 6 values 
11:52:37.971 [main] INFO  o.r.Reflections - [scan,232] - Reflections took 29 ms to scan 1 urls, producing 4 keys and 9 values 
11:52:37.993 [main] INFO  o.r.Reflections - [scan,232] - Reflections took 18 ms to scan 1 urls, producing 3 keys and 10 values 
11:52:38.287 [main] INFO  o.r.Reflections - [scan,232] - Reflections took 286 ms to scan 203 urls, producing 0 keys and 0 values 
11:52:38.308 [main] INFO  o.r.Reflections - [scan,232] - Reflections took 20 ms to scan 1 urls, producing 1 keys and 5 values 
11:52:38.335 [main] INFO  o.r.Reflections - [scan,232] - Reflections took 24 ms to scan 1 urls, producing 1 keys and 7 values 
11:52:38.352 [main] INFO  o.r.Reflections - [scan,232] - Reflections took 14 ms to scan 1 urls, producing 2 keys and 8 values 
11:52:38.548 [main] INFO  o.r.Reflections - [scan,232] - Reflections took 193 ms to scan 203 urls, producing 0 keys and 0 values 
11:52:38.550 [main] INFO  c.a.n.c.r.client - [printIfInfoEnabled,60] - [e33d40d2-721f-495e-b1bf-1c614fa69d23_config-0] RpcClient init label, labels = {module=config, Vipserver-Tag=null, source=sdk, Amory-Tag=null, Location-Tag=null, taskId=0, AppName=unknown}
11:52:38.551 [main] INFO  c.a.n.c.r.client - [printIfInfoEnabled,60] - [e33d40d2-721f-495e-b1bf-1c614fa69d23_config-0] Register server push request handler:com.alibaba.nacos.client.config.impl.ClientWorker$ConfigRpcTransportClient$$Lambda$332/955611965
11:52:38.551 [main] INFO  c.a.n.c.r.client - [printIfInfoEnabled,60] - [e33d40d2-721f-495e-b1bf-1c614fa69d23_config-0] Register server push request handler:com.alibaba.nacos.client.config.impl.ClientWorker$ConfigRpcTransportClient$$Lambda$333/1367672657
11:52:38.552 [main] INFO  c.a.n.c.r.client - [printIfInfoEnabled,60] - [e33d40d2-721f-495e-b1bf-1c614fa69d23_config-0] Registry connection listener to current client:com.alibaba.nacos.client.config.impl.ClientWorker$ConfigRpcTransportClient$1
11:52:38.553 [main] INFO  c.a.n.c.r.client - [printIfInfoEnabled,60] - [e33d40d2-721f-495e-b1bf-1c614fa69d23_config-0] RpcClient init, ServerListFactory = com.alibaba.nacos.client.config.impl.ClientWorker$ConfigRpcTransportClient$2
11:52:38.563 [main] INFO  c.a.n.c.r.client - [printIfInfoEnabled,60] - [e33d40d2-721f-495e-b1bf-1c614fa69d23_config-0] Try to connect to server on start up, server: {serverIp = '127.0.0.1', server main port = 8848}
11:52:39.386 [main] INFO  c.a.n.c.r.client - [printIfInfoEnabled,60] - [e33d40d2-721f-495e-b1bf-1c614fa69d23_config-0] Success to connect to server [127.0.0.1:8848] on start up, connectionId = 1647748359072_127.0.0.1_53514
11:52:39.387 [com.alibaba.nacos.client.remote.worker] INFO  c.a.n.c.r.client - [printIfInfoEnabled,60] - [e33d40d2-721f-495e-b1bf-1c614fa69d23_config-0] Notify connected event to listeners.
11:52:39.387 [main] INFO  c.a.n.c.r.client - [printIfInfoEnabled,60] - [e33d40d2-721f-495e-b1bf-1c614fa69d23_config-0] Register server push request handler:com.alibaba.nacos.common.remote.client.RpcClient$ConnectResetRequestHandler
11:52:39.388 [main] INFO  c.a.n.c.r.client - [printIfInfoEnabled,60] - [e33d40d2-721f-495e-b1bf-1c614fa69d23_config-0] Register server push request handler:com.alibaba.nacos.common.remote.client.RpcClient$$Lambda$342/1420623741
11:52:39.485 [main] INFO  c.s.f.SSRTFileApplication - [logStartupProfileInfo,646] - The following 1 profile is active: "dev"
11:52:44.900 [main] INFO  o.a.c.h.Http11NioProtocol - [log,173] - Initializing ProtocolHandler ["http-nio-9300"]
11:52:44.901 [main] INFO  o.a.c.c.StandardService - [log,173] - Starting service [Tomcat]
11:52:44.903 [main] INFO  o.a.c.c.StandardEngine - [log,173] - Starting Servlet engine: [Apache Tomcat/9.0.58]
11:52:45.172 [main] INFO  o.a.c.c.C.[.[.[/] - [log,173] - Initializing Spring embedded WebApplicationContext
11:52:49.093 [main] INFO  c.a.n.c.r.client - [lambda$createClient$0,80] - [RpcClientFactory] create a new rpc client of a5796c29-e358-41e1-b239-bb5f05ba03ad
11:52:49.095 [main] INFO  c.a.n.c.r.client - [printIfInfoEnabled,60] - [a5796c29-e358-41e1-b239-bb5f05ba03ad] RpcClient init label, labels = {module=naming, source=sdk}
11:52:49.101 [main] INFO  c.a.n.c.r.client - [printIfInfoEnabled,60] - [a5796c29-e358-41e1-b239-bb5f05ba03ad] RpcClient init, ServerListFactory = com.alibaba.nacos.client.naming.core.ServerListManager
11:52:49.103 [main] INFO  c.a.n.c.r.client - [printIfInfoEnabled,60] - [a5796c29-e358-41e1-b239-bb5f05ba03ad] Registry connection listener to current client:com.alibaba.nacos.client.naming.remote.gprc.redo.NamingGrpcRedoService
11:52:49.105 [main] INFO  c.a.n.c.r.client - [printIfInfoEnabled,60] - [a5796c29-e358-41e1-b239-bb5f05ba03ad] Register server push request handler:com.alibaba.nacos.client.naming.remote.gprc.NamingPushRequestHandler
11:52:49.106 [main] INFO  c.a.n.c.r.client - [printIfInfoEnabled,60] - [a5796c29-e358-41e1-b239-bb5f05ba03ad] Try to connect to server on start up, server: {serverIp = '127.0.0.1', server main port = 8848}
11:52:49.227 [main] INFO  c.a.n.c.r.client - [printIfInfoEnabled,60] - [a5796c29-e358-41e1-b239-bb5f05ba03ad] Success to connect to server [127.0.0.1:8848] on start up, connectionId = 1647748369114_127.0.0.1_53522
11:52:49.228 [com.alibaba.nacos.client.remote.worker] INFO  c.a.n.c.r.client - [printIfInfoEnabled,60] - [a5796c29-e358-41e1-b239-bb5f05ba03ad] Notify connected event to listeners.
11:52:49.228 [main] INFO  c.a.n.c.r.client - [printIfInfoEnabled,60] - [a5796c29-e358-41e1-b239-bb5f05ba03ad] Register server push request handler:com.alibaba.nacos.common.remote.client.RpcClient$ConnectResetRequestHandler
11:52:49.229 [main] INFO  c.a.n.c.r.client - [printIfInfoEnabled,60] - [a5796c29-e358-41e1-b239-bb5f05ba03ad] Register server push request handler:com.alibaba.nacos.common.remote.client.RpcClient$$Lambda$342/1420623741
11:52:52.170 [main] INFO  o.a.c.h.Http11NioProtocol - [log,173] - Starting ProtocolHandler ["http-nio-9300"]
11:52:52.254 [main] INFO  c.a.c.n.r.NacosServiceRegistry - [register,75] - nacos registry, DEFAULT_GROUP ssrt-file 192.168.1.4:9300 register finished
11:52:52.552 [nacos-grpc-client-executor-11] INFO  c.a.n.c.r.client - [printIfInfoEnabled,60] - [a5796c29-e358-41e1-b239-bb5f05ba03ad] Receive server push request, request = NotifySubscriberRequest, requestId = 257
11:52:52.559 [nacos-grpc-client-executor-11] INFO  c.a.n.c.r.client - [printIfInfoEnabled,60] - [a5796c29-e358-41e1-b239-bb5f05ba03ad] Ack server push request, request = NotifySubscriberRequest, requestId = 257
11:52:52.905 [main] INFO  c.s.f.SSRTFileApplication - [logStarted,61] - Started SSRTFileApplication in 17.744 seconds (JVM running for 19.888)
11:52:53.232 [RMI TCP Connection(9)-127.0.0.1] INFO  o.a.c.c.C.[.[.[/] - [log,173] - Initializing Spring DispatcherServlet 'dispatcherServlet'
12:23:53.707 [SpringApplicationShutdownHook] INFO  c.a.c.n.r.NacosServiceRegistry - [deregister,90] - De-registering from Nacos Server now...
12:23:53.769 [SpringApplicationShutdownHook] INFO  c.a.c.n.r.NacosServiceRegistry - [deregister,110] - De-registration finished.
12:23:54.212 [SpringApplicationShutdownHook] INFO  c.a.n.c.r.client - [shutdown,454] - Shutdown rpc client, set status to shutdown
12:23:54.213 [SpringApplicationShutdownHook] INFO  c.a.n.c.r.client - [shutdown,456] - Shutdown client event executor java.util.concurrent.ScheduledThreadPoolExecutor@522fc117[Running, pool size = 2, active threads = 2, queued tasks = 0, completed tasks = 0]
12:23:54.215 [SpringApplicationShutdownHook] INFO  c.a.n.c.r.client - [closeConnection,591] - Close current connection 1647748369114_127.0.0.1_53522
12:23:54.220 [nacos-grpc-client-executor-491] INFO  c.a.n.c.r.c.g.GrpcClient - [printIfInfoEnabled,60] - [1647748369114_127.0.0.1_53522]Ignore complete event,isRunning:false,isAbandon=false
12:23:54.238 [SpringApplicationShutdownHook] INFO  c.a.n.c.r.c.g.GrpcClient - [shutdown,85] - Shutdown grpc executor java.util.concurrent.ThreadPoolExecutor@4617211e[Running, pool size = 7, active threads = 0, queued tasks = 0, completed tasks = 492]
12:24:10.141 [background-preinit] INFO  o.h.v.i.util.Version - [<clinit>,21] - HV000001: Hibernate Validator 6.2.2.Final
12:24:12.977 [main] INFO  c.a.n.c.r.client - [lambda$createClient$0,80] - [RpcClientFactory] create a new rpc client of dba1e89e-e3ce-4300-83fc-54928c86ed78_config-0
12:24:13.264 [main] INFO  o.r.Reflections - [scan,232] - Reflections took 180 ms to scan 1 urls, producing 3 keys and 6 values 
12:24:13.513 [main] INFO  o.r.Reflections - [scan,232] - Reflections took 70 ms to scan 1 urls, producing 4 keys and 9 values 
12:24:13.598 [main] INFO  o.r.Reflections - [scan,232] - Reflections took 59 ms to scan 1 urls, producing 3 keys and 10 values 
12:24:14.632 [main] INFO  o.r.Reflections - [scan,232] - Reflections took 1004 ms to scan 203 urls, producing 0 keys and 0 values 
12:24:14.703 [main] INFO  o.r.Reflections - [scan,232] - Reflections took 64 ms to scan 1 urls, producing 1 keys and 5 values 
12:24:14.780 [main] INFO  o.r.Reflections - [scan,232] - Reflections took 68 ms to scan 1 urls, producing 1 keys and 7 values 
12:24:14.904 [main] INFO  o.r.Reflections - [scan,232] - Reflections took 117 ms to scan 1 urls, producing 2 keys and 8 values 
12:24:16.037 [main] INFO  o.r.Reflections - [scan,232] - Reflections took 1127 ms to scan 203 urls, producing 0 keys and 0 values 
12:24:16.044 [main] INFO  c.a.n.c.r.client - [printIfInfoEnabled,60] - [dba1e89e-e3ce-4300-83fc-54928c86ed78_config-0] RpcClient init label, labels = {module=config, Vipserver-Tag=null, source=sdk, Amory-Tag=null, Location-Tag=null, taskId=0, AppName=unknown}
12:24:16.046 [main] INFO  c.a.n.c.r.client - [printIfInfoEnabled,60] - [dba1e89e-e3ce-4300-83fc-54928c86ed78_config-0] Register server push request handler:com.alibaba.nacos.client.config.impl.ClientWorker$ConfigRpcTransportClient$$Lambda$332/237373286
12:24:16.047 [main] INFO  c.a.n.c.r.client - [printIfInfoEnabled,60] - [dba1e89e-e3ce-4300-83fc-54928c86ed78_config-0] Register server push request handler:com.alibaba.nacos.client.config.impl.ClientWorker$ConfigRpcTransportClient$$Lambda$333/742255664
12:24:16.049 [main] INFO  c.a.n.c.r.client - [printIfInfoEnabled,60] - [dba1e89e-e3ce-4300-83fc-54928c86ed78_config-0] Registry connection listener to current client:com.alibaba.nacos.client.config.impl.ClientWorker$ConfigRpcTransportClient$1
12:24:16.052 [main] INFO  c.a.n.c.r.client - [printIfInfoEnabled,60] - [dba1e89e-e3ce-4300-83fc-54928c86ed78_config-0] RpcClient init, ServerListFactory = com.alibaba.nacos.client.config.impl.ClientWorker$ConfigRpcTransportClient$2
12:24:16.112 [main] INFO  c.a.n.c.r.client - [printIfInfoEnabled,60] - [dba1e89e-e3ce-4300-83fc-54928c86ed78_config-0] Try to connect to server on start up, server: {serverIp = '127.0.0.1', server main port = 8848}
12:24:19.428 [main] INFO  c.a.n.c.r.client - [printIfInfoEnabled,60] - [dba1e89e-e3ce-4300-83fc-54928c86ed78_config-0] Success to connect to server [127.0.0.1:8848] on start up, connectionId = 1647750258848_127.0.0.1_54297
12:24:19.431 [main] INFO  c.a.n.c.r.client - [printIfInfoEnabled,60] - [dba1e89e-e3ce-4300-83fc-54928c86ed78_config-0] Register server push request handler:com.alibaba.nacos.common.remote.client.RpcClient$ConnectResetRequestHandler
12:24:19.432 [main] INFO  c.a.n.c.r.client - [printIfInfoEnabled,60] - [dba1e89e-e3ce-4300-83fc-54928c86ed78_config-0] Register server push request handler:com.alibaba.nacos.common.remote.client.RpcClient$$Lambda$342/1164241227
12:24:19.430 [com.alibaba.nacos.client.remote.worker] INFO  c.a.n.c.r.client - [printIfInfoEnabled,60] - [dba1e89e-e3ce-4300-83fc-54928c86ed78_config-0] Notify connected event to listeners.
12:24:19.779 [main] INFO  c.s.f.SSRTFileApplication - [logStartupProfileInfo,646] - The following 1 profile is active: "dev"
12:24:30.040 [main] INFO  o.a.c.h.Http11NioProtocol - [log,173] - Initializing ProtocolHandler ["http-nio-9300"]
12:24:30.041 [main] INFO  o.a.c.c.StandardService - [log,173] - Starting service [Tomcat]
12:24:30.043 [main] INFO  o.a.c.c.StandardEngine - [log,173] - Starting Servlet engine: [Apache Tomcat/9.0.58]
12:24:30.622 [main] INFO  o.a.c.c.C.[.[.[/] - [log,173] - Initializing Spring embedded WebApplicationContext
12:24:36.064 [main] INFO  c.a.n.c.r.client - [lambda$createClient$0,80] - [RpcClientFactory] create a new rpc client of 012735bb-aaca-4bfe-b179-3300a2c8a887
12:24:36.068 [main] INFO  c.a.n.c.r.client - [printIfInfoEnabled,60] - [012735bb-aaca-4bfe-b179-3300a2c8a887] RpcClient init label, labels = {module=naming, source=sdk}
12:24:36.077 [main] INFO  c.a.n.c.r.client - [printIfInfoEnabled,60] - [012735bb-aaca-4bfe-b179-3300a2c8a887] RpcClient init, ServerListFactory = com.alibaba.nacos.client.naming.core.ServerListManager
12:24:36.078 [main] INFO  c.a.n.c.r.client - [printIfInfoEnabled,60] - [012735bb-aaca-4bfe-b179-3300a2c8a887] Registry connection listener to current client:com.alibaba.nacos.client.naming.remote.gprc.redo.NamingGrpcRedoService
12:24:36.079 [main] INFO  c.a.n.c.r.client - [printIfInfoEnabled,60] - [012735bb-aaca-4bfe-b179-3300a2c8a887] Register server push request handler:com.alibaba.nacos.client.naming.remote.gprc.NamingPushRequestHandler
12:24:36.081 [main] INFO  c.a.n.c.r.client - [printIfInfoEnabled,60] - [012735bb-aaca-4bfe-b179-3300a2c8a887] Try to connect to server on start up, server: {serverIp = '127.0.0.1', server main port = 8848}
12:24:36.272 [main] INFO  c.a.n.c.r.client - [printIfInfoEnabled,60] - [012735bb-aaca-4bfe-b179-3300a2c8a887] Success to connect to server [127.0.0.1:8848] on start up, connectionId = 1647750276090_127.0.0.1_54324
12:24:36.274 [com.alibaba.nacos.client.remote.worker] INFO  c.a.n.c.r.client - [printIfInfoEnabled,60] - [012735bb-aaca-4bfe-b179-3300a2c8a887] Notify connected event to listeners.
12:24:36.275 [main] INFO  c.a.n.c.r.client - [printIfInfoEnabled,60] - [012735bb-aaca-4bfe-b179-3300a2c8a887] Register server push request handler:com.alibaba.nacos.common.remote.client.RpcClient$ConnectResetRequestHandler
12:24:36.280 [main] INFO  c.a.n.c.r.client - [printIfInfoEnabled,60] - [012735bb-aaca-4bfe-b179-3300a2c8a887] Register server push request handler:com.alibaba.nacos.common.remote.client.RpcClient$$Lambda$342/1164241227
12:24:40.415 [main] INFO  o.a.c.h.Http11NioProtocol - [log,173] - Starting ProtocolHandler ["http-nio-9300"]
12:24:40.538 [main] INFO  c.a.c.n.r.NacosServiceRegistry - [register,75] - nacos registry, DEFAULT_GROUP ssrt-file 192.168.1.4:9300 register finished
12:24:40.776 [nacos-grpc-client-executor-10] INFO  c.a.n.c.r.client - [printIfInfoEnabled,60] - [012735bb-aaca-4bfe-b179-3300a2c8a887] Receive server push request, request = NotifySubscriberRequest, requestId = 294
12:24:40.783 [nacos-grpc-client-executor-10] INFO  c.a.n.c.r.client - [printIfInfoEnabled,60] - [012735bb-aaca-4bfe-b179-3300a2c8a887] Ack server push request, request = NotifySubscriberRequest, requestId = 294
12:24:41.527 [main] INFO  c.s.f.SSRTFileApplication - [logStarted,61] - Started SSRTFileApplication in 34.455 seconds (JVM running for 38.436)
12:24:41.912 [RMI TCP Connection(9)-127.0.0.1] INFO  o.a.c.c.C.[.[.[/] - [log,173] - Initializing Spring DispatcherServlet 'dispatcherServlet'
12:59:47.570 [SpringApplicationShutdownHook] INFO  c.a.c.n.r.NacosServiceRegistry - [deregister,90] - De-registering from Nacos Server now...
12:59:47.670 [SpringApplicationShutdownHook] INFO  c.a.c.n.r.NacosServiceRegistry - [deregister,110] - De-registration finished.
12:59:48.024 [SpringApplicationShutdownHook] INFO  c.a.n.c.r.client - [shutdown,454] - Shutdown rpc client, set status to shutdown
12:59:48.025 [SpringApplicationShutdownHook] INFO  c.a.n.c.r.client - [shutdown,456] - Shutdown client event executor java.util.concurrent.ScheduledThreadPoolExecutor@4ecd6381[Running, pool size = 2, active threads = 2, queued tasks = 0, completed tasks = 0]
12:59:48.026 [SpringApplicationShutdownHook] INFO  c.a.n.c.r.client - [closeConnection,591] - Close current connection 1647750276090_127.0.0.1_54324
12:59:48.042 [nacos-grpc-client-executor-534] INFO  c.a.n.c.r.c.g.GrpcClient - [printIfInfoEnabled,60] - [1647750276090_127.0.0.1_54324]Ignore complete event,isRunning:false,isAbandon=false
12:59:48.399 [SpringApplicationShutdownHook] INFO  c.a.n.c.r.c.g.GrpcClient - [shutdown,85] - Shutdown grpc executor java.util.concurrent.ThreadPoolExecutor@6bb3b89c[Running, pool size = 7, active threads = 0, queued tasks = 0, completed tasks = 535]
13:00:03.565 [background-preinit] INFO  o.h.v.i.util.Version - [<clinit>,21] - HV000001: Hibernate Validator 6.2.2.Final
13:00:05.416 [main] INFO  c.a.n.c.r.client - [lambda$createClient$0,80] - [RpcClientFactory] create a new rpc client of d8943075-1b30-4fe4-9d14-e9cf1e226f8c_config-0
13:00:05.622 [main] INFO  o.r.Reflections - [scan,232] - Reflections took 130 ms to scan 1 urls, producing 3 keys and 6 values 
13:00:05.727 [main] INFO  o.r.Reflections - [scan,232] - Reflections took 34 ms to scan 1 urls, producing 4 keys and 9 values 
13:00:05.771 [main] INFO  o.r.Reflections - [scan,232] - Reflections took 39 ms to scan 1 urls, producing 3 keys and 10 values 
13:00:06.467 [main] INFO  o.r.Reflections - [scan,232] - Reflections took 686 ms to scan 203 urls, producing 0 keys and 0 values 
13:00:06.501 [main] INFO  o.r.Reflections - [scan,232] - Reflections took 32 ms to scan 1 urls, producing 1 keys and 5 values 
13:00:06.535 [main] INFO  o.r.Reflections - [scan,232] - Reflections took 28 ms to scan 1 urls, producing 1 keys and 7 values 
13:00:06.571 [main] INFO  o.r.Reflections - [scan,232] - Reflections took 32 ms to scan 1 urls, producing 2 keys and 8 values 
13:00:07.056 [main] INFO  o.r.Reflections - [scan,232] - Reflections took 476 ms to scan 203 urls, producing 0 keys and 0 values 
13:00:07.065 [main] INFO  c.a.n.c.r.client - [printIfInfoEnabled,60] - [d8943075-1b30-4fe4-9d14-e9cf1e226f8c_config-0] RpcClient init label, labels = {module=config, Vipserver-Tag=null, source=sdk, Amory-Tag=null, Location-Tag=null, taskId=0, AppName=unknown}
13:00:07.137 [main] INFO  c.a.n.c.r.client - [printIfInfoEnabled,60] - [d8943075-1b30-4fe4-9d14-e9cf1e226f8c_config-0] Register server push request handler:com.alibaba.nacos.client.config.impl.ClientWorker$ConfigRpcTransportClient$$Lambda$332/1076202543
13:00:07.141 [main] INFO  c.a.n.c.r.client - [printIfInfoEnabled,60] - [d8943075-1b30-4fe4-9d14-e9cf1e226f8c_config-0] Register server push request handler:com.alibaba.nacos.client.config.impl.ClientWorker$ConfigRpcTransportClient$$Lambda$333/749486981
13:00:07.143 [main] INFO  c.a.n.c.r.client - [printIfInfoEnabled,60] - [d8943075-1b30-4fe4-9d14-e9cf1e226f8c_config-0] Registry connection listener to current client:com.alibaba.nacos.client.config.impl.ClientWorker$ConfigRpcTransportClient$1
13:00:07.150 [main] INFO  c.a.n.c.r.client - [printIfInfoEnabled,60] - [d8943075-1b30-4fe4-9d14-e9cf1e226f8c_config-0] RpcClient init, ServerListFactory = com.alibaba.nacos.client.config.impl.ClientWorker$ConfigRpcTransportClient$2
13:00:07.187 [main] INFO  c.a.n.c.r.client - [printIfInfoEnabled,60] - [d8943075-1b30-4fe4-9d14-e9cf1e226f8c_config-0] Try to connect to server on start up, server: {serverIp = '127.0.0.1', server main port = 8848}
13:00:09.690 [main] INFO  c.a.n.c.r.client - [printIfInfoEnabled,60] - [d8943075-1b30-4fe4-9d14-e9cf1e226f8c_config-0] Success to connect to server [127.0.0.1:8848] on start up, connectionId = 1647752409203_127.0.0.1_55219
13:00:09.691 [com.alibaba.nacos.client.remote.worker] INFO  c.a.n.c.r.client - [printIfInfoEnabled,60] - [d8943075-1b30-4fe4-9d14-e9cf1e226f8c_config-0] Notify connected event to listeners.
13:00:09.693 [main] INFO  c.a.n.c.r.client - [printIfInfoEnabled,60] - [d8943075-1b30-4fe4-9d14-e9cf1e226f8c_config-0] Register server push request handler:com.alibaba.nacos.common.remote.client.RpcClient$ConnectResetRequestHandler
13:00:09.694 [main] INFO  c.a.n.c.r.client - [printIfInfoEnabled,60] - [d8943075-1b30-4fe4-9d14-e9cf1e226f8c_config-0] Register server push request handler:com.alibaba.nacos.common.remote.client.RpcClient$$Lambda$342/438228197
13:00:10.027 [main] INFO  c.s.f.SSRTFileApplication - [logStartupProfileInfo,646] - The following 1 profile is active: "dev"
13:00:18.836 [main] INFO  o.a.c.h.Http11NioProtocol - [log,173] - Initializing ProtocolHandler ["http-nio-9300"]
13:00:18.837 [main] INFO  o.a.c.c.StandardService - [log,173] - Starting service [Tomcat]
13:00:18.838 [main] INFO  o.a.c.c.StandardEngine - [log,173] - Starting Servlet engine: [Apache Tomcat/9.0.58]
13:00:19.298 [main] INFO  o.a.c.c.C.[.[.[/] - [log,173] - Initializing Spring embedded WebApplicationContext
13:00:24.755 [main] INFO  c.a.n.c.r.client - [lambda$createClient$0,80] - [RpcClientFactory] create a new rpc client of a817339f-4178-4473-a08e-125713fb17c3
13:00:24.758 [main] INFO  c.a.n.c.r.client - [printIfInfoEnabled,60] - [a817339f-4178-4473-a08e-125713fb17c3] RpcClient init label, labels = {module=naming, source=sdk}
13:00:24.768 [main] INFO  c.a.n.c.r.client - [printIfInfoEnabled,60] - [a817339f-4178-4473-a08e-125713fb17c3] RpcClient init, ServerListFactory = com.alibaba.nacos.client.naming.core.ServerListManager
13:00:24.769 [main] INFO  c.a.n.c.r.client - [printIfInfoEnabled,60] - [a817339f-4178-4473-a08e-125713fb17c3] Registry connection listener to current client:com.alibaba.nacos.client.naming.remote.gprc.redo.NamingGrpcRedoService
13:00:24.772 [main] INFO  c.a.n.c.r.client - [printIfInfoEnabled,60] - [a817339f-4178-4473-a08e-125713fb17c3] Register server push request handler:com.alibaba.nacos.client.naming.remote.gprc.NamingPushRequestHandler
13:00:24.829 [main] INFO  c.a.n.c.r.client - [printIfInfoEnabled,60] - [a817339f-4178-4473-a08e-125713fb17c3] Try to connect to server on start up, server: {serverIp = '127.0.0.1', server main port = 8848}
13:00:24.952 [main] INFO  c.a.n.c.r.client - [printIfInfoEnabled,60] - [a817339f-4178-4473-a08e-125713fb17c3] Success to connect to server [127.0.0.1:8848] on start up, connectionId = 1647752424839_127.0.0.1_55245
13:00:24.956 [com.alibaba.nacos.client.remote.worker] INFO  c.a.n.c.r.client - [printIfInfoEnabled,60] - [a817339f-4178-4473-a08e-125713fb17c3] Notify connected event to listeners.
13:00:24.957 [main] INFO  c.a.n.c.r.client - [printIfInfoEnabled,60] - [a817339f-4178-4473-a08e-125713fb17c3] Register server push request handler:com.alibaba.nacos.common.remote.client.RpcClient$ConnectResetRequestHandler
13:00:24.962 [main] INFO  c.a.n.c.r.client - [printIfInfoEnabled,60] - [a817339f-4178-4473-a08e-125713fb17c3] Register server push request handler:com.alibaba.nacos.common.remote.client.RpcClient$$Lambda$342/438228197
13:00:29.387 [main] INFO  o.a.c.h.Http11NioProtocol - [log,173] - Starting ProtocolHandler ["http-nio-9300"]
13:00:29.641 [main] INFO  c.a.c.n.r.NacosServiceRegistry - [register,75] - nacos registry, DEFAULT_GROUP ssrt-file 192.168.1.4:9300 register finished
13:00:29.797 [nacos-grpc-client-executor-9] INFO  c.a.n.c.r.client - [printIfInfoEnabled,60] - [a817339f-4178-4473-a08e-125713fb17c3] Receive server push request, request = NotifySubscriberRequest, requestId = 331
13:00:29.812 [nacos-grpc-client-executor-9] INFO  c.a.n.c.r.client - [printIfInfoEnabled,60] - [a817339f-4178-4473-a08e-125713fb17c3] Ack server push request, request = NotifySubscriberRequest, requestId = 331
13:00:30.735 [main] INFO  c.s.f.SSRTFileApplication - [logStarted,61] - Started SSRTFileApplication in 28.651 seconds (JVM running for 31.272)
13:00:31.263 [RMI TCP Connection(10)-127.0.0.1] INFO  o.a.c.c.C.[.[.[/] - [log,173] - Initializing Spring DispatcherServlet 'dispatcherServlet'
14:19:15.617 [nacos-grpc-client-executor-540] INFO  c.a.n.c.r.client - [printIfInfoEnabled,60] - [d8943075-1b30-4fe4-9d14-e9cf1e226f8c_config-0] Receive server push request, request = ClientDetectionRequest, requestId = 363
14:19:15.724 [nacos-grpc-client-executor-540] INFO  c.a.n.c.r.client - [printIfInfoEnabled,60] - [d8943075-1b30-4fe4-9d14-e9cf1e226f8c_config-0] Ack server push request, request = ClientDetectionRequest, requestId = 363
15:08:31.237 [nacos-grpc-client-executor-583] INFO  c.a.n.c.r.client - [printIfInfoEnabled,60] - [d8943075-1b30-4fe4-9d14-e9cf1e226f8c_config-0] Receive server push request, request = ClientDetectionRequest, requestId = 374
15:08:31.251 [nacos-grpc-client-executor-583] INFO  c.a.n.c.r.client - [printIfInfoEnabled,60] - [d8943075-1b30-4fe4-9d14-e9cf1e226f8c_config-0] Ack server push request, request = ClientDetectionRequest, requestId = 374
15:08:31.317 [nacos-grpc-client-executor-614] INFO  c.a.n.c.r.client - [printIfInfoEnabled,60] - [a817339f-4178-4473-a08e-125713fb17c3] Receive server push request, request = ClientDetectionRequest, requestId = 379
15:08:31.318 [nacos-grpc-client-executor-614] INFO  c.a.n.c.r.client - [printIfInfoEnabled,60] - [a817339f-4178-4473-a08e-125713fb17c3] Ack server push request, request = ClientDetectionRequest, requestId = 379
20:13:48.248 [nacos-grpc-client-executor-632] INFO  c.a.n.c.r.client - [printIfInfoEnabled,60] - [a817339f-4178-4473-a08e-125713fb17c3] Receive server push request, request = ClientDetectionRequest, requestId = 389
20:13:48.257 [nacos-grpc-client-executor-632] INFO  c.a.n.c.r.client - [printIfInfoEnabled,60] - [a817339f-4178-4473-a08e-125713fb17c3] Ack server push request, request = ClientDetectionRequest, requestId = 389
20:13:48.317 [nacos-grpc-client-executor-597] INFO  c.a.n.c.r.client - [printIfInfoEnabled,60] - [d8943075-1b30-4fe4-9d14-e9cf1e226f8c_config-0] Receive server push request, request = ClientDetectionRequest, requestId = 390
20:13:48.318 [nacos-grpc-client-executor-597] INFO  c.a.n.c.r.client - [printIfInfoEnabled,60] - [d8943075-1b30-4fe4-9d14-e9cf1e226f8c_config-0] Ack server push request, request = ClientDetectionRequest, requestId = 390
20:28:22.514 [SpringApplicationShutdownHook] INFO  c.a.c.n.r.NacosServiceRegistry - [deregister,90] - De-registering from Nacos Server now...
20:28:22.565 [SpringApplicationShutdownHook] INFO  c.a.c.n.r.NacosServiceRegistry - [deregister,110] - De-registration finished.
20:28:22.933 [SpringApplicationShutdownHook] INFO  c.a.n.c.r.client - [shutdown,454] - Shutdown rpc client, set status to shutdown
20:28:22.934 [SpringApplicationShutdownHook] INFO  c.a.n.c.r.client - [shutdown,456] - Shutdown client event executor java.util.concurrent.ScheduledThreadPoolExecutor@15df8f45[Running, pool size = 2, active threads = 2, queued tasks = 0, completed tasks = 0]
20:28:22.935 [SpringApplicationShutdownHook] INFO  c.a.n.c.r.client - [closeConnection,591] - Close current connection 1647752424839_127.0.0.1_55245
20:28:22.946 [nacos-grpc-client-executor-849] INFO  c.a.n.c.r.c.g.GrpcClient - [printIfInfoEnabled,60] - [1647752424839_127.0.0.1_55245]Ignore complete event,isRunning:false,isAbandon=false
20:28:23.006 [SpringApplicationShutdownHook] INFO  c.a.n.c.r.c.g.GrpcClient - [shutdown,85] - Shutdown grpc executor java.util.concurrent.ThreadPoolExecutor@4336b60c[Running, pool size = 7, active threads = 0, queued tasks = 0, completed tasks = 850]
20:29:52.081 [background-preinit] INFO  o.h.v.i.util.Version - [<clinit>,21] - HV000001: Hibernate Validator 6.2.2.Final
20:29:55.482 [main] INFO  c.a.n.c.r.client - [lambda$createClient$0,80] - [RpcClientFactory] create a new rpc client of fa710596-a51f-47dd-be67-943b760f0ecd_config-0
20:29:55.802 [main] INFO  o.r.Reflections - [scan,232] - Reflections took 231 ms to scan 1 urls, producing 3 keys and 6 values 
20:29:55.935 [main] INFO  o.r.Reflections - [scan,232] - Reflections took 67 ms to scan 1 urls, producing 4 keys and 9 values 
20:29:56.032 [main] INFO  o.r.Reflections - [scan,232] - Reflections took 62 ms to scan 1 urls, producing 3 keys and 10 values 
20:29:57.203 [main] INFO  o.r.Reflections - [scan,232] - Reflections took 1147 ms to scan 203 urls, producing 0 keys and 0 values 
20:29:57.300 [main] INFO  o.r.Reflections - [scan,232] - Reflections took 94 ms to scan 1 urls, producing 1 keys and 5 values 
20:29:57.372 [main] INFO  o.r.Reflections - [scan,232] - Reflections took 62 ms to scan 1 urls, producing 1 keys and 7 values 
20:29:57.464 [main] INFO  o.r.Reflections - [scan,232] - Reflections took 82 ms to scan 1 urls, producing 2 keys and 8 values 
20:29:58.264 [main] INFO  o.r.Reflections - [scan,232] - Reflections took 780 ms to scan 203 urls, producing 0 keys and 0 values 
20:29:58.266 [main] INFO  c.a.n.c.r.client - [printIfInfoEnabled,60] - [fa710596-a51f-47dd-be67-943b760f0ecd_config-0] RpcClient init label, labels = {module=config, Vipserver-Tag=null, source=sdk, Amory-Tag=null, Location-Tag=null, taskId=0, AppName=unknown}
20:29:58.269 [main] INFO  c.a.n.c.r.client - [printIfInfoEnabled,60] - [fa710596-a51f-47dd-be67-943b760f0ecd_config-0] Register server push request handler:com.alibaba.nacos.client.config.impl.ClientWorker$ConfigRpcTransportClient$$Lambda$332/237373286
20:29:58.269 [main] INFO  c.a.n.c.r.client - [printIfInfoEnabled,60] - [fa710596-a51f-47dd-be67-943b760f0ecd_config-0] Register server push request handler:com.alibaba.nacos.client.config.impl.ClientWorker$ConfigRpcTransportClient$$Lambda$333/742255664
20:29:58.275 [main] INFO  c.a.n.c.r.client - [printIfInfoEnabled,60] - [fa710596-a51f-47dd-be67-943b760f0ecd_config-0] Registry connection listener to current client:com.alibaba.nacos.client.config.impl.ClientWorker$ConfigRpcTransportClient$1
20:29:58.282 [main] INFO  c.a.n.c.r.client - [printIfInfoEnabled,60] - [fa710596-a51f-47dd-be67-943b760f0ecd_config-0] RpcClient init, ServerListFactory = com.alibaba.nacos.client.config.impl.ClientWorker$ConfigRpcTransportClient$2
20:29:58.304 [main] INFO  c.a.n.c.r.client - [printIfInfoEnabled,60] - [fa710596-a51f-47dd-be67-943b760f0ecd_config-0] Try to connect to server on start up, server: {serverIp = '127.0.0.1', server main port = 8848}
20:29:59.629 [main] INFO  c.a.n.c.r.client - [printIfInfoEnabled,60] - [fa710596-a51f-47dd-be67-943b760f0ecd_config-0] Success to connect to server [127.0.0.1:8848] on start up, connectionId = 1647779399234_127.0.0.1_62339
20:29:59.632 [com.alibaba.nacos.client.remote.worker] INFO  c.a.n.c.r.client - [printIfInfoEnabled,60] - [fa710596-a51f-47dd-be67-943b760f0ecd_config-0] Notify connected event to listeners.
20:29:59.634 [main] INFO  c.a.n.c.r.client - [printIfInfoEnabled,60] - [fa710596-a51f-47dd-be67-943b760f0ecd_config-0] Register server push request handler:com.alibaba.nacos.common.remote.client.RpcClient$ConnectResetRequestHandler
20:29:59.635 [main] INFO  c.a.n.c.r.client - [printIfInfoEnabled,60] - [fa710596-a51f-47dd-be67-943b760f0ecd_config-0] Register server push request handler:com.alibaba.nacos.common.remote.client.RpcClient$$Lambda$342/1164241227
20:29:59.791 [main] INFO  c.s.f.SSRTFileApplication - [logStartupProfileInfo,646] - The following 1 profile is active: "dev"
20:30:05.051 [main] INFO  o.a.c.h.Http11NioProtocol - [log,173] - Initializing ProtocolHandler ["http-nio-9300"]
20:30:05.052 [main] INFO  o.a.c.c.StandardService - [log,173] - Starting service [Tomcat]
20:30:05.053 [main] INFO  o.a.c.c.StandardEngine - [log,173] - Starting Servlet engine: [Apache Tomcat/9.0.58]
20:30:05.312 [main] INFO  o.a.c.c.C.[.[.[/] - [log,173] - Initializing Spring embedded WebApplicationContext
20:30:07.214 [main] INFO  c.a.n.c.r.client - [lambda$createClient$0,80] - [RpcClientFactory] create a new rpc client of 4e213071-dfd7-415c-afe1-c421c5283068
20:30:07.215 [main] INFO  c.a.n.c.r.client - [printIfInfoEnabled,60] - [4e213071-dfd7-415c-afe1-c421c5283068] RpcClient init label, labels = {module=naming, source=sdk}
20:30:07.220 [main] INFO  c.a.n.c.r.client - [printIfInfoEnabled,60] - [4e213071-dfd7-415c-afe1-c421c5283068] RpcClient init, ServerListFactory = com.alibaba.nacos.client.naming.core.ServerListManager
20:30:07.220 [main] INFO  c.a.n.c.r.client - [printIfInfoEnabled,60] - [4e213071-dfd7-415c-afe1-c421c5283068] Registry connection listener to current client:com.alibaba.nacos.client.naming.remote.gprc.redo.NamingGrpcRedoService
20:30:07.221 [main] INFO  c.a.n.c.r.client - [printIfInfoEnabled,60] - [4e213071-dfd7-415c-afe1-c421c5283068] Register server push request handler:com.alibaba.nacos.client.naming.remote.gprc.NamingPushRequestHandler
20:30:07.223 [main] INFO  c.a.n.c.r.client - [printIfInfoEnabled,60] - [4e213071-dfd7-415c-afe1-c421c5283068] Try to connect to server on start up, server: {serverIp = '127.0.0.1', server main port = 8848}
20:30:07.365 [main] INFO  c.a.n.c.r.client - [printIfInfoEnabled,60] - [4e213071-dfd7-415c-afe1-c421c5283068] Success to connect to server [127.0.0.1:8848] on start up, connectionId = 1647779407244_127.0.0.1_62356
20:30:07.366 [com.alibaba.nacos.client.remote.worker] INFO  c.a.n.c.r.client - [printIfInfoEnabled,60] - [4e213071-dfd7-415c-afe1-c421c5283068] Notify connected event to listeners.
20:30:07.366 [main] INFO  c.a.n.c.r.client - [printIfInfoEnabled,60] - [4e213071-dfd7-415c-afe1-c421c5283068] Register server push request handler:com.alibaba.nacos.common.remote.client.RpcClient$ConnectResetRequestHandler
20:30:07.367 [main] INFO  c.a.n.c.r.client - [printIfInfoEnabled,60] - [4e213071-dfd7-415c-afe1-c421c5283068] Register server push request handler:com.alibaba.nacos.common.remote.client.RpcClient$$Lambda$342/1164241227
20:30:09.407 [main] INFO  o.a.c.h.Http11NioProtocol - [log,173] - Starting ProtocolHandler ["http-nio-9300"]
20:30:09.458 [main] INFO  c.a.c.n.r.NacosServiceRegistry - [register,75] - nacos registry, DEFAULT_GROUP ssrt-file 192.168.1.4:9300 register finished
20:30:09.807 [main] INFO  c.s.f.SSRTFileApplication - [logStarted,61] - Started SSRTFileApplication in 21.648 seconds (JVM running for 27.658)
20:30:09.919 [nacos-grpc-client-executor-10] INFO  c.a.n.c.r.client - [printIfInfoEnabled,60] - [4e213071-dfd7-415c-afe1-c421c5283068] Receive server push request, request = NotifySubscriberRequest, requestId = 427
20:30:09.924 [nacos-grpc-client-executor-10] INFO  c.a.n.c.r.client - [printIfInfoEnabled,60] - [4e213071-dfd7-415c-afe1-c421c5283068] Ack server push request, request = NotifySubscriberRequest, requestId = 427
20:30:10.335 [RMI TCP Connection(4)-127.0.0.1] INFO  o.a.c.c.C.[.[.[/] - [log,173] - Initializing Spring DispatcherServlet 'dispatcherServlet'
21:12:05.574 [SpringApplicationShutdownHook] INFO  c.a.c.n.r.NacosServiceRegistry - [deregister,90] - De-registering from Nacos Server now...
21:12:05.600 [SpringApplicationShutdownHook] INFO  c.a.c.n.r.NacosServiceRegistry - [deregister,110] - De-registration finished.
21:12:05.927 [SpringApplicationShutdownHook] INFO  c.a.n.c.r.client - [shutdown,454] - Shutdown rpc client, set status to shutdown
21:12:05.938 [SpringApplicationShutdownHook] INFO  c.a.n.c.r.client - [shutdown,456] - Shutdown client event executor java.util.concurrent.ScheduledThreadPoolExecutor@7522a0ab[Running, pool size = 2, active threads = 2, queued tasks = 0, completed tasks = 0]
21:12:05.941 [SpringApplicationShutdownHook] INFO  c.a.n.c.r.client - [closeConnection,591] - Close current connection 1647779407244_127.0.0.1_62356
21:12:05.953 [nacos-grpc-client-executor-685] INFO  c.a.n.c.r.c.g.GrpcClient - [printIfInfoEnabled,60] - [1647779407244_127.0.0.1_62356]Ignore complete event,isRunning:false,isAbandon=false
21:12:05.983 [SpringApplicationShutdownHook] INFO  c.a.n.c.r.c.g.GrpcClient - [shutdown,85] - Shutdown grpc executor java.util.concurrent.ThreadPoolExecutor@50f1854c[Running, pool size = 7, active threads = 0, queued tasks = 0, completed tasks = 686]
21:12:40.649 [background-preinit] INFO  o.h.v.i.util.Version - [<clinit>,21] - HV000001: Hibernate Validator 6.2.2.Final
21:12:43.014 [main] INFO  c.a.n.c.r.client - [lambda$createClient$0,80] - [RpcClientFactory] create a new rpc client of 9f232e04-32fe-492f-969b-16ff11be4a8e_config-0
21:12:43.278 [main] INFO  o.r.Reflections - [scan,232] - Reflections took 195 ms to scan 1 urls, producing 3 keys and 6 values 
21:12:43.397 [main] INFO  o.r.Reflections - [scan,232] - Reflections took 62 ms to scan 1 urls, producing 4 keys and 9 values 
21:12:43.467 [main] INFO  o.r.Reflections - [scan,232] - Reflections took 60 ms to scan 1 urls, producing 3 keys and 10 values 
21:12:44.356 [main] INFO  o.r.Reflections - [scan,232] - Reflections took 875 ms to scan 203 urls, producing 0 keys and 0 values 
21:12:44.403 [main] INFO  o.r.Reflections - [scan,232] - Reflections took 44 ms to scan 1 urls, producing 1 keys and 5 values 
21:12:44.482 [main] INFO  o.r.Reflections - [scan,232] - Reflections took 68 ms to scan 1 urls, producing 1 keys and 7 values 
21:12:44.528 [main] INFO  o.r.Reflections - [scan,232] - Reflections took 37 ms to scan 1 urls, producing 2 keys and 8 values 
21:12:45.448 [main] INFO  o.r.Reflections - [scan,232] - Reflections took 917 ms to scan 203 urls, producing 0 keys and 0 values 
21:12:45.450 [main] INFO  c.a.n.c.r.client - [printIfInfoEnabled,60] - [9f232e04-32fe-492f-969b-16ff11be4a8e_config-0] RpcClient init label, labels = {module=config, Vipserver-Tag=null, source=sdk, Amory-Tag=null, Location-Tag=null, taskId=0, AppName=unknown}
21:12:45.452 [main] INFO  c.a.n.c.r.client - [printIfInfoEnabled,60] - [9f232e04-32fe-492f-969b-16ff11be4a8e_config-0] Register server push request handler:com.alibaba.nacos.client.config.impl.ClientWorker$ConfigRpcTransportClient$$Lambda$332/955611965
21:12:45.454 [main] INFO  c.a.n.c.r.client - [printIfInfoEnabled,60] - [9f232e04-32fe-492f-969b-16ff11be4a8e_config-0] Register server push request handler:com.alibaba.nacos.client.config.impl.ClientWorker$ConfigRpcTransportClient$$Lambda$333/1367672657
21:12:45.455 [main] INFO  c.a.n.c.r.client - [printIfInfoEnabled,60] - [9f232e04-32fe-492f-969b-16ff11be4a8e_config-0] Registry connection listener to current client:com.alibaba.nacos.client.config.impl.ClientWorker$ConfigRpcTransportClient$1
21:12:45.457 [main] INFO  c.a.n.c.r.client - [printIfInfoEnabled,60] - [9f232e04-32fe-492f-969b-16ff11be4a8e_config-0] RpcClient init, ServerListFactory = com.alibaba.nacos.client.config.impl.ClientWorker$ConfigRpcTransportClient$2
21:12:45.481 [main] INFO  c.a.n.c.r.client - [printIfInfoEnabled,60] - [9f232e04-32fe-492f-969b-16ff11be4a8e_config-0] Try to connect to server on start up, server: {serverIp = '127.0.0.1', server main port = 8848}
21:12:47.679 [main] INFO  c.a.n.c.r.client - [printIfInfoEnabled,60] - [9f232e04-32fe-492f-969b-16ff11be4a8e_config-0] Success to connect to server [127.0.0.1:8848] on start up, connectionId = 1647781967238_127.0.0.1_56143
21:12:47.681 [com.alibaba.nacos.client.remote.worker] INFO  c.a.n.c.r.client - [printIfInfoEnabled,60] - [9f232e04-32fe-492f-969b-16ff11be4a8e_config-0] Notify connected event to listeners.
21:12:47.681 [main] INFO  c.a.n.c.r.client - [printIfInfoEnabled,60] - [9f232e04-32fe-492f-969b-16ff11be4a8e_config-0] Register server push request handler:com.alibaba.nacos.common.remote.client.RpcClient$ConnectResetRequestHandler
21:12:47.684 [main] INFO  c.a.n.c.r.client - [printIfInfoEnabled,60] - [9f232e04-32fe-492f-969b-16ff11be4a8e_config-0] Register server push request handler:com.alibaba.nacos.common.remote.client.RpcClient$$Lambda$342/1420623741
21:12:47.931 [main] INFO  c.s.f.SSRTFileApplication - [logStartupProfileInfo,646] - The following 1 profile is active: "dev"
21:12:58.988 [main] INFO  o.a.c.h.Http11NioProtocol - [log,173] - Initializing ProtocolHandler ["http-nio-9300"]
21:12:58.991 [main] INFO  o.a.c.c.StandardService - [log,173] - Starting service [Tomcat]
21:12:58.992 [main] INFO  o.a.c.c.StandardEngine - [log,173] - Starting Servlet engine: [Apache Tomcat/9.0.58]
21:12:59.463 [main] INFO  o.a.c.c.C.[.[.[/] - [log,173] - Initializing Spring embedded WebApplicationContext
21:13:05.180 [main] INFO  c.a.n.c.r.client - [lambda$createClient$0,80] - [RpcClientFactory] create a new rpc client of 726ce4bd-80f3-4a23-a103-2194ce480978
21:13:05.184 [main] INFO  c.a.n.c.r.client - [printIfInfoEnabled,60] - [726ce4bd-80f3-4a23-a103-2194ce480978] RpcClient init label, labels = {module=naming, source=sdk}
21:13:05.188 [main] INFO  c.a.n.c.r.client - [printIfInfoEnabled,60] - [726ce4bd-80f3-4a23-a103-2194ce480978] RpcClient init, ServerListFactory = com.alibaba.nacos.client.naming.core.ServerListManager
21:13:05.189 [main] INFO  c.a.n.c.r.client - [printIfInfoEnabled,60] - [726ce4bd-80f3-4a23-a103-2194ce480978] Registry connection listener to current client:com.alibaba.nacos.client.naming.remote.gprc.redo.NamingGrpcRedoService
21:13:05.190 [main] INFO  c.a.n.c.r.client - [printIfInfoEnabled,60] - [726ce4bd-80f3-4a23-a103-2194ce480978] Register server push request handler:com.alibaba.nacos.client.naming.remote.gprc.NamingPushRequestHandler
21:13:05.191 [main] INFO  c.a.n.c.r.client - [printIfInfoEnabled,60] - [726ce4bd-80f3-4a23-a103-2194ce480978] Try to connect to server on start up, server: {serverIp = '127.0.0.1', server main port = 8848}
21:13:05.354 [main] INFO  c.a.n.c.r.client - [printIfInfoEnabled,60] - [726ce4bd-80f3-4a23-a103-2194ce480978] Success to connect to server [127.0.0.1:8848] on start up, connectionId = 1647781985232_127.0.0.1_56258
21:13:05.356 [com.alibaba.nacos.client.remote.worker] INFO  c.a.n.c.r.client - [printIfInfoEnabled,60] - [726ce4bd-80f3-4a23-a103-2194ce480978] Notify connected event to listeners.
21:13:05.357 [main] INFO  c.a.n.c.r.client - [printIfInfoEnabled,60] - [726ce4bd-80f3-4a23-a103-2194ce480978] Register server push request handler:com.alibaba.nacos.common.remote.client.RpcClient$ConnectResetRequestHandler
21:13:05.360 [main] INFO  c.a.n.c.r.client - [printIfInfoEnabled,60] - [726ce4bd-80f3-4a23-a103-2194ce480978] Register server push request handler:com.alibaba.nacos.common.remote.client.RpcClient$$Lambda$342/1420623741
21:13:11.404 [main] INFO  o.a.c.h.Http11NioProtocol - [log,173] - Starting ProtocolHandler ["http-nio-9300"]
21:13:11.655 [main] INFO  c.a.c.n.r.NacosServiceRegistry - [register,75] - nacos registry, DEFAULT_GROUP ssrt-file 192.168.1.4:9300 register finished
21:13:11.758 [nacos-grpc-client-executor-12] INFO  c.a.n.c.r.client - [printIfInfoEnabled,60] - [726ce4bd-80f3-4a23-a103-2194ce480978] Receive server push request, request = NotifySubscriberRequest, requestId = 461
21:13:11.771 [nacos-grpc-client-executor-12] INFO  c.a.n.c.r.client - [printIfInfoEnabled,60] - [726ce4bd-80f3-4a23-a103-2194ce480978] Ack server push request, request = NotifySubscriberRequest, requestId = 461
21:13:13.478 [main] INFO  c.s.f.SSRTFileApplication - [logStarted,61] - Started SSRTFileApplication in 35.229 seconds (JVM running for 37.833)
21:13:14.265 [RMI TCP Connection(8)-127.0.0.1] INFO  o.a.c.c.C.[.[.[/] - [log,173] - Initializing Spring DispatcherServlet 'dispatcherServlet'
