00:31:00.724 [background-preinit] INFO  o.h.v.i.util.Version - [<clinit>,21] - HV000001: Hibernate Validator 6.2.2.Final
00:31:01.976 [main] INFO  c.a.n.c.r.client - [lambda$createClient$0,80] - [RpcClientFactory] create a new rpc client of a81953e9-7237-4845-b392-12e4f1c63c7e_config-0
00:31:02.080 [main] INFO  o.r.Reflections - [scan,232] - Reflections took 74 ms to scan 1 urls, producing 3 keys and 6 values 
00:31:02.151 [main] INFO  o.r.Reflections - [scan,232] - Reflections took 47 ms to scan 1 urls, producing 4 keys and 9 values 
00:31:02.255 [main] INFO  o.r.Reflections - [scan,232] - Reflections took 73 ms to scan 1 urls, producing 3 keys and 10 values 
00:31:02.604 [main] INFO  o.r.Reflections - [scan,232] - Reflections took 343 ms to scan 244 urls, producing 0 keys and 0 values 
00:31:02.618 [main] INFO  o.r.Reflections - [scan,232] - Reflections took 13 ms to scan 1 urls, producing 1 keys and 5 values 
00:31:02.634 [main] INFO  o.r.Reflections - [scan,232] - Reflections took 13 ms to scan 1 urls, producing 1 keys and 7 values 
00:31:02.650 [main] INFO  o.r.Reflections - [scan,232] - Reflections took 13 ms to scan 1 urls, producing 2 keys and 8 values 
00:31:02.893 [main] INFO  o.r.Reflections - [scan,232] - Reflections took 240 ms to scan 244 urls, producing 0 keys and 0 values 
00:31:02.896 [main] INFO  c.a.n.c.r.client - [printIfInfoEnabled,60] - [a81953e9-7237-4845-b392-12e4f1c63c7e_config-0] RpcClient init label, labels = {module=config, Vipserver-Tag=null, source=sdk, Amory-Tag=null, Location-Tag=null, taskId=0, AppName=unknown}
00:31:02.897 [main] INFO  c.a.n.c.r.client - [printIfInfoEnabled,60] - [a81953e9-7237-4845-b392-12e4f1c63c7e_config-0] Register server push request handler:com.alibaba.nacos.client.config.impl.ClientWorker$ConfigRpcTransportClient$$Lambda$333/1453062635
00:31:02.898 [main] INFO  c.a.n.c.r.client - [printIfInfoEnabled,60] - [a81953e9-7237-4845-b392-12e4f1c63c7e_config-0] Register server push request handler:com.alibaba.nacos.client.config.impl.ClientWorker$ConfigRpcTransportClient$$Lambda$334/1632789609
00:31:02.899 [main] INFO  c.a.n.c.r.client - [printIfInfoEnabled,60] - [a81953e9-7237-4845-b392-12e4f1c63c7e_config-0] Registry connection listener to current client:com.alibaba.nacos.client.config.impl.ClientWorker$ConfigRpcTransportClient$1
00:31:02.900 [main] INFO  c.a.n.c.r.client - [printIfInfoEnabled,60] - [a81953e9-7237-4845-b392-12e4f1c63c7e_config-0] RpcClient init, ServerListFactory = com.alibaba.nacos.client.config.impl.ClientWorker$ConfigRpcTransportClient$2
00:31:02.909 [main] INFO  c.a.n.c.r.client - [printIfInfoEnabled,60] - [a81953e9-7237-4845-b392-12e4f1c63c7e_config-0] Try to connect to server on start up, server: {serverIp = '127.0.0.1', server main port = 8848}
00:31:03.821 [main] INFO  c.a.n.c.r.client - [printIfInfoEnabled,60] - [a81953e9-7237-4845-b392-12e4f1c63c7e_config-0] Success to connect to server [127.0.0.1:8848] on start up, connectionId = 1647621063515_127.0.0.1_53292
00:31:03.822 [com.alibaba.nacos.client.remote.worker] INFO  c.a.n.c.r.client - [printIfInfoEnabled,60] - [a81953e9-7237-4845-b392-12e4f1c63c7e_config-0] Notify connected event to listeners.
00:31:03.822 [main] INFO  c.a.n.c.r.client - [printIfInfoEnabled,60] - [a81953e9-7237-4845-b392-12e4f1c63c7e_config-0] Register server push request handler:com.alibaba.nacos.common.remote.client.RpcClient$ConnectResetRequestHandler
00:31:03.823 [main] INFO  c.a.n.c.r.client - [printIfInfoEnabled,60] - [a81953e9-7237-4845-b392-12e4f1c63c7e_config-0] Register server push request handler:com.alibaba.nacos.common.remote.client.RpcClient$$Lambda$343/1124317168
00:31:03.938 [main] INFO  c.s.s.SSRTSystemApplication - [logStartupProfileInfo,646] - The following 1 profile is active: "dev"
00:31:08.222 [main] INFO  o.a.c.h.Http11NioProtocol - [log,173] - Initializing ProtocolHandler ["http-nio-9201"]
00:31:08.224 [main] INFO  o.a.c.c.StandardService - [log,173] - Starting service [Tomcat]
00:31:08.225 [main] INFO  o.a.c.c.StandardEngine - [log,173] - Starting Servlet engine: [Apache Tomcat/9.0.58]
00:31:08.529 [main] INFO  o.a.c.c.C.[.[.[/] - [log,173] - Initializing Spring embedded WebApplicationContext
00:31:09.359 [main] INFO  c.a.d.p.DruidDataSource - [init,998] - {dataSource-1,master} inited
00:31:09.365 [Druid-ConnectionPool-Create-1057778492] INFO  c.a.d.p.DruidAbstractDataSource - [setFailContinuous,1804] - {dataSource-1} failContinuous is true
00:31:09.368 [main] INFO  o.a.c.c.StandardService - [log,173] - Stopping service [Tomcat]
00:47:24.162 [background-preinit] INFO  o.h.v.i.util.Version - [<clinit>,21] - HV000001: Hibernate Validator 6.2.2.Final
00:47:25.460 [main] INFO  c.a.n.c.r.client - [lambda$createClient$0,80] - [RpcClientFactory] create a new rpc client of f4099d24-2334-4f6e-bf0c-4255fb346be6_config-0
00:47:25.542 [main] INFO  o.r.Reflections - [scan,232] - Reflections took 41 ms to scan 1 urls, producing 3 keys and 6 values 
00:47:25.584 [main] INFO  o.r.Reflections - [scan,232] - Reflections took 24 ms to scan 1 urls, producing 4 keys and 9 values 
00:47:25.612 [main] INFO  o.r.Reflections - [scan,232] - Reflections took 21 ms to scan 1 urls, producing 3 keys and 10 values 
00:47:26.072 [main] INFO  o.r.Reflections - [scan,232] - Reflections took 455 ms to scan 244 urls, producing 0 keys and 0 values 
00:47:26.087 [main] INFO  o.r.Reflections - [scan,232] - Reflections took 13 ms to scan 1 urls, producing 1 keys and 5 values 
00:47:26.106 [main] INFO  o.r.Reflections - [scan,232] - Reflections took 15 ms to scan 1 urls, producing 1 keys and 7 values 
00:47:26.137 [main] INFO  o.r.Reflections - [scan,232] - Reflections took 26 ms to scan 1 urls, producing 2 keys and 8 values 
00:47:26.358 [main] INFO  o.r.Reflections - [scan,232] - Reflections took 217 ms to scan 244 urls, producing 0 keys and 0 values 
00:47:26.360 [main] INFO  c.a.n.c.r.client - [printIfInfoEnabled,60] - [f4099d24-2334-4f6e-bf0c-4255fb346be6_config-0] RpcClient init label, labels = {module=config, Vipserver-Tag=null, source=sdk, Amory-Tag=null, Location-Tag=null, taskId=0, AppName=unknown}
00:47:26.360 [main] INFO  c.a.n.c.r.client - [printIfInfoEnabled,60] - [f4099d24-2334-4f6e-bf0c-4255fb346be6_config-0] Register server push request handler:com.alibaba.nacos.client.config.impl.ClientWorker$ConfigRpcTransportClient$$Lambda$333/1632789609
00:47:26.361 [main] INFO  c.a.n.c.r.client - [printIfInfoEnabled,60] - [f4099d24-2334-4f6e-bf0c-4255fb346be6_config-0] Register server push request handler:com.alibaba.nacos.client.config.impl.ClientWorker$ConfigRpcTransportClient$$Lambda$334/659059448
00:47:26.362 [main] INFO  c.a.n.c.r.client - [printIfInfoEnabled,60] - [f4099d24-2334-4f6e-bf0c-4255fb346be6_config-0] Registry connection listener to current client:com.alibaba.nacos.client.config.impl.ClientWorker$ConfigRpcTransportClient$1
00:47:26.363 [main] INFO  c.a.n.c.r.client - [printIfInfoEnabled,60] - [f4099d24-2334-4f6e-bf0c-4255fb346be6_config-0] RpcClient init, ServerListFactory = com.alibaba.nacos.client.config.impl.ClientWorker$ConfigRpcTransportClient$2
00:47:26.375 [main] INFO  c.a.n.c.r.client - [printIfInfoEnabled,60] - [f4099d24-2334-4f6e-bf0c-4255fb346be6_config-0] Try to connect to server on start up, server: {serverIp = '127.0.0.1', server main port = 8848}
00:47:27.309 [main] INFO  c.a.n.c.r.client - [printIfInfoEnabled,60] - [f4099d24-2334-4f6e-bf0c-4255fb346be6_config-0] Success to connect to server [127.0.0.1:8848] on start up, connectionId = 1647622047025_127.0.0.1_53487
00:47:27.310 [com.alibaba.nacos.client.remote.worker] INFO  c.a.n.c.r.client - [printIfInfoEnabled,60] - [f4099d24-2334-4f6e-bf0c-4255fb346be6_config-0] Notify connected event to listeners.
00:47:27.311 [main] INFO  c.a.n.c.r.client - [printIfInfoEnabled,60] - [f4099d24-2334-4f6e-bf0c-4255fb346be6_config-0] Register server push request handler:com.alibaba.nacos.common.remote.client.RpcClient$ConnectResetRequestHandler
00:47:27.311 [main] INFO  c.a.n.c.r.client - [printIfInfoEnabled,60] - [f4099d24-2334-4f6e-bf0c-4255fb346be6_config-0] Register server push request handler:com.alibaba.nacos.common.remote.client.RpcClient$$Lambda$343/1970612644
00:47:27.443 [main] INFO  c.s.s.SSRTSystemApplication - [logStartupProfileInfo,646] - The following 1 profile is active: "dev"
00:47:31.329 [main] INFO  o.a.c.h.Http11NioProtocol - [log,173] - Initializing ProtocolHandler ["http-nio-9201"]
00:47:31.331 [main] INFO  o.a.c.c.StandardService - [log,173] - Starting service [Tomcat]
00:47:31.331 [main] INFO  o.a.c.c.StandardEngine - [log,173] - Starting Servlet engine: [Apache Tomcat/9.0.58]
00:47:31.486 [main] INFO  o.a.c.c.C.[.[.[/] - [log,173] - Initializing Spring embedded WebApplicationContext
00:47:32.314 [main] INFO  c.a.d.p.DruidDataSource - [init,998] - {dataSource-1,master} inited
00:47:32.320 [Druid-ConnectionPool-Create-1755588291] INFO  c.a.d.p.DruidAbstractDataSource - [setFailContinuous,1804] - {dataSource-1} failContinuous is true
00:47:32.323 [main] INFO  o.a.c.c.StandardService - [log,173] - Stopping service [Tomcat]
00:50:43.051 [background-preinit] INFO  o.h.v.i.util.Version - [<clinit>,21] - HV000001: Hibernate Validator 6.2.2.Final
00:50:44.383 [main] INFO  c.a.n.c.r.client - [lambda$createClient$0,80] - [RpcClientFactory] create a new rpc client of 1c913a24-f948-4e34-91c7-b405e5b1da4b_config-0
00:50:44.447 [main] INFO  o.r.Reflections - [scan,232] - Reflections took 41 ms to scan 1 urls, producing 3 keys and 6 values 
00:50:44.494 [main] INFO  o.r.Reflections - [scan,232] - Reflections took 29 ms to scan 1 urls, producing 4 keys and 9 values 
00:50:44.517 [main] INFO  o.r.Reflections - [scan,232] - Reflections took 20 ms to scan 1 urls, producing 3 keys and 10 values 
00:50:44.915 [main] INFO  o.r.Reflections - [scan,232] - Reflections took 392 ms to scan 244 urls, producing 0 keys and 0 values 
00:50:44.932 [main] INFO  o.r.Reflections - [scan,232] - Reflections took 16 ms to scan 1 urls, producing 1 keys and 5 values 
00:50:44.953 [main] INFO  o.r.Reflections - [scan,232] - Reflections took 19 ms to scan 1 urls, producing 1 keys and 7 values 
00:50:44.974 [main] INFO  o.r.Reflections - [scan,232] - Reflections took 18 ms to scan 1 urls, producing 2 keys and 8 values 
00:50:45.193 [main] INFO  o.r.Reflections - [scan,232] - Reflections took 215 ms to scan 244 urls, producing 0 keys and 0 values 
00:50:45.194 [main] INFO  c.a.n.c.r.client - [printIfInfoEnabled,60] - [1c913a24-f948-4e34-91c7-b405e5b1da4b_config-0] RpcClient init label, labels = {module=config, Vipserver-Tag=null, source=sdk, Amory-Tag=null, Location-Tag=null, taskId=0, AppName=unknown}
00:50:45.195 [main] INFO  c.a.n.c.r.client - [printIfInfoEnabled,60] - [1c913a24-f948-4e34-91c7-b405e5b1da4b_config-0] Register server push request handler:com.alibaba.nacos.client.config.impl.ClientWorker$ConfigRpcTransportClient$$Lambda$333/1453062635
00:50:45.196 [main] INFO  c.a.n.c.r.client - [printIfInfoEnabled,60] - [1c913a24-f948-4e34-91c7-b405e5b1da4b_config-0] Register server push request handler:com.alibaba.nacos.client.config.impl.ClientWorker$ConfigRpcTransportClient$$Lambda$334/1632789609
00:50:45.196 [main] INFO  c.a.n.c.r.client - [printIfInfoEnabled,60] - [1c913a24-f948-4e34-91c7-b405e5b1da4b_config-0] Registry connection listener to current client:com.alibaba.nacos.client.config.impl.ClientWorker$ConfigRpcTransportClient$1
00:50:45.197 [main] INFO  c.a.n.c.r.client - [printIfInfoEnabled,60] - [1c913a24-f948-4e34-91c7-b405e5b1da4b_config-0] RpcClient init, ServerListFactory = com.alibaba.nacos.client.config.impl.ClientWorker$ConfigRpcTransportClient$2
00:50:45.207 [main] INFO  c.a.n.c.r.client - [printIfInfoEnabled,60] - [1c913a24-f948-4e34-91c7-b405e5b1da4b_config-0] Try to connect to server on start up, server: {serverIp = '127.0.0.1', server main port = 8848}
00:50:46.093 [main] INFO  c.a.n.c.r.client - [printIfInfoEnabled,60] - [1c913a24-f948-4e34-91c7-b405e5b1da4b_config-0] Success to connect to server [127.0.0.1:8848] on start up, connectionId = 1647622245790_127.0.0.1_53537
00:50:46.094 [com.alibaba.nacos.client.remote.worker] INFO  c.a.n.c.r.client - [printIfInfoEnabled,60] - [1c913a24-f948-4e34-91c7-b405e5b1da4b_config-0] Notify connected event to listeners.
00:50:46.095 [main] INFO  c.a.n.c.r.client - [printIfInfoEnabled,60] - [1c913a24-f948-4e34-91c7-b405e5b1da4b_config-0] Register server push request handler:com.alibaba.nacos.common.remote.client.RpcClient$ConnectResetRequestHandler
00:50:46.096 [main] INFO  c.a.n.c.r.client - [printIfInfoEnabled,60] - [1c913a24-f948-4e34-91c7-b405e5b1da4b_config-0] Register server push request handler:com.alibaba.nacos.common.remote.client.RpcClient$$Lambda$343/1124317168
00:50:46.222 [main] INFO  c.s.s.SSRTSystemApplication - [logStartupProfileInfo,646] - The following 1 profile is active: "dev"
00:50:51.320 [main] INFO  o.a.c.h.Http11NioProtocol - [log,173] - Initializing ProtocolHandler ["http-nio-9201"]
00:50:51.323 [main] INFO  o.a.c.c.StandardService - [log,173] - Starting service [Tomcat]
00:50:51.323 [main] INFO  o.a.c.c.StandardEngine - [log,173] - Starting Servlet engine: [Apache Tomcat/9.0.58]
00:50:51.485 [main] INFO  o.a.c.c.C.[.[.[/] - [log,173] - Initializing Spring embedded WebApplicationContext
00:50:56.448 [main] INFO  c.a.d.p.DruidDataSource - [init,998] - {dataSource-1,master} inited
00:50:56.459 [main] INFO  o.a.c.c.StandardService - [log,173] - Stopping service [Tomcat]
